{"/Users/oliver/Desktop/MuscleMind/MuscleMind/backend/app.js": {"path":"/Users/oliver/Desktop/MuscleMind/MuscleMind/backend/app.js","statementMap":{"0":{"start":{"line":2,"column":16},"end":{"line":2,"column":34}},"1":{"start":{"line":3,"column":16},"end":{"line":3,"column":42}},"2":{"start":{"line":4,"column":13},"end":{"line":4,"column":28}},"3":{"start":{"line":6,"column":50},"end":{"line":6,"column":95}},"4":{"start":{"line":7,"column":25},"end":{"line":7,"column":70}},"5":{"start":{"line":8,"column":16},"end":{"line":8,"column":59}},"6":{"start":{"line":11,"column":12},"end":{"line":11,"column":21}},"7":{"start":{"line":12,"column":15},"end":{"line":12,"column":31}},"8":{"start":{"line":14,"column":0},"end":{"line":14,"column":24}},"9":{"start":{"line":15,"column":0},"end":{"line":15,"column":26}},"10":{"start":{"line":18,"column":0},"end":{"line":23,"column":3}},"11":{"start":{"line":19,"column":4},"end":{"line":21,"column":5}},"12":{"start":{"line":20,"column":8},"end":{"line":20,"column":68}},"13":{"start":{"line":22,"column":4},"end":{"line":22,"column":11}},"14":{"start":{"line":25,"column":0},"end":{"line":25,"column":61}},"15":{"start":{"line":28,"column":0},"end":{"line":41,"column":2}},"16":{"start":{"line":44,"column":0},"end":{"line":46,"column":3}},"17":{"start":{"line":45,"column":4},"end":{"line":45,"column":75}},"18":{"start":{"line":48,"column":0},"end":{"line":50,"column":3}},"19":{"start":{"line":49,"column":4},"end":{"line":49,"column":75}},"20":{"start":{"line":52,"column":0},"end":{"line":54,"column":3}},"21":{"start":{"line":53,"column":4},"end":{"line":53,"column":85}},"22":{"start":{"line":56,"column":0},"end":{"line":58,"column":3}},"23":{"start":{"line":57,"column":4},"end":{"line":57,"column":84}},"24":{"start":{"line":60,"column":0},"end":{"line":62,"column":3}},"25":{"start":{"line":61,"column":4},"end":{"line":61,"column":82}},"26":{"start":{"line":64,"column":0},"end":{"line":66,"column":3}},"27":{"start":{"line":65,"column":4},"end":{"line":65,"column":83}},"28":{"start":{"line":68,"column":0},"end":{"line":70,"column":3}},"29":{"start":{"line":69,"column":4},"end":{"line":69,"column":75}},"30":{"start":{"line":72,"column":0},"end":{"line":74,"column":3}},"31":{"start":{"line":73,"column":4},"end":{"line":73,"column":77}},"32":{"start":{"line":76,"column":0},"end":{"line":78,"column":3}},"33":{"start":{"line":77,"column":4},"end":{"line":77,"column":77}},"34":{"start":{"line":80,"column":0},"end":{"line":82,"column":3}},"35":{"start":{"line":81,"column":4},"end":{"line":81,"column":77}},"36":{"start":{"line":84,"column":0},"end":{"line":86,"column":3}},"37":{"start":{"line":85,"column":4},"end":{"line":85,"column":78}},"38":{"start":{"line":88,"column":0},"end":{"line":90,"column":3}},"39":{"start":{"line":89,"column":4},"end":{"line":89,"column":78}},"40":{"start":{"line":92,"column":0},"end":{"line":94,"column":3}},"41":{"start":{"line":93,"column":4},"end":{"line":93,"column":75}},"42":{"start":{"line":96,"column":0},"end":{"line":98,"column":3}},"43":{"start":{"line":97,"column":4},"end":{"line":97,"column":77}},"44":{"start":{"line":100,"column":0},"end":{"line":102,"column":3}},"45":{"start":{"line":101,"column":4},"end":{"line":101,"column":75}},"46":{"start":{"line":105,"column":0},"end":{"line":105,"column":21}},"47":{"start":{"line":107,"column":18},"end":{"line":107,"column":41}},"48":{"start":{"line":108,"column":0},"end":{"line":108,"column":27}},"49":{"start":{"line":111,"column":0},"end":{"line":115,"column":3}},"50":{"start":{"line":112,"column":4},"end":{"line":114,"column":7}},"51":{"start":{"line":118,"column":0},"end":{"line":120,"column":3}},"52":{"start":{"line":119,"column":4},"end":{"line":119,"column":67}},"53":{"start":{"line":123,"column":0},"end":{"line":143,"column":3}},"54":{"start":{"line":124,"column":4},"end":{"line":129,"column":5}},"55":{"start":{"line":125,"column":8},"end":{"line":128,"column":11}},"56":{"start":{"line":131,"column":4},"end":{"line":131,"column":31}},"57":{"start":{"line":133,"column":4},"end":{"line":138,"column":5}},"58":{"start":{"line":134,"column":8},"end":{"line":137,"column":11}},"59":{"start":{"line":140,"column":4},"end":{"line":142,"column":61}},"60":{"start":{"line":145,"column":0},"end":{"line":145,"column":21}}},"fnMap":{"0":{"name":"(anonymous_0)","decl":{"start":{"line":18,"column":8},"end":{"line":18,"column":9}},"loc":{"start":{"line":18,"column":28},"end":{"line":23,"column":1}},"line":18},"1":{"name":"(anonymous_1)","decl":{"start":{"line":44,"column":58},"end":{"line":44,"column":59}},"loc":{"start":{"line":44,"column":81},"end":{"line":46,"column":1}},"line":44},"2":{"name":"(anonymous_2)","decl":{"start":{"line":48,"column":57},"end":{"line":48,"column":58}},"loc":{"start":{"line":48,"column":80},"end":{"line":50,"column":1}},"line":48},"3":{"name":"(anonymous_3)","decl":{"start":{"line":52,"column":56},"end":{"line":52,"column":57}},"loc":{"start":{"line":52,"column":79},"end":{"line":54,"column":1}},"line":52},"4":{"name":"(anonymous_4)","decl":{"start":{"line":56,"column":25},"end":{"line":56,"column":26}},"loc":{"start":{"line":56,"column":48},"end":{"line":58,"column":1}},"line":56},"5":{"name":"(anonymous_5)","decl":{"start":{"line":60,"column":56},"end":{"line":60,"column":57}},"loc":{"start":{"line":60,"column":79},"end":{"line":62,"column":1}},"line":60},"6":{"name":"(anonymous_6)","decl":{"start":{"line":64,"column":70},"end":{"line":64,"column":71}},"loc":{"start":{"line":64,"column":93},"end":{"line":66,"column":1}},"line":64},"7":{"name":"(anonymous_7)","decl":{"start":{"line":68,"column":60},"end":{"line":68,"column":61}},"loc":{"start":{"line":68,"column":83},"end":{"line":70,"column":1}},"line":68},"8":{"name":"(anonymous_8)","decl":{"start":{"line":72,"column":64},"end":{"line":72,"column":65}},"loc":{"start":{"line":72,"column":87},"end":{"line":74,"column":1}},"line":72},"9":{"name":"(anonymous_9)","decl":{"start":{"line":76,"column":67},"end":{"line":76,"column":68}},"loc":{"start":{"line":76,"column":90},"end":{"line":78,"column":1}},"line":76},"10":{"name":"(anonymous_10)","decl":{"start":{"line":80,"column":65},"end":{"line":80,"column":66}},"loc":{"start":{"line":80,"column":88},"end":{"line":82,"column":1}},"line":80},"11":{"name":"(anonymous_11)","decl":{"start":{"line":84,"column":67},"end":{"line":84,"column":68}},"loc":{"start":{"line":84,"column":90},"end":{"line":86,"column":1}},"line":84},"12":{"name":"(anonymous_12)","decl":{"start":{"line":88,"column":64},"end":{"line":88,"column":65}},"loc":{"start":{"line":88,"column":87},"end":{"line":90,"column":1}},"line":88},"13":{"name":"(anonymous_13)","decl":{"start":{"line":92,"column":64},"end":{"line":92,"column":65}},"loc":{"start":{"line":92,"column":87},"end":{"line":94,"column":1}},"line":92},"14":{"name":"(anonymous_14)","decl":{"start":{"line":96,"column":67},"end":{"line":96,"column":68}},"loc":{"start":{"line":96,"column":90},"end":{"line":98,"column":1}},"line":96},"15":{"name":"(anonymous_15)","decl":{"start":{"line":100,"column":69},"end":{"line":100,"column":70}},"loc":{"start":{"line":100,"column":92},"end":{"line":102,"column":1}},"line":100},"16":{"name":"(anonymous_16)","decl":{"start":{"line":111,"column":16},"end":{"line":111,"column":17}},"loc":{"start":{"line":111,"column":30},"end":{"line":115,"column":1}},"line":111},"17":{"name":"(anonymous_17)","decl":{"start":{"line":118,"column":8},"end":{"line":118,"column":9}},"loc":{"start":{"line":118,"column":22},"end":{"line":120,"column":1}},"line":118},"18":{"name":"(anonymous_18)","decl":{"start":{"line":123,"column":8},"end":{"line":123,"column":9}},"loc":{"start":{"line":123,"column":33},"end":{"line":143,"column":1}},"line":123}},"branchMap":{"0":{"loc":{"start":{"line":19,"column":4},"end":{"line":21,"column":5}},"type":"if","locations":[{"start":{"line":19,"column":4},"end":{"line":21,"column":5}},{"start":{},"end":{}}],"line":19},"1":{"loc":{"start":{"line":124,"column":4},"end":{"line":129,"column":5}},"type":"if","locations":[{"start":{"line":124,"column":4},"end":{"line":129,"column":5}},{"start":{},"end":{}}],"line":124},"2":{"loc":{"start":{"line":133,"column":4},"end":{"line":138,"column":5}},"type":"if","locations":[{"start":{"line":133,"column":4},"end":{"line":138,"column":5}},{"start":{},"end":{}}],"line":133},"3":{"loc":{"start":{"line":134,"column":26},"end":{"line":134,"column":43}},"type":"binary-expr","locations":[{"start":{"line":134,"column":26},"end":{"line":134,"column":36}},{"start":{"line":134,"column":40},"end":{"line":134,"column":43}}],"line":134},"4":{"loc":{"start":{"line":135,"column":21},"end":{"line":135,"column":64}},"type":"binary-expr","locations":[{"start":{"line":135,"column":21},"end":{"line":135,"column":32}},{"start":{"line":135,"column":36},"end":{"line":135,"column":64}}],"line":135},"5":{"loc":{"start":{"line":136,"column":20},"end":{"line":136,"column":37}},"type":"binary-expr","locations":[{"start":{"line":136,"column":20},"end":{"line":136,"column":30}},{"start":{"line":136,"column":34},"end":{"line":136,"column":37}}],"line":136},"6":{"loc":{"start":{"line":141,"column":16},"end":{"line":141,"column":33}},"type":"binary-expr","locations":[{"start":{"line":141,"column":16},"end":{"line":141,"column":26}},{"start":{"line":141,"column":30},"end":{"line":141,"column":33}}],"line":141}},"s":{"0":1,"1":1,"2":1,"3":1,"4":1,"5":1,"6":1,"7":1,"8":1,"9":1,"10":1,"11":2,"12":0,"13":2,"14":1,"15":1,"16":1,"17":0,"18":1,"19":0,"20":1,"21":0,"22":1,"23":0,"24":1,"25":0,"26":1,"27":0,"28":1,"29":0,"30":1,"31":0,"32":1,"33":0,"34":1,"35":0,"36":1,"37":0,"38":1,"39":0,"40":1,"41":0,"42":1,"43":0,"44":1,"45":0,"46":1,"47":1,"48":1,"49":1,"50":1,"51":1,"52":1,"53":1,"54":0,"55":0,"56":0,"57":0,"58":0,"59":0,"60":1},"f":{"0":2,"1":0,"2":0,"3":0,"4":0,"5":0,"6":0,"7":0,"8":0,"9":0,"10":0,"11":0,"12":0,"13":0,"14":0,"15":0,"16":1,"17":1,"18":0},"b":{"0":[0,2],"1":[0,0],"2":[0,0],"3":[0,0],"4":[0,0],"5":[0,0],"6":[0,0]},"_coverageSchema":"1a1c01bbd47fc00a2c39e90264f33305004495a9","hash":"182115e800414a13a479a29a57c8168c9d081793"}
,"/Users/oliver/Desktop/MuscleMind/MuscleMind/backend/api/admin.routes.js": {"path":"/Users/oliver/Desktop/MuscleMind/MuscleMind/backend/api/admin.routes.js","statementMap":{"0":{"start":{"line":1,"column":16},"end":{"line":1,"column":34}},"1":{"start":{"line":2,"column":15},"end":{"line":2,"column":31}},"2":{"start":{"line":3,"column":11},"end":{"line":3,"column":40}},"3":{"start":{"line":4,"column":11},"end":{"line":4,"column":33}},"4":{"start":{"line":5,"column":18},"end":{"line":5,"column":39}},"5":{"start":{"line":6,"column":16},"end":{"line":6,"column":60}},"6":{"start":{"line":7,"column":16},"end":{"line":7,"column":60}},"7":{"start":{"line":8,"column":19},"end":{"line":8,"column":65}},"8":{"start":{"line":9,"column":23},"end":{"line":9,"column":69}},"9":{"start":{"line":10,"column":15},"end":{"line":10,"column":32}},"10":{"start":{"line":11,"column":15},"end":{"line":11,"column":23}},"11":{"start":{"line":14,"column":0},"end":{"line":39,"column":3}},"12":{"start":{"line":15,"column":4},"end":{"line":38,"column":5}},"13":{"start":{"line":16,"column":24},"end":{"line":23,"column":9}},"14":{"start":{"line":24,"column":8},"end":{"line":26,"column":10}},"15":{"start":{"line":28,"column":8},"end":{"line":28,"column":36}},"16":{"start":{"line":29,"column":19},"end":{"line":29,"column":49}},"17":{"start":{"line":30,"column":8},"end":{"line":34,"column":9}},"18":{"start":{"line":31,"column":12},"end":{"line":31,"column":74}},"19":{"start":{"line":33,"column":12},"end":{"line":33,"column":52}},"20":{"start":{"line":35,"column":8},"end":{"line":37,"column":11}},"21":{"start":{"line":42,"column":0},"end":{"line":60,"column":3}},"22":{"start":{"line":43,"column":4},"end":{"line":59,"column":5}},"23":{"start":{"line":44,"column":24},"end":{"line":44,"column":45}},"24":{"start":{"line":45,"column":8},"end":{"line":47,"column":11}},"25":{"start":{"line":49,"column":8},"end":{"line":49,"column":36}},"26":{"start":{"line":50,"column":19},"end":{"line":50,"column":49}},"27":{"start":{"line":51,"column":8},"end":{"line":55,"column":9}},"28":{"start":{"line":52,"column":12},"end":{"line":52,"column":74}},"29":{"start":{"line":54,"column":12},"end":{"line":54,"column":52}},"30":{"start":{"line":56,"column":8},"end":{"line":58,"column":11}},"31":{"start":{"line":61,"column":0},"end":{"line":90,"column":3}},"32":{"start":{"line":62,"column":4},"end":{"line":89,"column":5}},"33":{"start":{"line":63,"column":25},"end":{"line":63,"column":42}},"34":{"start":{"line":64,"column":22},"end":{"line":64,"column":57}},"35":{"start":{"line":65,"column":8},"end":{"line":69,"column":9}},"36":{"start":{"line":66,"column":12},"end":{"line":68,"column":15}},"37":{"start":{"line":70,"column":27},"end":{"line":70,"column":56}},"38":{"start":{"line":71,"column":19},"end":{"line":71,"column":42}},"39":{"start":{"line":72,"column":19},"end":{"line":72,"column":49}},"40":{"start":{"line":73,"column":8},"end":{"line":73,"column":106}},"41":{"start":{"line":74,"column":8},"end":{"line":77,"column":11}},"42":{"start":{"line":79,"column":8},"end":{"line":79,"column":36}},"43":{"start":{"line":80,"column":19},"end":{"line":80,"column":49}},"44":{"start":{"line":81,"column":8},"end":{"line":85,"column":9}},"45":{"start":{"line":82,"column":12},"end":{"line":82,"column":74}},"46":{"start":{"line":84,"column":12},"end":{"line":84,"column":52}},"47":{"start":{"line":86,"column":8},"end":{"line":88,"column":11}},"48":{"start":{"line":91,"column":0},"end":{"line":113,"column":3}},"49":{"start":{"line":92,"column":4},"end":{"line":112,"column":5}},"50":{"start":{"line":93,"column":28},"end":{"line":93,"column":50}},"51":{"start":{"line":94,"column":19},"end":{"line":94,"column":42}},"52":{"start":{"line":95,"column":19},"end":{"line":95,"column":49}},"53":{"start":{"line":96,"column":8},"end":{"line":96,"column":118}},"54":{"start":{"line":97,"column":8},"end":{"line":100,"column":11}},"55":{"start":{"line":102,"column":8},"end":{"line":102,"column":36}},"56":{"start":{"line":103,"column":19},"end":{"line":103,"column":49}},"57":{"start":{"line":104,"column":8},"end":{"line":108,"column":9}},"58":{"start":{"line":105,"column":12},"end":{"line":105,"column":74}},"59":{"start":{"line":107,"column":12},"end":{"line":107,"column":52}},"60":{"start":{"line":109,"column":8},"end":{"line":111,"column":11}},"61":{"start":{"line":114,"column":0},"end":{"line":151,"column":3}},"62":{"start":{"line":115,"column":4},"end":{"line":150,"column":5}},"63":{"start":{"line":116,"column":25},"end":{"line":116,"column":42}},"64":{"start":{"line":117,"column":22},"end":{"line":117,"column":57}},"65":{"start":{"line":118,"column":8},"end":{"line":122,"column":9}},"66":{"start":{"line":119,"column":12},"end":{"line":121,"column":15}},"67":{"start":{"line":123,"column":26},"end":{"line":123,"column":66}},"68":{"start":{"line":125,"column":19},"end":{"line":125,"column":42}},"69":{"start":{"line":126,"column":19},"end":{"line":126,"column":49}},"70":{"start":{"line":127,"column":8},"end":{"line":133,"column":9}},"71":{"start":{"line":128,"column":12},"end":{"line":128,"column":76}},"72":{"start":{"line":129,"column":12},"end":{"line":129,"column":121}},"73":{"start":{"line":131,"column":12},"end":{"line":131,"column":67}},"74":{"start":{"line":132,"column":12},"end":{"line":132,"column":112}},"75":{"start":{"line":135,"column":8},"end":{"line":138,"column":11}},"76":{"start":{"line":140,"column":8},"end":{"line":140,"column":36}},"77":{"start":{"line":141,"column":19},"end":{"line":141,"column":49}},"78":{"start":{"line":142,"column":8},"end":{"line":146,"column":9}},"79":{"start":{"line":143,"column":12},"end":{"line":143,"column":74}},"80":{"start":{"line":145,"column":12},"end":{"line":145,"column":52}},"81":{"start":{"line":147,"column":8},"end":{"line":149,"column":11}},"82":{"start":{"line":152,"column":0},"end":{"line":187,"column":3}},"83":{"start":{"line":153,"column":4},"end":{"line":186,"column":5}},"84":{"start":{"line":154,"column":25},"end":{"line":154,"column":42}},"85":{"start":{"line":155,"column":22},"end":{"line":155,"column":57}},"86":{"start":{"line":156,"column":8},"end":{"line":160,"column":9}},"87":{"start":{"line":157,"column":12},"end":{"line":159,"column":15}},"88":{"start":{"line":161,"column":30},"end":{"line":161,"column":42}},"89":{"start":{"line":162,"column":8},"end":{"line":166,"column":9}},"90":{"start":{"line":163,"column":12},"end":{"line":165,"column":15}},"91":{"start":{"line":167,"column":24},"end":{"line":167,"column":47}},"92":{"start":{"line":168,"column":26},"end":{"line":168,"column":79}},"93":{"start":{"line":169,"column":19},"end":{"line":169,"column":49}},"94":{"start":{"line":170,"column":8},"end":{"line":170,"column":114}},"95":{"start":{"line":171,"column":8},"end":{"line":174,"column":11}},"96":{"start":{"line":176,"column":8},"end":{"line":176,"column":36}},"97":{"start":{"line":177,"column":19},"end":{"line":177,"column":49}},"98":{"start":{"line":178,"column":8},"end":{"line":182,"column":9}},"99":{"start":{"line":179,"column":12},"end":{"line":179,"column":74}},"100":{"start":{"line":181,"column":12},"end":{"line":181,"column":52}},"101":{"start":{"line":183,"column":8},"end":{"line":185,"column":11}},"102":{"start":{"line":190,"column":0},"end":{"line":208,"column":3}},"103":{"start":{"line":191,"column":4},"end":{"line":207,"column":5}},"104":{"start":{"line":192,"column":22},"end":{"line":192,"column":49}},"105":{"start":{"line":193,"column":8},"end":{"line":195,"column":11}},"106":{"start":{"line":197,"column":8},"end":{"line":197,"column":36}},"107":{"start":{"line":198,"column":19},"end":{"line":198,"column":49}},"108":{"start":{"line":199,"column":8},"end":{"line":203,"column":9}},"109":{"start":{"line":200,"column":12},"end":{"line":200,"column":74}},"110":{"start":{"line":202,"column":12},"end":{"line":202,"column":52}},"111":{"start":{"line":204,"column":8},"end":{"line":206,"column":11}},"112":{"start":{"line":209,"column":0},"end":{"line":228,"column":3}},"113":{"start":{"line":210,"column":4},"end":{"line":227,"column":5}},"114":{"start":{"line":211,"column":19},"end":{"line":211,"column":36}},"115":{"start":{"line":212,"column":21},"end":{"line":212,"column":45}},"116":{"start":{"line":213,"column":8},"end":{"line":215,"column":11}},"117":{"start":{"line":217,"column":8},"end":{"line":217,"column":36}},"118":{"start":{"line":218,"column":19},"end":{"line":218,"column":49}},"119":{"start":{"line":219,"column":8},"end":{"line":223,"column":9}},"120":{"start":{"line":220,"column":12},"end":{"line":220,"column":74}},"121":{"start":{"line":222,"column":12},"end":{"line":222,"column":52}},"122":{"start":{"line":224,"column":8},"end":{"line":226,"column":11}},"123":{"start":{"line":229,"column":0},"end":{"line":275,"column":3}},"124":{"start":{"line":230,"column":4},"end":{"line":274,"column":5}},"125":{"start":{"line":231,"column":19},"end":{"line":231,"column":36}},"126":{"start":{"line":232,"column":24},"end":{"line":232,"column":47}},"127":{"start":{"line":233,"column":28},"end":{"line":233,"column":65}},"128":{"start":{"line":234,"column":8},"end":{"line":238,"column":9}},"129":{"start":{"line":235,"column":12},"end":{"line":237,"column":15}},"130":{"start":{"line":239,"column":8},"end":{"line":243,"column":9}},"131":{"start":{"line":240,"column":12},"end":{"line":242,"column":15}},"132":{"start":{"line":244,"column":22},"end":{"line":244,"column":44}},"133":{"start":{"line":245,"column":19},"end":{"line":245,"column":49}},"134":{"start":{"line":246,"column":8},"end":{"line":262,"column":9}},"135":{"start":{"line":247,"column":12},"end":{"line":249,"column":14}},"136":{"start":{"line":250,"column":12},"end":{"line":253,"column":15}},"137":{"start":{"line":254,"column":14},"end":{"line":262,"column":9}},"138":{"start":{"line":255,"column":12},"end":{"line":257,"column":14}},"139":{"start":{"line":258,"column":12},"end":{"line":261,"column":15}},"140":{"start":{"line":264,"column":8},"end":{"line":264,"column":36}},"141":{"start":{"line":265,"column":19},"end":{"line":265,"column":49}},"142":{"start":{"line":266,"column":8},"end":{"line":270,"column":9}},"143":{"start":{"line":267,"column":12},"end":{"line":267,"column":74}},"144":{"start":{"line":269,"column":12},"end":{"line":269,"column":52}},"145":{"start":{"line":271,"column":8},"end":{"line":273,"column":11}},"146":{"start":{"line":276,"column":0},"end":{"line":328,"column":3}},"147":{"start":{"line":277,"column":4},"end":{"line":327,"column":5}},"148":{"start":{"line":278,"column":19},"end":{"line":278,"column":36}},"149":{"start":{"line":279,"column":24},"end":{"line":279,"column":47}},"150":{"start":{"line":280,"column":25},"end":{"line":280,"column":37}},"151":{"start":{"line":281,"column":8},"end":{"line":285,"column":9}},"152":{"start":{"line":282,"column":12},"end":{"line":284,"column":15}},"153":{"start":{"line":286,"column":8},"end":{"line":290,"column":9}},"154":{"start":{"line":287,"column":12},"end":{"line":289,"column":15}},"155":{"start":{"line":291,"column":22},"end":{"line":291,"column":44}},"156":{"start":{"line":292,"column":19},"end":{"line":292,"column":49}},"157":{"start":{"line":293,"column":8},"end":{"line":315,"column":9}},"158":{"start":{"line":294,"column":12},"end":{"line":299,"column":14}},"159":{"start":{"line":300,"column":12},"end":{"line":303,"column":15}},"160":{"start":{"line":304,"column":14},"end":{"line":315,"column":9}},"161":{"start":{"line":305,"column":12},"end":{"line":310,"column":14}},"162":{"start":{"line":311,"column":12},"end":{"line":314,"column":15}},"163":{"start":{"line":317,"column":8},"end":{"line":317,"column":36}},"164":{"start":{"line":318,"column":19},"end":{"line":318,"column":49}},"165":{"start":{"line":319,"column":8},"end":{"line":323,"column":9}},"166":{"start":{"line":320,"column":12},"end":{"line":320,"column":74}},"167":{"start":{"line":322,"column":12},"end":{"line":322,"column":52}},"168":{"start":{"line":324,"column":8},"end":{"line":326,"column":11}},"169":{"start":{"line":329,"column":0},"end":{"line":375,"column":3}},"170":{"start":{"line":330,"column":4},"end":{"line":374,"column":5}},"171":{"start":{"line":331,"column":19},"end":{"line":331,"column":36}},"172":{"start":{"line":332,"column":28},"end":{"line":332,"column":40}},"173":{"start":{"line":333,"column":29},"end":{"line":333,"column":132}},"174":{"start":{"line":334,"column":8},"end":{"line":338,"column":9}},"175":{"start":{"line":335,"column":12},"end":{"line":337,"column":15}},"176":{"start":{"line":339,"column":8},"end":{"line":343,"column":9}},"177":{"start":{"line":340,"column":12},"end":{"line":342,"column":15}},"178":{"start":{"line":344,"column":27},"end":{"line":344,"column":58}},"179":{"start":{"line":345,"column":8},"end":{"line":349,"column":9}},"180":{"start":{"line":346,"column":12},"end":{"line":348,"column":15}},"181":{"start":{"line":350,"column":22},"end":{"line":350,"column":61}},"182":{"start":{"line":351,"column":24},"end":{"line":351,"column":47}},"183":{"start":{"line":352,"column":19},"end":{"line":352,"column":49}},"184":{"start":{"line":353,"column":8},"end":{"line":358,"column":10}},"185":{"start":{"line":359,"column":8},"end":{"line":362,"column":11}},"186":{"start":{"line":364,"column":8},"end":{"line":364,"column":36}},"187":{"start":{"line":365,"column":19},"end":{"line":365,"column":49}},"188":{"start":{"line":366,"column":8},"end":{"line":370,"column":9}},"189":{"start":{"line":367,"column":12},"end":{"line":367,"column":74}},"190":{"start":{"line":369,"column":12},"end":{"line":369,"column":52}},"191":{"start":{"line":371,"column":8},"end":{"line":373,"column":11}},"192":{"start":{"line":376,"column":0},"end":{"line":422,"column":3}},"193":{"start":{"line":377,"column":4},"end":{"line":421,"column":5}},"194":{"start":{"line":378,"column":19},"end":{"line":378,"column":36}},"195":{"start":{"line":379,"column":31},"end":{"line":379,"column":43}},"196":{"start":{"line":380,"column":28},"end":{"line":380,"column":46}},"197":{"start":{"line":381,"column":8},"end":{"line":385,"column":9}},"198":{"start":{"line":382,"column":12},"end":{"line":384,"column":15}},"199":{"start":{"line":386,"column":8},"end":{"line":390,"column":9}},"200":{"start":{"line":387,"column":12},"end":{"line":389,"column":15}},"201":{"start":{"line":391,"column":30},"end":{"line":391,"column":67}},"202":{"start":{"line":392,"column":8},"end":{"line":396,"column":9}},"203":{"start":{"line":393,"column":12},"end":{"line":395,"column":15}},"204":{"start":{"line":397,"column":25},"end":{"line":397,"column":70}},"205":{"start":{"line":398,"column":24},"end":{"line":398,"column":47}},"206":{"start":{"line":399,"column":19},"end":{"line":399,"column":49}},"207":{"start":{"line":400,"column":8},"end":{"line":405,"column":10}},"208":{"start":{"line":406,"column":8},"end":{"line":409,"column":11}},"209":{"start":{"line":411,"column":8},"end":{"line":411,"column":36}},"210":{"start":{"line":412,"column":19},"end":{"line":412,"column":49}},"211":{"start":{"line":413,"column":8},"end":{"line":417,"column":9}},"212":{"start":{"line":414,"column":12},"end":{"line":414,"column":74}},"213":{"start":{"line":416,"column":12},"end":{"line":416,"column":52}},"214":{"start":{"line":418,"column":8},"end":{"line":420,"column":11}},"215":{"start":{"line":423,"column":0},"end":{"line":457,"column":3}},"216":{"start":{"line":424,"column":4},"end":{"line":456,"column":5}},"217":{"start":{"line":425,"column":19},"end":{"line":425,"column":36}},"218":{"start":{"line":426,"column":24},"end":{"line":426,"column":47}},"219":{"start":{"line":427,"column":8},"end":{"line":431,"column":9}},"220":{"start":{"line":428,"column":12},"end":{"line":430,"column":15}},"221":{"start":{"line":432,"column":27},"end":{"line":432,"column":50}},"222":{"start":{"line":433,"column":19},"end":{"line":433,"column":49}},"223":{"start":{"line":434,"column":8},"end":{"line":439,"column":10}},"224":{"start":{"line":441,"column":8},"end":{"line":444,"column":11}},"225":{"start":{"line":446,"column":8},"end":{"line":446,"column":36}},"226":{"start":{"line":447,"column":19},"end":{"line":447,"column":49}},"227":{"start":{"line":448,"column":8},"end":{"line":452,"column":9}},"228":{"start":{"line":449,"column":12},"end":{"line":449,"column":74}},"229":{"start":{"line":451,"column":12},"end":{"line":451,"column":52}},"230":{"start":{"line":453,"column":8},"end":{"line":455,"column":11}},"231":{"start":{"line":459,"column":0},"end":{"line":489,"column":3}},"232":{"start":{"line":460,"column":4},"end":{"line":488,"column":5}},"233":{"start":{"line":461,"column":24},"end":{"line":461,"column":47}},"234":{"start":{"line":462,"column":21},"end":{"line":462,"column":33}},"235":{"start":{"line":463,"column":23},"end":{"line":463,"column":56}},"236":{"start":{"line":464,"column":8},"end":{"line":466,"column":9}},"237":{"start":{"line":465,"column":12},"end":{"line":465,"column":57}},"238":{"start":{"line":467,"column":19},"end":{"line":467,"column":49}},"239":{"start":{"line":468,"column":8},"end":{"line":473,"column":10}},"240":{"start":{"line":474,"column":8},"end":{"line":476,"column":11}},"241":{"start":{"line":478,"column":8},"end":{"line":478,"column":36}},"242":{"start":{"line":479,"column":19},"end":{"line":479,"column":49}},"243":{"start":{"line":480,"column":8},"end":{"line":484,"column":9}},"244":{"start":{"line":481,"column":12},"end":{"line":481,"column":74}},"245":{"start":{"line":483,"column":12},"end":{"line":483,"column":52}},"246":{"start":{"line":485,"column":8},"end":{"line":487,"column":11}},"247":{"start":{"line":490,"column":0},"end":{"line":508,"column":3}},"248":{"start":{"line":491,"column":4},"end":{"line":507,"column":5}},"249":{"start":{"line":492,"column":22},"end":{"line":492,"column":41}},"250":{"start":{"line":493,"column":8},"end":{"line":495,"column":11}},"251":{"start":{"line":497,"column":8},"end":{"line":497,"column":36}},"252":{"start":{"line":498,"column":19},"end":{"line":498,"column":49}},"253":{"start":{"line":499,"column":8},"end":{"line":503,"column":9}},"254":{"start":{"line":500,"column":12},"end":{"line":500,"column":74}},"255":{"start":{"line":502,"column":12},"end":{"line":502,"column":52}},"256":{"start":{"line":504,"column":8},"end":{"line":506,"column":11}},"257":{"start":{"line":509,"column":0},"end":{"line":559,"column":3}},"258":{"start":{"line":510,"column":4},"end":{"line":558,"column":5}},"259":{"start":{"line":511,"column":19},"end":{"line":511,"column":36}},"260":{"start":{"line":512,"column":24},"end":{"line":512,"column":47}},"261":{"start":{"line":513,"column":30},"end":{"line":513,"column":42}},"262":{"start":{"line":515,"column":8},"end":{"line":519,"column":9}},"263":{"start":{"line":516,"column":12},"end":{"line":518,"column":15}},"264":{"start":{"line":521,"column":25},"end":{"line":521,"column":50}},"265":{"start":{"line":522,"column":19},"end":{"line":522,"column":49}},"266":{"start":{"line":524,"column":8},"end":{"line":546,"column":9}},"267":{"start":{"line":525,"column":12},"end":{"line":530,"column":14}},"268":{"start":{"line":531,"column":12},"end":{"line":534,"column":15}},"269":{"start":{"line":535,"column":14},"end":{"line":546,"column":9}},"270":{"start":{"line":536,"column":12},"end":{"line":541,"column":14}},"271":{"start":{"line":542,"column":12},"end":{"line":545,"column":15}},"272":{"start":{"line":548,"column":8},"end":{"line":548,"column":36}},"273":{"start":{"line":549,"column":19},"end":{"line":549,"column":49}},"274":{"start":{"line":550,"column":8},"end":{"line":554,"column":9}},"275":{"start":{"line":551,"column":12},"end":{"line":551,"column":74}},"276":{"start":{"line":553,"column":12},"end":{"line":553,"column":52}},"277":{"start":{"line":555,"column":8},"end":{"line":557,"column":11}},"278":{"start":{"line":560,"column":0},"end":{"line":591,"column":3}},"279":{"start":{"line":561,"column":4},"end":{"line":590,"column":5}},"280":{"start":{"line":562,"column":19},"end":{"line":562,"column":36}},"281":{"start":{"line":563,"column":24},"end":{"line":563,"column":47}},"282":{"start":{"line":565,"column":28},"end":{"line":565,"column":51}},"283":{"start":{"line":566,"column":19},"end":{"line":566,"column":49}},"284":{"start":{"line":568,"column":8},"end":{"line":573,"column":10}},"285":{"start":{"line":575,"column":8},"end":{"line":578,"column":11}},"286":{"start":{"line":580,"column":8},"end":{"line":580,"column":36}},"287":{"start":{"line":581,"column":19},"end":{"line":581,"column":49}},"288":{"start":{"line":582,"column":8},"end":{"line":586,"column":9}},"289":{"start":{"line":583,"column":12},"end":{"line":583,"column":74}},"290":{"start":{"line":585,"column":12},"end":{"line":585,"column":52}},"291":{"start":{"line":587,"column":8},"end":{"line":589,"column":11}},"292":{"start":{"line":593,"column":0},"end":{"line":613,"column":3}},"293":{"start":{"line":594,"column":4},"end":{"line":612,"column":5}},"294":{"start":{"line":595,"column":28},"end":{"line":595,"column":57}},"295":{"start":{"line":596,"column":29},"end":{"line":596,"column":56}},"296":{"start":{"line":597,"column":8},"end":{"line":600,"column":11}},"297":{"start":{"line":602,"column":8},"end":{"line":602,"column":36}},"298":{"start":{"line":603,"column":19},"end":{"line":603,"column":49}},"299":{"start":{"line":604,"column":8},"end":{"line":608,"column":9}},"300":{"start":{"line":605,"column":12},"end":{"line":605,"column":74}},"301":{"start":{"line":607,"column":12},"end":{"line":607,"column":52}},"302":{"start":{"line":609,"column":8},"end":{"line":611,"column":11}},"303":{"start":{"line":614,"column":0},"end":{"line":645,"column":3}},"304":{"start":{"line":615,"column":4},"end":{"line":644,"column":5}},"305":{"start":{"line":616,"column":24},"end":{"line":616,"column":47}},"306":{"start":{"line":617,"column":24},"end":{"line":617,"column":36}},"307":{"start":{"line":619,"column":23},"end":{"line":619,"column":63}},"308":{"start":{"line":621,"column":19},"end":{"line":621,"column":49}},"309":{"start":{"line":623,"column":8},"end":{"line":628,"column":10}},"310":{"start":{"line":630,"column":8},"end":{"line":632,"column":11}},"311":{"start":{"line":634,"column":8},"end":{"line":634,"column":36}},"312":{"start":{"line":635,"column":19},"end":{"line":635,"column":49}},"313":{"start":{"line":636,"column":8},"end":{"line":640,"column":9}},"314":{"start":{"line":637,"column":12},"end":{"line":637,"column":74}},"315":{"start":{"line":639,"column":12},"end":{"line":639,"column":52}},"316":{"start":{"line":641,"column":8},"end":{"line":643,"column":11}},"317":{"start":{"line":646,"column":0},"end":{"line":678,"column":3}},"318":{"start":{"line":647,"column":4},"end":{"line":677,"column":5}},"319":{"start":{"line":648,"column":24},"end":{"line":648,"column":47}},"320":{"start":{"line":649,"column":23},"end":{"line":649,"column":40}},"321":{"start":{"line":650,"column":24},"end":{"line":650,"column":36}},"322":{"start":{"line":652,"column":29},"end":{"line":652,"column":77}},"323":{"start":{"line":654,"column":19},"end":{"line":654,"column":49}},"324":{"start":{"line":656,"column":8},"end":{"line":661,"column":10}},"325":{"start":{"line":663,"column":8},"end":{"line":665,"column":11}},"326":{"start":{"line":667,"column":8},"end":{"line":667,"column":36}},"327":{"start":{"line":668,"column":19},"end":{"line":668,"column":49}},"328":{"start":{"line":669,"column":8},"end":{"line":673,"column":9}},"329":{"start":{"line":670,"column":12},"end":{"line":670,"column":74}},"330":{"start":{"line":672,"column":12},"end":{"line":672,"column":52}},"331":{"start":{"line":674,"column":8},"end":{"line":676,"column":11}},"332":{"start":{"line":679,"column":0},"end":{"line":716,"column":3}},"333":{"start":{"line":680,"column":4},"end":{"line":715,"column":5}},"334":{"start":{"line":681,"column":24},"end":{"line":681,"column":47}},"335":{"start":{"line":682,"column":23},"end":{"line":682,"column":40}},"336":{"start":{"line":684,"column":28},"end":{"line":684,"column":60}},"337":{"start":{"line":686,"column":8},"end":{"line":690,"column":9}},"338":{"start":{"line":687,"column":12},"end":{"line":689,"column":15}},"339":{"start":{"line":692,"column":19},"end":{"line":692,"column":49}},"340":{"start":{"line":694,"column":8},"end":{"line":699,"column":10}},"341":{"start":{"line":701,"column":8},"end":{"line":703,"column":11}},"342":{"start":{"line":705,"column":8},"end":{"line":705,"column":36}},"343":{"start":{"line":706,"column":19},"end":{"line":706,"column":49}},"344":{"start":{"line":707,"column":8},"end":{"line":711,"column":9}},"345":{"start":{"line":708,"column":12},"end":{"line":708,"column":74}},"346":{"start":{"line":710,"column":12},"end":{"line":710,"column":52}},"347":{"start":{"line":712,"column":8},"end":{"line":714,"column":11}},"348":{"start":{"line":718,"column":0},"end":{"line":718,"column":24}}},"fnMap":{"0":{"name":"(anonymous_0)","decl":{"start":{"line":14,"column":63},"end":{"line":14,"column":64}},"loc":{"start":{"line":14,"column":88},"end":{"line":39,"column":1}},"line":14},"1":{"name":"(anonymous_1)","decl":{"start":{"line":42,"column":65},"end":{"line":42,"column":66}},"loc":{"start":{"line":42,"column":92},"end":{"line":60,"column":1}},"line":42},"2":{"name":"(anonymous_2)","decl":{"start":{"line":61,"column":71},"end":{"line":61,"column":72}},"loc":{"start":{"line":61,"column":98},"end":{"line":90,"column":1}},"line":61},"3":{"name":"(anonymous_3)","decl":{"start":{"line":91,"column":72},"end":{"line":91,"column":73}},"loc":{"start":{"line":91,"column":99},"end":{"line":113,"column":1}},"line":91},"4":{"name":"(anonymous_4)","decl":{"start":{"line":114,"column":72},"end":{"line":114,"column":73}},"loc":{"start":{"line":114,"column":99},"end":{"line":151,"column":1}},"line":114},"5":{"name":"(anonymous_5)","decl":{"start":{"line":152,"column":73},"end":{"line":152,"column":74}},"loc":{"start":{"line":152,"column":100},"end":{"line":187,"column":1}},"line":152},"6":{"name":"(anonymous_6)","decl":{"start":{"line":190,"column":63},"end":{"line":190,"column":64}},"loc":{"start":{"line":190,"column":88},"end":{"line":208,"column":1}},"line":190},"7":{"name":"(anonymous_7)","decl":{"start":{"line":209,"column":62},"end":{"line":209,"column":63}},"loc":{"start":{"line":209,"column":87},"end":{"line":228,"column":1}},"line":209},"8":{"name":"(anonymous_8)","decl":{"start":{"line":229,"column":77},"end":{"line":229,"column":78}},"loc":{"start":{"line":229,"column":102},"end":{"line":275,"column":1}},"line":229},"9":{"name":"(anonymous_9)","decl":{"start":{"line":276,"column":77},"end":{"line":276,"column":78}},"loc":{"start":{"line":276,"column":102},"end":{"line":328,"column":1}},"line":276},"10":{"name":"(anonymous_10)","decl":{"start":{"line":329,"column":70},"end":{"line":329,"column":71}},"loc":{"start":{"line":329,"column":95},"end":{"line":375,"column":1}},"line":329},"11":{"name":"(anonymous_11)","decl":{"start":{"line":376,"column":73},"end":{"line":376,"column":74}},"loc":{"start":{"line":376,"column":98},"end":{"line":422,"column":1}},"line":376},"12":{"name":"(anonymous_12)","decl":{"start":{"line":423,"column":72},"end":{"line":423,"column":73}},"loc":{"start":{"line":423,"column":97},"end":{"line":457,"column":1}},"line":423},"13":{"name":"(anonymous_13)","decl":{"start":{"line":459,"column":101},"end":{"line":459,"column":102}},"loc":{"start":{"line":459,"column":128},"end":{"line":489,"column":1}},"line":459},"14":{"name":"(anonymous_14)","decl":{"start":{"line":490,"column":63},"end":{"line":490,"column":64}},"loc":{"start":{"line":490,"column":90},"end":{"line":508,"column":1}},"line":490},"15":{"name":"(anonymous_15)","decl":{"start":{"line":509,"column":81},"end":{"line":509,"column":82}},"loc":{"start":{"line":509,"column":106},"end":{"line":559,"column":1}},"line":509},"16":{"name":"(anonymous_16)","decl":{"start":{"line":560,"column":78},"end":{"line":560,"column":79}},"loc":{"start":{"line":560,"column":103},"end":{"line":591,"column":1}},"line":560},"17":{"name":"(anonymous_17)","decl":{"start":{"line":593,"column":66},"end":{"line":593,"column":67}},"loc":{"start":{"line":593,"column":93},"end":{"line":613,"column":1}},"line":593},"18":{"name":"(anonymous_18)","decl":{"start":{"line":614,"column":108},"end":{"line":614,"column":109}},"loc":{"start":{"line":614,"column":134},"end":{"line":645,"column":1}},"line":614},"19":{"name":"(anonymous_19)","decl":{"start":{"line":646,"column":111},"end":{"line":646,"column":112}},"loc":{"start":{"line":646,"column":137},"end":{"line":678,"column":1}},"line":646},"20":{"name":"(anonymous_20)","decl":{"start":{"line":679,"column":75},"end":{"line":679,"column":76}},"loc":{"start":{"line":679,"column":102},"end":{"line":716,"column":1}},"line":679}},"branchMap":{"0":{"loc":{"start":{"line":65,"column":8},"end":{"line":69,"column":9}},"type":"if","locations":[{"start":{"line":65,"column":8},"end":{"line":69,"column":9}},{"start":{},"end":{}}],"line":65},"1":{"loc":{"start":{"line":118,"column":8},"end":{"line":122,"column":9}},"type":"if","locations":[{"start":{"line":118,"column":8},"end":{"line":122,"column":9}},{"start":{},"end":{}}],"line":118},"2":{"loc":{"start":{"line":127,"column":8},"end":{"line":133,"column":9}},"type":"if","locations":[{"start":{"line":127,"column":8},"end":{"line":133,"column":9}},{"start":{"line":130,"column":13},"end":{"line":133,"column":9}}],"line":127},"3":{"loc":{"start":{"line":156,"column":8},"end":{"line":160,"column":9}},"type":"if","locations":[{"start":{"line":156,"column":8},"end":{"line":160,"column":9}},{"start":{},"end":{}}],"line":156},"4":{"loc":{"start":{"line":162,"column":8},"end":{"line":166,"column":9}},"type":"if","locations":[{"start":{"line":162,"column":8},"end":{"line":166,"column":9}},{"start":{},"end":{}}],"line":162},"5":{"loc":{"start":{"line":162,"column":12},"end":{"line":162,"column":53}},"type":"binary-expr","locations":[{"start":{"line":162,"column":12},"end":{"line":162,"column":24}},{"start":{"line":162,"column":28},"end":{"line":162,"column":53}}],"line":162},"6":{"loc":{"start":{"line":234,"column":8},"end":{"line":238,"column":9}},"type":"if","locations":[{"start":{"line":234,"column":8},"end":{"line":238,"column":9}},{"start":{},"end":{}}],"line":234},"7":{"loc":{"start":{"line":234,"column":12},"end":{"line":234,"column":50}},"type":"binary-expr","locations":[{"start":{"line":234,"column":12},"end":{"line":234,"column":29}},{"start":{"line":234,"column":33},"end":{"line":234,"column":50}}],"line":234},"8":{"loc":{"start":{"line":239,"column":8},"end":{"line":243,"column":9}},"type":"if","locations":[{"start":{"line":239,"column":8},"end":{"line":243,"column":9}},{"start":{},"end":{}}],"line":239},"9":{"loc":{"start":{"line":246,"column":8},"end":{"line":262,"column":9}},"type":"if","locations":[{"start":{"line":246,"column":8},"end":{"line":262,"column":9}},{"start":{"line":254,"column":14},"end":{"line":262,"column":9}}],"line":246},"10":{"loc":{"start":{"line":254,"column":14},"end":{"line":262,"column":9}},"type":"if","locations":[{"start":{"line":254,"column":14},"end":{"line":262,"column":9}},{"start":{},"end":{}}],"line":254},"11":{"loc":{"start":{"line":281,"column":8},"end":{"line":285,"column":9}},"type":"if","locations":[{"start":{"line":281,"column":8},"end":{"line":285,"column":9}},{"start":{},"end":{}}],"line":281},"12":{"loc":{"start":{"line":281,"column":12},"end":{"line":281,"column":40}},"type":"binary-expr","locations":[{"start":{"line":281,"column":12},"end":{"line":281,"column":24}},{"start":{"line":281,"column":28},"end":{"line":281,"column":40}}],"line":281},"13":{"loc":{"start":{"line":286,"column":8},"end":{"line":290,"column":9}},"type":"if","locations":[{"start":{"line":286,"column":8},"end":{"line":290,"column":9}},{"start":{},"end":{}}],"line":286},"14":{"loc":{"start":{"line":293,"column":8},"end":{"line":315,"column":9}},"type":"if","locations":[{"start":{"line":293,"column":8},"end":{"line":315,"column":9}},{"start":{"line":304,"column":14},"end":{"line":315,"column":9}}],"line":293},"15":{"loc":{"start":{"line":304,"column":14},"end":{"line":315,"column":9}},"type":"if","locations":[{"start":{"line":304,"column":14},"end":{"line":315,"column":9}},{"start":{},"end":{}}],"line":304},"16":{"loc":{"start":{"line":334,"column":8},"end":{"line":338,"column":9}},"type":"if","locations":[{"start":{"line":334,"column":8},"end":{"line":338,"column":9}},{"start":{},"end":{}}],"line":334},"17":{"loc":{"start":{"line":339,"column":8},"end":{"line":343,"column":9}},"type":"if","locations":[{"start":{"line":339,"column":8},"end":{"line":343,"column":9}},{"start":{},"end":{}}],"line":339},"18":{"loc":{"start":{"line":345,"column":8},"end":{"line":349,"column":9}},"type":"if","locations":[{"start":{"line":345,"column":8},"end":{"line":349,"column":9}},{"start":{},"end":{}}],"line":345},"19":{"loc":{"start":{"line":381,"column":8},"end":{"line":385,"column":9}},"type":"if","locations":[{"start":{"line":381,"column":8},"end":{"line":385,"column":9}},{"start":{},"end":{}}],"line":381},"20":{"loc":{"start":{"line":386,"column":8},"end":{"line":390,"column":9}},"type":"if","locations":[{"start":{"line":386,"column":8},"end":{"line":390,"column":9}},{"start":{},"end":{}}],"line":386},"21":{"loc":{"start":{"line":392,"column":8},"end":{"line":396,"column":9}},"type":"if","locations":[{"start":{"line":392,"column":8},"end":{"line":396,"column":9}},{"start":{},"end":{}}],"line":392},"22":{"loc":{"start":{"line":427,"column":8},"end":{"line":431,"column":9}},"type":"if","locations":[{"start":{"line":427,"column":8},"end":{"line":431,"column":9}},{"start":{},"end":{}}],"line":427},"23":{"loc":{"start":{"line":515,"column":8},"end":{"line":519,"column":9}},"type":"if","locations":[{"start":{"line":515,"column":8},"end":{"line":519,"column":9}},{"start":{},"end":{}}],"line":515},"24":{"loc":{"start":{"line":515,"column":12},"end":{"line":515,"column":99}},"type":"binary-expr","locations":[{"start":{"line":515,"column":12},"end":{"line":515,"column":32}},{"start":{"line":515,"column":36},"end":{"line":515,"column":57}},{"start":{"line":515,"column":61},"end":{"line":515,"column":78}},{"start":{"line":515,"column":82},"end":{"line":515,"column":99}}],"line":515},"25":{"loc":{"start":{"line":524,"column":8},"end":{"line":546,"column":9}},"type":"if","locations":[{"start":{"line":524,"column":8},"end":{"line":546,"column":9}},{"start":{"line":535,"column":14},"end":{"line":546,"column":9}}],"line":524},"26":{"loc":{"start":{"line":524,"column":11},"end":{"line":524,"column":52}},"type":"binary-expr","locations":[{"start":{"line":524,"column":11},"end":{"line":524,"column":27}},{"start":{"line":524,"column":31},"end":{"line":524,"column":52}}],"line":524},"27":{"loc":{"start":{"line":535,"column":14},"end":{"line":546,"column":9}},"type":"if","locations":[{"start":{"line":535,"column":14},"end":{"line":546,"column":9}},{"start":{},"end":{}}],"line":535},"28":{"loc":{"start":{"line":535,"column":17},"end":{"line":535,"column":57}},"type":"binary-expr","locations":[{"start":{"line":535,"column":17},"end":{"line":535,"column":33}},{"start":{"line":535,"column":37},"end":{"line":535,"column":57}}],"line":535},"29":{"loc":{"start":{"line":686,"column":8},"end":{"line":690,"column":9}},"type":"if","locations":[{"start":{"line":686,"column":8},"end":{"line":690,"column":9}},{"start":{},"end":{}}],"line":686}},"s":{"0":1,"1":1,"2":1,"3":1,"4":1,"5":1,"6":1,"7":1,"8":1,"9":1,"10":1,"11":1,"12":0,"13":0,"14":0,"15":0,"16":0,"17":0,"18":0,"19":0,"20":0,"21":1,"22":0,"23":0,"24":0,"25":0,"26":0,"27":0,"28":0,"29":0,"30":0,"31":1,"32":0,"33":0,"34":0,"35":0,"36":0,"37":0,"38":0,"39":0,"40":0,"41":0,"42":0,"43":0,"44":0,"45":0,"46":0,"47":0,"48":1,"49":0,"50":0,"51":0,"52":0,"53":0,"54":0,"55":0,"56":0,"57":0,"58":0,"59":0,"60":0,"61":1,"62":0,"63":0,"64":0,"65":0,"66":0,"67":0,"68":0,"69":0,"70":0,"71":0,"72":0,"73":0,"74":0,"75":0,"76":0,"77":0,"78":0,"79":0,"80":0,"81":0,"82":1,"83":0,"84":0,"85":0,"86":0,"87":0,"88":0,"89":0,"90":0,"91":0,"92":0,"93":0,"94":0,"95":0,"96":0,"97":0,"98":0,"99":0,"100":0,"101":0,"102":1,"103":0,"104":0,"105":0,"106":0,"107":0,"108":0,"109":0,"110":0,"111":0,"112":1,"113":0,"114":0,"115":0,"116":0,"117":0,"118":0,"119":0,"120":0,"121":0,"122":0,"123":1,"124":0,"125":0,"126":0,"127":0,"128":0,"129":0,"130":0,"131":0,"132":0,"133":0,"134":0,"135":0,"136":0,"137":0,"138":0,"139":0,"140":0,"141":0,"142":0,"143":0,"144":0,"145":0,"146":1,"147":0,"148":0,"149":0,"150":0,"151":0,"152":0,"153":0,"154":0,"155":0,"156":0,"157":0,"158":0,"159":0,"160":0,"161":0,"162":0,"163":0,"164":0,"165":0,"166":0,"167":0,"168":0,"169":1,"170":0,"171":0,"172":0,"173":0,"174":0,"175":0,"176":0,"177":0,"178":0,"179":0,"180":0,"181":0,"182":0,"183":0,"184":0,"185":0,"186":0,"187":0,"188":0,"189":0,"190":0,"191":0,"192":1,"193":0,"194":0,"195":0,"196":0,"197":0,"198":0,"199":0,"200":0,"201":0,"202":0,"203":0,"204":0,"205":0,"206":0,"207":0,"208":0,"209":0,"210":0,"211":0,"212":0,"213":0,"214":0,"215":1,"216":0,"217":0,"218":0,"219":0,"220":0,"221":0,"222":0,"223":0,"224":0,"225":0,"226":0,"227":0,"228":0,"229":0,"230":0,"231":1,"232":0,"233":0,"234":0,"235":0,"236":0,"237":0,"238":0,"239":0,"240":0,"241":0,"242":0,"243":0,"244":0,"245":0,"246":0,"247":1,"248":0,"249":0,"250":0,"251":0,"252":0,"253":0,"254":0,"255":0,"256":0,"257":1,"258":0,"259":0,"260":0,"261":0,"262":0,"263":0,"264":0,"265":0,"266":0,"267":0,"268":0,"269":0,"270":0,"271":0,"272":0,"273":0,"274":0,"275":0,"276":0,"277":0,"278":1,"279":0,"280":0,"281":0,"282":0,"283":0,"284":0,"285":0,"286":0,"287":0,"288":0,"289":0,"290":0,"291":0,"292":1,"293":0,"294":0,"295":0,"296":0,"297":0,"298":0,"299":0,"300":0,"301":0,"302":0,"303":1,"304":0,"305":0,"306":0,"307":0,"308":0,"309":0,"310":0,"311":0,"312":0,"313":0,"314":0,"315":0,"316":0,"317":1,"318":0,"319":0,"320":0,"321":0,"322":0,"323":0,"324":0,"325":0,"326":0,"327":0,"328":0,"329":0,"330":0,"331":0,"332":1,"333":0,"334":0,"335":0,"336":0,"337":0,"338":0,"339":0,"340":0,"341":0,"342":0,"343":0,"344":0,"345":0,"346":0,"347":0,"348":1},"f":{"0":0,"1":0,"2":0,"3":0,"4":0,"5":0,"6":0,"7":0,"8":0,"9":0,"10":0,"11":0,"12":0,"13":0,"14":0,"15":0,"16":0,"17":0,"18":0,"19":0,"20":0},"b":{"0":[0,0],"1":[0,0],"2":[0,0],"3":[0,0],"4":[0,0],"5":[0,0],"6":[0,0],"7":[0,0],"8":[0,0],"9":[0,0],"10":[0,0],"11":[0,0],"12":[0,0],"13":[0,0],"14":[0,0],"15":[0,0],"16":[0,0],"17":[0,0],"18":[0,0],"19":[0,0],"20":[0,0],"21":[0,0],"22":[0,0],"23":[0,0],"24":[0,0,0,0],"25":[0,0],"26":[0,0],"27":[0,0],"28":[0,0],"29":[0,0]},"_coverageSchema":"1a1c01bbd47fc00a2c39e90264f33305004495a9","hash":"b4d33f52823525ee983b2699cf3f6d34f7c73db1"}
,"/Users/oliver/Desktop/MuscleMind/MuscleMind/backend/api/api.js": {"path":"/Users/oliver/Desktop/MuscleMind/MuscleMind/backend/api/api.js","statementMap":{"0":{"start":{"line":1,"column":16},"end":{"line":1,"column":34}},"1":{"start":{"line":2,"column":15},"end":{"line":2,"column":31}},"2":{"start":{"line":3,"column":11},"end":{"line":3,"column":40}},"3":{"start":{"line":4,"column":11},"end":{"line":4,"column":33}},"4":{"start":{"line":5,"column":13},"end":{"line":5,"column":40}},"5":{"start":{"line":6,"column":12},"end":{"line":6,"column":48}},"6":{"start":{"line":7,"column":13},"end":{"line":7,"column":43}},"7":{"start":{"line":8,"column":16},"end":{"line":8,"column":46}},"8":{"start":{"line":9,"column":22},"end":{"line":9,"column":51}},"9":{"start":{"line":10,"column":18},"end":{"line":10,"column":46}},"10":{"start":{"line":11,"column":17},"end":{"line":11,"column":45}},"11":{"start":{"line":12,"column":18},"end":{"line":12,"column":46}},"12":{"start":{"line":13,"column":21},"end":{"line":13,"column":52}},"13":{"start":{"line":16,"column":15},"end":{"line":16,"column":32}},"14":{"start":{"line":17,"column":13},"end":{"line":17,"column":28}},"15":{"start":{"line":19,"column":16},"end":{"line":26,"column":2}},"16":{"start":{"line":21,"column":8},"end":{"line":21,"column":59}},"17":{"start":{"line":24,"column":8},"end":{"line":24,"column":61}},"18":{"start":{"line":28,"column":15},"end":{"line":28,"column":34}},"19":{"start":{"line":31,"column":0},"end":{"line":31,"column":26}},"20":{"start":{"line":32,"column":0},"end":{"line":32,"column":29}},"21":{"start":{"line":33,"column":0},"end":{"line":33,"column":29}},"22":{"start":{"line":34,"column":0},"end":{"line":34,"column":32}},"23":{"start":{"line":35,"column":0},"end":{"line":35,"column":38}},"24":{"start":{"line":36,"column":0},"end":{"line":36,"column":32}},"25":{"start":{"line":37,"column":0},"end":{"line":37,"column":31}},"26":{"start":{"line":38,"column":0},"end":{"line":38,"column":32}},"27":{"start":{"line":39,"column":0},"end":{"line":39,"column":38}},"28":{"start":{"line":56,"column":0},"end":{"line":56,"column":24}}},"fnMap":{"0":{"name":"(anonymous_0)","decl":{"start":{"line":20,"column":17},"end":{"line":20,"column":18}},"loc":{"start":{"line":20,"column":46},"end":{"line":22,"column":5}},"line":20},"1":{"name":"(anonymous_1)","decl":{"start":{"line":23,"column":14},"end":{"line":23,"column":15}},"loc":{"start":{"line":23,"column":43},"end":{"line":25,"column":5}},"line":23}},"branchMap":{},"s":{"0":1,"1":1,"2":1,"3":1,"4":1,"5":1,"6":1,"7":1,"8":1,"9":1,"10":1,"11":1,"12":1,"13":1,"14":1,"15":1,"16":0,"17":0,"18":1,"19":1,"20":1,"21":1,"22":1,"23":1,"24":1,"25":1,"26":1,"27":1,"28":1},"f":{"0":0,"1":0},"b":{},"_coverageSchema":"1a1c01bbd47fc00a2c39e90264f33305004495a9","hash":"7836d46f394388f092ba6a32a486aeeaa41c547e"}
,"/Users/oliver/Desktop/MuscleMind/MuscleMind/backend/api/auth.routes.js": {"path":"/Users/oliver/Desktop/MuscleMind/MuscleMind/backend/api/auth.routes.js","statementMap":{"0":{"start":{"line":1,"column":16},"end":{"line":1,"column":34}},"1":{"start":{"line":2,"column":15},"end":{"line":2,"column":31}},"2":{"start":{"line":3,"column":11},"end":{"line":3,"column":40}},"3":{"start":{"line":4,"column":11},"end":{"line":4,"column":33}},"4":{"start":{"line":5,"column":15},"end":{"line":5,"column":32}},"5":{"start":{"line":6,"column":15},"end":{"line":6,"column":32}},"6":{"start":{"line":7,"column":18},"end":{"line":7,"column":39}},"7":{"start":{"line":8,"column":0},"end":{"line":8,"column":42}},"8":{"start":{"line":9,"column":15},"end":{"line":9,"column":40}},"9":{"start":{"line":10,"column":16},"end":{"line":10,"column":60}},"10":{"start":{"line":11,"column":29},"end":{"line":11,"column":80}},"11":{"start":{"line":12,"column":15},"end":{"line":12,"column":32}},"12":{"start":{"line":13,"column":15},"end":{"line":13,"column":23}},"13":{"start":{"line":15,"column":19},"end":{"line":15,"column":21}},"14":{"start":{"line":17,"column":0},"end":{"line":44,"column":3}},"15":{"start":{"line":18,"column":4},"end":{"line":43,"column":5}},"16":{"start":{"line":19,"column":21},"end":{"line":19,"column":33}},"17":{"start":{"line":20,"column":19},"end":{"line":20,"column":49}},"18":{"start":{"line":21,"column":23},"end":{"line":21,"column":63}},"19":{"start":{"line":22,"column":23},"end":{"line":22,"column":116}},"20":{"start":{"line":23,"column":8},"end":{"line":23,"column":71}},"21":{"start":{"line":24,"column":22},"end":{"line":24,"column":46}},"22":{"start":{"line":25,"column":8},"end":{"line":28,"column":9}},"23":{"start":{"line":29,"column":8},"end":{"line":31,"column":10}},"24":{"start":{"line":33,"column":8},"end":{"line":33,"column":36}},"25":{"start":{"line":34,"column":19},"end":{"line":34,"column":49}},"26":{"start":{"line":35,"column":8},"end":{"line":39,"column":9}},"27":{"start":{"line":36,"column":12},"end":{"line":36,"column":82}},"28":{"start":{"line":38,"column":12},"end":{"line":38,"column":52}},"29":{"start":{"line":40,"column":8},"end":{"line":42,"column":11}},"30":{"start":{"line":46,"column":0},"end":{"line":92,"column":2}},"31":{"start":{"line":47,"column":4},"end":{"line":91,"column":5}},"32":{"start":{"line":48,"column":30},"end":{"line":48,"column":42}},"33":{"start":{"line":49,"column":19},"end":{"line":49,"column":49}},"34":{"start":{"line":50,"column":21},"end":{"line":50,"column":45}},"35":{"start":{"line":52,"column":23},"end":{"line":52,"column":54}},"36":{"start":{"line":53,"column":8},"end":{"line":58,"column":9}},"37":{"start":{"line":54,"column":12},"end":{"line":57,"column":15}},"38":{"start":{"line":60,"column":24},"end":{"line":60,"column":70}},"39":{"start":{"line":62,"column":8},"end":{"line":68,"column":9}},"40":{"start":{"line":63,"column":12},"end":{"line":63,"column":95}},"41":{"start":{"line":64,"column":12},"end":{"line":67,"column":14}},"42":{"start":{"line":69,"column":8},"end":{"line":72,"column":9}},"43":{"start":{"line":74,"column":8},"end":{"line":74,"column":43}},"44":{"start":{"line":76,"column":8},"end":{"line":76,"column":69}},"45":{"start":{"line":77,"column":8},"end":{"line":79,"column":10}},"46":{"start":{"line":81,"column":8},"end":{"line":81,"column":36}},"47":{"start":{"line":82,"column":19},"end":{"line":82,"column":49}},"48":{"start":{"line":83,"column":8},"end":{"line":87,"column":9}},"49":{"start":{"line":84,"column":12},"end":{"line":84,"column":75}},"50":{"start":{"line":86,"column":12},"end":{"line":86,"column":52}},"51":{"start":{"line":88,"column":8},"end":{"line":90,"column":11}},"52":{"start":{"line":94,"column":0},"end":{"line":123,"column":3}},"53":{"start":{"line":95,"column":4},"end":{"line":122,"column":5}},"54":{"start":{"line":96,"column":19},"end":{"line":96,"column":45}},"55":{"start":{"line":98,"column":21},"end":{"line":98,"column":37}},"56":{"start":{"line":100,"column":8},"end":{"line":102,"column":9}},"57":{"start":{"line":101,"column":12},"end":{"line":101,"column":77}},"58":{"start":{"line":104,"column":8},"end":{"line":116,"column":11}},"59":{"start":{"line":105,"column":12},"end":{"line":109,"column":13}},"60":{"start":{"line":106,"column":16},"end":{"line":108,"column":19}},"61":{"start":{"line":111,"column":12},"end":{"line":111,"column":43}},"62":{"start":{"line":113,"column":12},"end":{"line":115,"column":15}},"63":{"start":{"line":119,"column":8},"end":{"line":121,"column":11}},"64":{"start":{"line":125,"column":0},"end":{"line":143,"column":3}},"65":{"start":{"line":126,"column":4},"end":{"line":142,"column":5}},"66":{"start":{"line":127,"column":21},"end":{"line":127,"column":70}},"67":{"start":{"line":128,"column":8},"end":{"line":130,"column":11}},"68":{"start":{"line":132,"column":8},"end":{"line":132,"column":36}},"69":{"start":{"line":133,"column":19},"end":{"line":133,"column":49}},"70":{"start":{"line":134,"column":8},"end":{"line":138,"column":9}},"71":{"start":{"line":135,"column":12},"end":{"line":135,"column":78}},"72":{"start":{"line":137,"column":12},"end":{"line":137,"column":52}},"73":{"start":{"line":139,"column":8},"end":{"line":141,"column":11}},"74":{"start":{"line":145,"column":0},"end":{"line":286,"column":2}},"75":{"start":{"line":146,"column":4},"end":{"line":285,"column":5}},"76":{"start":{"line":147,"column":19},"end":{"line":147,"column":49}},"77":{"start":{"line":148,"column":24},"end":{"line":148,"column":36}},"78":{"start":{"line":149,"column":27},"end":{"line":149,"column":54}},"79":{"start":{"line":151,"column":8},"end":{"line":156,"column":9}},"80":{"start":{"line":153,"column":12},"end":{"line":155,"column":15}},"81":{"start":{"line":157,"column":30},"end":{"line":157,"column":59}},"82":{"start":{"line":158,"column":8},"end":{"line":158,"column":35}},"83":{"start":{"line":160,"column":22},"end":{"line":160,"column":66}},"84":{"start":{"line":161,"column":27},"end":{"line":161,"column":82}},"85":{"start":{"line":162,"column":8},"end":{"line":162,"column":47}},"86":{"start":{"line":165,"column":26},"end":{"line":165,"column":74}},"87":{"start":{"line":168,"column":24},"end":{"line":262,"column":9}},"88":{"start":{"line":265,"column":25},"end":{"line":265,"column":49}},"89":{"start":{"line":268,"column":8},"end":{"line":268,"column":110}},"90":{"start":{"line":271,"column":8},"end":{"line":273,"column":11}},"91":{"start":{"line":275,"column":8},"end":{"line":275,"column":36}},"92":{"start":{"line":276,"column":19},"end":{"line":276,"column":49}},"93":{"start":{"line":277,"column":8},"end":{"line":281,"column":9}},"94":{"start":{"line":278,"column":12},"end":{"line":278,"column":86}},"95":{"start":{"line":280,"column":12},"end":{"line":280,"column":52}},"96":{"start":{"line":282,"column":8},"end":{"line":284,"column":11}},"97":{"start":{"line":287,"column":0},"end":{"line":328,"column":2}},"98":{"start":{"line":288,"column":4},"end":{"line":327,"column":5}},"99":{"start":{"line":289,"column":24},"end":{"line":289,"column":36}},"100":{"start":{"line":290,"column":8},"end":{"line":294,"column":9}},"101":{"start":{"line":291,"column":12},"end":{"line":293,"column":15}},"102":{"start":{"line":295,"column":27},"end":{"line":295,"column":82}},"103":{"start":{"line":297,"column":26},"end":{"line":297,"column":57}},"104":{"start":{"line":298,"column":8},"end":{"line":302,"column":9}},"105":{"start":{"line":299,"column":12},"end":{"line":301,"column":15}},"106":{"start":{"line":303,"column":8},"end":{"line":307,"column":9}},"107":{"start":{"line":304,"column":12},"end":{"line":306,"column":15}},"108":{"start":{"line":308,"column":8},"end":{"line":312,"column":9}},"109":{"start":{"line":309,"column":12},"end":{"line":311,"column":15}},"110":{"start":{"line":313,"column":8},"end":{"line":315,"column":11}},"111":{"start":{"line":317,"column":8},"end":{"line":317,"column":36}},"112":{"start":{"line":318,"column":19},"end":{"line":318,"column":49}},"113":{"start":{"line":319,"column":8},"end":{"line":323,"column":9}},"114":{"start":{"line":320,"column":12},"end":{"line":320,"column":81}},"115":{"start":{"line":322,"column":12},"end":{"line":322,"column":52}},"116":{"start":{"line":324,"column":8},"end":{"line":326,"column":11}},"117":{"start":{"line":329,"column":0},"end":{"line":372,"column":2}},"118":{"start":{"line":330,"column":4},"end":{"line":371,"column":5}},"119":{"start":{"line":331,"column":19},"end":{"line":331,"column":49}},"120":{"start":{"line":332,"column":35},"end":{"line":332,"column":47}},"121":{"start":{"line":335,"column":27},"end":{"line":335,"column":82}},"122":{"start":{"line":336,"column":26},"end":{"line":336,"column":57}},"123":{"start":{"line":337,"column":8},"end":{"line":341,"column":9}},"124":{"start":{"line":338,"column":12},"end":{"line":340,"column":15}},"125":{"start":{"line":342,"column":8},"end":{"line":346,"column":9}},"126":{"start":{"line":343,"column":12},"end":{"line":345,"column":15}},"127":{"start":{"line":347,"column":8},"end":{"line":351,"column":9}},"128":{"start":{"line":348,"column":12},"end":{"line":350,"column":15}},"129":{"start":{"line":352,"column":24},"end":{"line":352,"column":63}},"130":{"start":{"line":353,"column":8},"end":{"line":353,"column":61}},"131":{"start":{"line":354,"column":8},"end":{"line":354,"column":40}},"132":{"start":{"line":355,"column":8},"end":{"line":355,"column":88}},"133":{"start":{"line":357,"column":8},"end":{"line":359,"column":11}},"134":{"start":{"line":361,"column":8},"end":{"line":361,"column":36}},"135":{"start":{"line":362,"column":19},"end":{"line":362,"column":49}},"136":{"start":{"line":363,"column":8},"end":{"line":367,"column":9}},"137":{"start":{"line":364,"column":12},"end":{"line":364,"column":82}},"138":{"start":{"line":366,"column":12},"end":{"line":366,"column":52}},"139":{"start":{"line":368,"column":8},"end":{"line":370,"column":11}},"140":{"start":{"line":374,"column":0},"end":{"line":391,"column":2}},"141":{"start":{"line":375,"column":4},"end":{"line":390,"column":5}},"142":{"start":{"line":376,"column":8},"end":{"line":378,"column":11}},"143":{"start":{"line":380,"column":8},"end":{"line":380,"column":36}},"144":{"start":{"line":381,"column":19},"end":{"line":381,"column":49}},"145":{"start":{"line":382,"column":8},"end":{"line":386,"column":9}},"146":{"start":{"line":383,"column":12},"end":{"line":383,"column":78}},"147":{"start":{"line":385,"column":12},"end":{"line":385,"column":52}},"148":{"start":{"line":387,"column":8},"end":{"line":389,"column":11}},"149":{"start":{"line":395,"column":4},"end":{"line":412,"column":5}},"150":{"start":{"line":396,"column":21},"end":{"line":403,"column":10}},"151":{"start":{"line":404,"column":8},"end":{"line":408,"column":9}},"152":{"start":{"line":405,"column":29},"end":{"line":405,"column":46}},"153":{"start":{"line":406,"column":24},"end":{"line":406,"column":51}},"154":{"start":{"line":407,"column":12},"end":{"line":407,"column":22}},"155":{"start":{"line":409,"column":8},"end":{"line":409,"column":33}},"156":{"start":{"line":411,"column":8},"end":{"line":411,"column":20}},"157":{"start":{"line":414,"column":0},"end":{"line":414,"column":24}}},"fnMap":{"0":{"name":"(anonymous_0)","decl":{"start":{"line":17,"column":66},"end":{"line":17,"column":67}},"loc":{"start":{"line":17,"column":94},"end":{"line":44,"column":1}},"line":17},"1":{"name":"(anonymous_1)","decl":{"start":{"line":46,"column":60},"end":{"line":46,"column":61}},"loc":{"start":{"line":46,"column":86},"end":{"line":92,"column":1}},"line":46},"2":{"name":"(anonymous_2)","decl":{"start":{"line":94,"column":23},"end":{"line":94,"column":24}},"loc":{"start":{"line":94,"column":43},"end":{"line":123,"column":1}},"line":94},"3":{"name":"(anonymous_3)","decl":{"start":{"line":104,"column":28},"end":{"line":104,"column":29}},"loc":{"start":{"line":104,"column":37},"end":{"line":116,"column":9}},"line":104},"4":{"name":"(anonymous_4)","decl":{"start":{"line":125,"column":47},"end":{"line":125,"column":48}},"loc":{"start":{"line":125,"column":76},"end":{"line":143,"column":1}},"line":125},"5":{"name":"(anonymous_5)","decl":{"start":{"line":145,"column":57},"end":{"line":145,"column":58}},"loc":{"start":{"line":145,"column":83},"end":{"line":286,"column":1}},"line":145},"6":{"name":"(anonymous_6)","decl":{"start":{"line":287,"column":28},"end":{"line":287,"column":29}},"loc":{"start":{"line":287,"column":53},"end":{"line":328,"column":1}},"line":287},"7":{"name":"(anonymous_7)","decl":{"start":{"line":329,"column":50},"end":{"line":329,"column":51}},"loc":{"start":{"line":329,"column":76},"end":{"line":372,"column":1}},"line":329},"8":{"name":"(anonymous_8)","decl":{"start":{"line":374,"column":48},"end":{"line":374,"column":49}},"loc":{"start":{"line":374,"column":74},"end":{"line":391,"column":1}},"line":374},"9":{"name":"postEmail","decl":{"start":{"line":394,"column":15},"end":{"line":394,"column":24}},"loc":{"start":{"line":394,"column":32},"end":{"line":413,"column":1}},"line":394}},"branchMap":{"0":{"loc":{"start":{"line":53,"column":8},"end":{"line":58,"column":9}},"type":"if","locations":[{"start":{"line":53,"column":8},"end":{"line":58,"column":9}},{"start":{},"end":{}}],"line":53},"1":{"loc":{"start":{"line":62,"column":8},"end":{"line":68,"column":9}},"type":"if","locations":[{"start":{"line":62,"column":8},"end":{"line":68,"column":9}},{"start":{},"end":{}}],"line":62},"2":{"loc":{"start":{"line":100,"column":8},"end":{"line":102,"column":9}},"type":"if","locations":[{"start":{"line":100,"column":8},"end":{"line":102,"column":9}},{"start":{},"end":{}}],"line":100},"3":{"loc":{"start":{"line":105,"column":12},"end":{"line":109,"column":13}},"type":"if","locations":[{"start":{"line":105,"column":12},"end":{"line":109,"column":13}},{"start":{},"end":{}}],"line":105},"4":{"loc":{"start":{"line":151,"column":8},"end":{"line":156,"column":9}},"type":"if","locations":[{"start":{"line":151,"column":8},"end":{"line":156,"column":9}},{"start":{},"end":{}}],"line":151},"5":{"loc":{"start":{"line":290,"column":8},"end":{"line":294,"column":9}},"type":"if","locations":[{"start":{"line":290,"column":8},"end":{"line":294,"column":9}},{"start":{},"end":{}}],"line":290},"6":{"loc":{"start":{"line":290,"column":12},"end":{"line":290,"column":47}},"type":"binary-expr","locations":[{"start":{"line":290,"column":12},"end":{"line":290,"column":18}},{"start":{"line":290,"column":22},"end":{"line":290,"column":47}}],"line":290},"7":{"loc":{"start":{"line":298,"column":8},"end":{"line":302,"column":9}},"type":"if","locations":[{"start":{"line":298,"column":8},"end":{"line":302,"column":9}},{"start":{},"end":{}}],"line":298},"8":{"loc":{"start":{"line":303,"column":8},"end":{"line":307,"column":9}},"type":"if","locations":[{"start":{"line":303,"column":8},"end":{"line":307,"column":9}},{"start":{},"end":{}}],"line":303},"9":{"loc":{"start":{"line":308,"column":8},"end":{"line":312,"column":9}},"type":"if","locations":[{"start":{"line":308,"column":8},"end":{"line":312,"column":9}},{"start":{},"end":{}}],"line":308},"10":{"loc":{"start":{"line":337,"column":8},"end":{"line":341,"column":9}},"type":"if","locations":[{"start":{"line":337,"column":8},"end":{"line":341,"column":9}},{"start":{},"end":{}}],"line":337},"11":{"loc":{"start":{"line":342,"column":8},"end":{"line":346,"column":9}},"type":"if","locations":[{"start":{"line":342,"column":8},"end":{"line":346,"column":9}},{"start":{},"end":{}}],"line":342},"12":{"loc":{"start":{"line":347,"column":8},"end":{"line":351,"column":9}},"type":"if","locations":[{"start":{"line":347,"column":8},"end":{"line":351,"column":9}},{"start":{},"end":{}}],"line":347},"13":{"loc":{"start":{"line":404,"column":8},"end":{"line":408,"column":9}},"type":"if","locations":[{"start":{"line":404,"column":8},"end":{"line":408,"column":9}},{"start":{},"end":{}}],"line":404}},"s":{"0":1,"1":1,"2":1,"3":1,"4":1,"5":1,"6":1,"7":1,"8":1,"9":1,"10":1,"11":1,"12":1,"13":1,"14":1,"15":0,"16":0,"17":0,"18":0,"19":0,"20":0,"21":0,"22":0,"23":0,"24":0,"25":0,"26":0,"27":0,"28":0,"29":0,"30":1,"31":0,"32":0,"33":0,"34":0,"35":0,"36":0,"37":0,"38":0,"39":0,"40":0,"41":0,"42":0,"43":0,"44":0,"45":0,"46":0,"47":0,"48":0,"49":0,"50":0,"51":0,"52":1,"53":0,"54":0,"55":0,"56":0,"57":0,"58":0,"59":0,"60":0,"61":0,"62":0,"63":0,"64":1,"65":0,"66":0,"67":0,"68":0,"69":0,"70":0,"71":0,"72":0,"73":0,"74":1,"75":0,"76":0,"77":0,"78":0,"79":0,"80":0,"81":0,"82":0,"83":0,"84":0,"85":0,"86":0,"87":0,"88":0,"89":0,"90":0,"91":0,"92":0,"93":0,"94":0,"95":0,"96":0,"97":1,"98":0,"99":0,"100":0,"101":0,"102":0,"103":0,"104":0,"105":0,"106":0,"107":0,"108":0,"109":0,"110":0,"111":0,"112":0,"113":0,"114":0,"115":0,"116":0,"117":1,"118":0,"119":0,"120":0,"121":0,"122":0,"123":0,"124":0,"125":0,"126":0,"127":0,"128":0,"129":0,"130":0,"131":0,"132":0,"133":0,"134":0,"135":0,"136":0,"137":0,"138":0,"139":0,"140":1,"141":0,"142":0,"143":0,"144":0,"145":0,"146":0,"147":0,"148":0,"149":0,"150":0,"151":0,"152":0,"153":0,"154":0,"155":0,"156":0,"157":1},"f":{"0":0,"1":0,"2":0,"3":0,"4":0,"5":0,"6":0,"7":0,"8":0,"9":0},"b":{"0":[0,0],"1":[0,0],"2":[0,0],"3":[0,0],"4":[0,0],"5":[0,0],"6":[0,0],"7":[0,0],"8":[0,0],"9":[0,0],"10":[0,0],"11":[0,0],"12":[0,0],"13":[0,0]},"_coverageSchema":"1a1c01bbd47fc00a2c39e90264f33305004495a9","hash":"871821cd9c242e4dd616fd1224e75ad7caf2f6eb"}
,"/Users/oliver/Desktop/MuscleMind/MuscleMind/backend/api/meals.routes.js": {"path":"/Users/oliver/Desktop/MuscleMind/MuscleMind/backend/api/meals.routes.js","statementMap":{"0":{"start":{"line":1,"column":16},"end":{"line":1,"column":34}},"1":{"start":{"line":2,"column":15},"end":{"line":2,"column":31}},"2":{"start":{"line":3,"column":11},"end":{"line":3,"column":40}},"3":{"start":{"line":4,"column":18},"end":{"line":4,"column":39}},"4":{"start":{"line":5,"column":16},"end":{"line":5,"column":60}},"5":{"start":{"line":6,"column":16},"end":{"line":6,"column":60}},"6":{"start":{"line":7,"column":15},"end":{"line":7,"column":32}},"7":{"start":{"line":8,"column":15},"end":{"line":8,"column":23}},"8":{"start":{"line":11,"column":0},"end":{"line":36,"column":3}},"9":{"start":{"line":12,"column":4},"end":{"line":35,"column":5}},"10":{"start":{"line":13,"column":23},"end":{"line":13,"column":46}},"11":{"start":{"line":15,"column":24},"end":{"line":15,"column":55}},"12":{"start":{"line":16,"column":28},"end":{"line":16,"column":67}},"13":{"start":{"line":17,"column":25},"end":{"line":17,"column":44}},"14":{"start":{"line":19,"column":8},"end":{"line":23,"column":11}},"15":{"start":{"line":25,"column":8},"end":{"line":25,"column":37}},"16":{"start":{"line":26,"column":19},"end":{"line":26,"column":49}},"17":{"start":{"line":27,"column":8},"end":{"line":31,"column":9}},"18":{"start":{"line":28,"column":12},"end":{"line":28,"column":74}},"19":{"start":{"line":30,"column":12},"end":{"line":30,"column":50}},"20":{"start":{"line":32,"column":8},"end":{"line":34,"column":11}},"21":{"start":{"line":39,"column":0},"end":{"line":73,"column":3}},"22":{"start":{"line":40,"column":4},"end":{"line":72,"column":5}},"23":{"start":{"line":41,"column":23},"end":{"line":41,"column":46}},"24":{"start":{"line":42,"column":21},"end":{"line":42,"column":33}},"25":{"start":{"line":44,"column":23},"end":{"line":44,"column":60}},"26":{"start":{"line":45,"column":8},"end":{"line":47,"column":9}},"27":{"start":{"line":46,"column":12},"end":{"line":46,"column":58}},"28":{"start":{"line":49,"column":19},"end":{"line":49,"column":49}},"29":{"start":{"line":50,"column":8},"end":{"line":55,"column":10}},"30":{"start":{"line":57,"column":8},"end":{"line":60,"column":11}},"31":{"start":{"line":62,"column":8},"end":{"line":62,"column":37}},"32":{"start":{"line":63,"column":19},"end":{"line":63,"column":49}},"33":{"start":{"line":64,"column":8},"end":{"line":68,"column":9}},"34":{"start":{"line":65,"column":12},"end":{"line":65,"column":74}},"35":{"start":{"line":67,"column":12},"end":{"line":67,"column":50}},"36":{"start":{"line":69,"column":8},"end":{"line":71,"column":11}},"37":{"start":{"line":76,"column":0},"end":{"line":119,"column":2}},"38":{"start":{"line":77,"column":4},"end":{"line":118,"column":5}},"39":{"start":{"line":78,"column":23},"end":{"line":78,"column":40}},"40":{"start":{"line":79,"column":23},"end":{"line":79,"column":46}},"41":{"start":{"line":80,"column":21},"end":{"line":80,"column":33}},"42":{"start":{"line":82,"column":29},"end":{"line":82,"column":74}},"43":{"start":{"line":84,"column":8},"end":{"line":88,"column":9}},"44":{"start":{"line":85,"column":12},"end":{"line":87,"column":14}},"45":{"start":{"line":91,"column":8},"end":{"line":91,"column":44}},"46":{"start":{"line":92,"column":8},"end":{"line":94,"column":9}},"47":{"start":{"line":93,"column":12},"end":{"line":93,"column":57}},"48":{"start":{"line":96,"column":19},"end":{"line":96,"column":49}},"49":{"start":{"line":97,"column":8},"end":{"line":102,"column":9}},"50":{"start":{"line":104,"column":8},"end":{"line":106,"column":10}},"51":{"start":{"line":108,"column":8},"end":{"line":108,"column":36}},"52":{"start":{"line":109,"column":19},"end":{"line":109,"column":49}},"53":{"start":{"line":110,"column":8},"end":{"line":114,"column":9}},"54":{"start":{"line":111,"column":12},"end":{"line":111,"column":80}},"55":{"start":{"line":113,"column":12},"end":{"line":113,"column":49}},"56":{"start":{"line":115,"column":8},"end":{"line":117,"column":10}},"57":{"start":{"line":122,"column":0},"end":{"line":158,"column":3}},"58":{"start":{"line":123,"column":4},"end":{"line":157,"column":5}},"59":{"start":{"line":124,"column":19},"end":{"line":124,"column":36}},"60":{"start":{"line":125,"column":23},"end":{"line":125,"column":46}},"61":{"start":{"line":127,"column":28},"end":{"line":127,"column":63}},"62":{"start":{"line":129,"column":8},"end":{"line":133,"column":9}},"63":{"start":{"line":130,"column":12},"end":{"line":132,"column":15}},"64":{"start":{"line":135,"column":19},"end":{"line":135,"column":49}},"65":{"start":{"line":136,"column":8},"end":{"line":141,"column":10}},"66":{"start":{"line":143,"column":8},"end":{"line":145,"column":11}},"67":{"start":{"line":147,"column":8},"end":{"line":147,"column":37}},"68":{"start":{"line":148,"column":19},"end":{"line":148,"column":49}},"69":{"start":{"line":149,"column":8},"end":{"line":153,"column":9}},"70":{"start":{"line":150,"column":12},"end":{"line":150,"column":74}},"71":{"start":{"line":152,"column":12},"end":{"line":152,"column":50}},"72":{"start":{"line":154,"column":8},"end":{"line":156,"column":11}},"73":{"start":{"line":161,"column":0},"end":{"line":192,"column":3}},"74":{"start":{"line":162,"column":4},"end":{"line":191,"column":5}},"75":{"start":{"line":163,"column":23},"end":{"line":163,"column":40}},"76":{"start":{"line":164,"column":23},"end":{"line":164,"column":46}},"77":{"start":{"line":165,"column":29},"end":{"line":165,"column":41}},"78":{"start":{"line":167,"column":8},"end":{"line":167,"column":82}},"79":{"start":{"line":169,"column":19},"end":{"line":169,"column":49}},"80":{"start":{"line":170,"column":8},"end":{"line":175,"column":10}},"81":{"start":{"line":177,"column":8},"end":{"line":179,"column":11}},"82":{"start":{"line":181,"column":8},"end":{"line":181,"column":37}},"83":{"start":{"line":182,"column":19},"end":{"line":182,"column":49}},"84":{"start":{"line":183,"column":8},"end":{"line":187,"column":9}},"85":{"start":{"line":184,"column":12},"end":{"line":184,"column":74}},"86":{"start":{"line":186,"column":12},"end":{"line":186,"column":50}},"87":{"start":{"line":188,"column":8},"end":{"line":190,"column":11}},"88":{"start":{"line":194,"column":0},"end":{"line":194,"column":24}}},"fnMap":{"0":{"name":"(anonymous_0)","decl":{"start":{"line":11,"column":44},"end":{"line":11,"column":45}},"loc":{"start":{"line":11,"column":73},"end":{"line":36,"column":1}},"line":11},"1":{"name":"(anonymous_1)","decl":{"start":{"line":39,"column":84},"end":{"line":39,"column":85}},"loc":{"start":{"line":39,"column":113},"end":{"line":73,"column":1}},"line":39},"2":{"name":"(anonymous_2)","decl":{"start":{"line":76,"column":88},"end":{"line":76,"column":89}},"loc":{"start":{"line":76,"column":117},"end":{"line":119,"column":1}},"line":76},"3":{"name":"(anonymous_3)","decl":{"start":{"line":122,"column":53},"end":{"line":122,"column":54}},"loc":{"start":{"line":122,"column":82},"end":{"line":158,"column":1}},"line":122},"4":{"name":"(anonymous_4)","decl":{"start":{"line":161,"column":50},"end":{"line":161,"column":51}},"loc":{"start":{"line":161,"column":79},"end":{"line":192,"column":1}},"line":161}},"branchMap":{"0":{"loc":{"start":{"line":84,"column":8},"end":{"line":88,"column":9}},"type":"if","locations":[{"start":{"line":84,"column":8},"end":{"line":88,"column":9}},{"start":{},"end":{}}],"line":84},"1":{"loc":{"start":{"line":129,"column":8},"end":{"line":133,"column":9}},"type":"if","locations":[{"start":{"line":129,"column":8},"end":{"line":133,"column":9}},{"start":{},"end":{}}],"line":129},"2":{"loc":{"start":{"line":167,"column":51},"end":{"line":167,"column":80}},"type":"binary-expr","locations":[{"start":{"line":167,"column":51},"end":{"line":167,"column":59}},{"start":{"line":167,"column":63},"end":{"line":167,"column":80}}],"line":167}},"s":{"0":1,"1":1,"2":1,"3":1,"4":1,"5":1,"6":1,"7":1,"8":1,"9":0,"10":0,"11":0,"12":0,"13":0,"14":0,"15":0,"16":0,"17":0,"18":0,"19":0,"20":0,"21":1,"22":0,"23":0,"24":0,"25":0,"26":0,"27":0,"28":0,"29":0,"30":0,"31":0,"32":0,"33":0,"34":0,"35":0,"36":0,"37":1,"38":0,"39":0,"40":0,"41":0,"42":0,"43":0,"44":0,"45":0,"46":0,"47":0,"48":0,"49":0,"50":0,"51":0,"52":0,"53":0,"54":0,"55":0,"56":0,"57":1,"58":0,"59":0,"60":0,"61":0,"62":0,"63":0,"64":0,"65":0,"66":0,"67":0,"68":0,"69":0,"70":0,"71":0,"72":0,"73":1,"74":0,"75":0,"76":0,"77":0,"78":0,"79":0,"80":0,"81":0,"82":0,"83":0,"84":0,"85":0,"86":0,"87":0,"88":1},"f":{"0":0,"1":0,"2":0,"3":0,"4":0},"b":{"0":[0,0],"1":[0,0],"2":[0,0]},"_coverageSchema":"1a1c01bbd47fc00a2c39e90264f33305004495a9","hash":"bfbdbb797023fa39739cd898ec0409ccfe8fce31"}
,"/Users/oliver/Desktop/MuscleMind/MuscleMind/backend/api/profile.routes.js": {"path":"/Users/oliver/Desktop/MuscleMind/MuscleMind/backend/api/profile.routes.js","statementMap":{"0":{"start":{"line":1,"column":16},"end":{"line":1,"column":34}},"1":{"start":{"line":2,"column":15},"end":{"line":2,"column":31}},"2":{"start":{"line":3,"column":11},"end":{"line":3,"column":40}},"3":{"start":{"line":4,"column":18},"end":{"line":4,"column":39}},"4":{"start":{"line":5,"column":15},"end":{"line":5,"column":32}},"5":{"start":{"line":6,"column":27},"end":{"line":6,"column":71}},"6":{"start":{"line":7,"column":34},"end":{"line":7,"column":80}},"7":{"start":{"line":9,"column":19},"end":{"line":9,"column":21}},"8":{"start":{"line":11,"column":0},"end":{"line":11,"column":26}},"9":{"start":{"line":13,"column":0},"end":{"line":38,"column":2}},"10":{"start":{"line":14,"column":4},"end":{"line":37,"column":5}},"11":{"start":{"line":15,"column":19},"end":{"line":15,"column":42}},"12":{"start":{"line":16,"column":22},"end":{"line":16,"column":51}},"13":{"start":{"line":17,"column":28},"end":{"line":17,"column":63}},"14":{"start":{"line":18,"column":23},"end":{"line":18,"column":53}},"15":{"start":{"line":21,"column":8},"end":{"line":25,"column":10}},"16":{"start":{"line":27,"column":8},"end":{"line":27,"column":36}},"17":{"start":{"line":28,"column":19},"end":{"line":28,"column":49}},"18":{"start":{"line":29,"column":8},"end":{"line":33,"column":9}},"19":{"start":{"line":30,"column":12},"end":{"line":30,"column":76}},"20":{"start":{"line":32,"column":12},"end":{"line":32,"column":52}},"21":{"start":{"line":34,"column":8},"end":{"line":36,"column":11}},"22":{"start":{"line":40,"column":0},"end":{"line":108,"column":2}},"23":{"start":{"line":41,"column":4},"end":{"line":107,"column":5}},"24":{"start":{"line":42,"column":19},"end":{"line":42,"column":49}},"25":{"start":{"line":43,"column":19},"end":{"line":43,"column":42}},"26":{"start":{"line":44,"column":27},"end":{"line":44,"column":52}},"27":{"start":{"line":45,"column":25},"end":{"line":45,"column":52}},"28":{"start":{"line":46,"column":32},"end":{"line":46,"column":60}},"29":{"start":{"line":48,"column":8},"end":{"line":54,"column":9}},"30":{"start":{"line":56,"column":8},"end":{"line":66,"column":9}},"31":{"start":{"line":68,"column":8},"end":{"line":70,"column":9}},"3
[...]
lumn":32},"end":{"line":748,"column":67}}],"line":748},"22":{"loc":{"start":{"line":800,"column":27},"end":{"line":800,"column":68}},"type":"cond-expr","locations":[{"start":{"line":800,"column":50},"end":{"line":800,"column":56}},{"start":{"line":800,"column":59},"end":{"line":800,"column":68}}],"line":800},"23":{"loc":{"start":{"line":813,"column":12},"end":{"line":834,"column":13}},"type":"if","locations":[{"start":{"line":813,"column":12},"end":{"line":834,"column":13}},{"start":{},"end":{}}],"line":813},"24":{"loc":{"start":{"line":864,"column":8},"end":{"line":867,"column":9}},"type":"if","locations":[{"start":{"line":864,"column":8},"end":{"line":867,"column":9}},{"start":{},"end":{}}],"line":864},"25":{"loc":{"start":{"line":882,"column":8},"end":{"line":886,"column":9}},"type":"if","locations":[{"start":{"line":882,"column":8},"end":{"line":886,"column":9}},{"start":{},"end":{}}],"line":882},"26":{"loc":{"start":{"line":889,"column":8},"end":{"line":892,"column":9}},"type":"if","locations":[{"start":{"line":889,"column":8},"end":{"line":892,"column":9}},{"start":{},"end":{}}],"line":889},"27":{"loc":{"start":{"line":906,"column":8},"end":{"line":913,"column":9}},"type":"if","locations":[{"start":{"line":906,"column":8},"end":{"line":913,"column":9}},{"start":{"line":909,"column":15},"end":{"line":913,"column":9}}],"line":906},"28":{"loc":{"start":{"line":922,"column":8},"end":{"line":937,"column":9}},"type":"if","locations":[{"start":{"line":922,"column":8},"end":{"line":937,"column":9}},{"start":{},"end":{}}],"line":922},"29":{"loc":{"start":{"line":945,"column":27},"end":{"line":945,"column":68}},"type":"cond-expr","locations":[{"start":{"line":945,"column":50},"end":{"line":945,"column":56}},{"start":{"line":945,"column":59},"end":{"line":945,"column":68}}],"line":945},"30":{"loc":{"start":{"line":956,"column":12},"end":{"line":977,"column":13}},"type":"if","locations":[{"start":{"line":956,"column":12},"end":{"line":977,"column":13}},{"start":{},"end":{}}],"line":956},"31":{"loc":{"start":{"line":1026,"column":12},"end":{"line":1039,"column":13}},"type":"if","locations":[{"start":{"line":1026,"column":12},"end":{"line":1039,"column":13}},{"start":{},"end":{}}],"line":1026},"32":{"loc":{"start":{"line":1042,"column":8},"end":{"line":1054,"column":9}},"type":"if","locations":[{"start":{"line":1042,"column":8},"end":{"line":1054,"column":9}},{"start":{},"end":{}}],"line":1042},"33":{"loc":{"start":{"line":1123,"column":8},"end":{"line":1125,"column":9}},"type":"if","locations":[{"start":{"line":1123,"column":8},"end":{"line":1125,"column":9}},{"start":{},"end":{}}],"line":1123},"34":{"loc":{"start":{"line":1135,"column":8},"end":{"line":1161,"column":9}},"type":"if","locations":[{"start":{"line":1135,"column":8},"end":{"line":1161,"column":9}},{"start":{"line":1155,"column":15},"end":{"line":1161,"column":9}}],"line":1135},"35":{"loc":{"start":{"line":1324,"column":4},"end":{"line":1328,"column":5}},"type":"if","locations":[{"start":{"line":1324,"column":4},"end":{"line":1328,"column":5}},{"start":{"line":1326,"column":9},"end":{"line":1328,"column":5}}],"line":1324},"36":{"loc":{"start":{"line":1423,"column":4},"end":{"line":1425,"column":5}},"type":"if","locations":[{"start":{"line":1423,"column":4},"end":{"line":1425,"column":5}},{"start":{},"end":{}}],"line":1423},"37":{"loc":{"start":{"line":1465,"column":12},"end":{"line":1470,"column":13}},"type":"if","locations":[{"start":{"line":1465,"column":12},"end":{"line":1470,"column":13}},{"start":{},"end":{}}],"line":1465},"38":{"loc":{"start":{"line":1519,"column":8},"end":{"line":1519,"column":24}},"type":"binary-expr","locations":[{"start":{"line":1519,"column":8},"end":{"line":1519,"column":16}},{"start":{"line":1519,"column":20},"end":{"line":1519,"column":24}}],"line":1519},"39":{"loc":{"start":{"line":1580,"column":8},"end":{"line":1580,"column":24}},"type":"binary-expr","locations":[{"start":{"line":1580,"column":8},"end":{"line":1580,"column":16}},{"start":{"line":1580,"column":20},"end":{"line":1580,"column":24}}],"line":1580},"40":{"loc":{"start":{"line":1789,"column":12},"end":{"line":1792,"column":13}},"type":"if","locations":[{"start":{"line":1789,"column":12},"end":{"line":1792,"column":13}},{"start":{},"end":{}}],"line":1789},"41":{"loc":{"start":{"line":1796,"column":8},"end":{"line":1812,"column":9}},"type":"if","locations":[{"start":{"line":1796,"column":8},"end":{"line":1812,"column":9}},{"start":{},"end":{}}],"line":1796},"42":{"loc":{"start":{"line":1801,"column":25},"end":{"line":1801,"column":44}},"type":"binary-expr","locations":[{"start":{"line":1801,"column":25},"end":{"line":1801,"column":36}},{"start":{"line":1801,"column":40},"end":{"line":1801,"column":44}}],"line":1801},"43":{"loc":{"start":{"line":1803,"column":23},"end":{"line":1803,"column":40}},"type":"binary-expr","locations":[{"start":{"line":1803,"column":23},"end":{"line":1803,"column":32}},{"start":{"line":1803,"column":36},"end":{"line":1803,"column":40}}],"line":1803},"44":{"loc":{"start":{"line":1804,"column":26},"end":{"line":1804,"column":46}},"type":"binary-expr","locations":[{"start":{"line":1804,"column":26},"end":{"line":1804,"column":38}},{"start":{"line":1804,"column":42},"end":{"line":1804,"column":46}}],"line":1804},"45":{"loc":{"start":{"line":1805,"column":22},"end":{"line":1805,"column":38}},"type":"binary-expr","locations":[{"start":{"line":1805,"column":22},"end":{"line":1805,"column":30}},{"start":{"line":1805,"column":34},"end":{"line":1805,"column":38}}],"line":1805},"46":{"loc":{"start":{"line":1806,"column":29},"end":{"line":1806,"column":52}},"type":"binary-expr","locations":[{"start":{"line":1806,"column":29},"end":{"line":1806,"column":44}},{"start":{"line":1806,"column":48},"end":{"line":1806,"column":52}}],"line":1806},"47":{"loc":{"start":{"line":1818,"column":12},"end":{"line":1821,"column":13}},"type":"if","locations":[{"start":{"line":1818,"column":12},"end":{"line":1821,"column":13}},{"start":{},"end":{}}],"line":1818},"48":{"loc":{"start":{"line":1825,"column":8},"end":{"line":1836,"column":9}},"type":"if","locations":[{"start":{"line":1825,"column":8},"end":{"line":1836,"column":9}},{"start":{},"end":{}}],"line":1825},"49":{"loc":{"start":{"line":1839,"column":8},"end":{"line":1847,"column":9}},"type":"if","locations":[{"start":{"line":1839,"column":8},"end":{"line":1847,"column":9}},{"start":{},"end":{}}],"line":1839},"50":{"loc":{"start":{"line":1893,"column":12},"end":{"line":1907,"column":13}},"type":"if","locations":[{"start":{"line":1893,"column":12},"end":{"line":1907,"column":13}},{"start":{},"end":{}}],"line":1893},"51":{"loc":{"start":{"line":1949,"column":8},"end":{"line":1952,"column":9}},"type":"if","locations":[{"start":{"line":1949,"column":8},"end":{"line":1952,"column":9}},{"start":{},"end":{}}],"line":1949},"52":{"loc":{"start":{"line":1995,"column":12},"end":{"line":2009,"column":13}},"type":"if","locations":[{"start":{"line":1995,"column":12},"end":{"line":2009,"column":13}},{"start":{},"end":{}}],"line":1995},"53":{"loc":{"start":{"line":2074,"column":8},"end":{"line":2076,"column":9}},"type":"if","locations":[{"start":{"line":2074,"column":8},"end":{"line":2076,"column":9}},{"start":{},"end":{}}],"line":2074},"54":{"loc":{"start":{"line":2077,"column":8},"end":{"line":2079,"column":9}},"type":"if","locations":[{"start":{"line":2077,"column":8},"end":{"line":2079,"column":9}},{"start":{},"end":{}}],"line":2077},"55":{"loc":{"start":{"line":2091,"column":31},"end":{"line":2091,"column":92}},"type":"cond-expr","locations":[{"start":{"line":2091,"column":54},"end":{"line":2091,"column":87}},{"start":{"line":2091,"column":91},"end":{"line":2091,"column":92}}],"line":2091},"56":{"loc":{"start":{"line":2091,"column":54},"end":{"line":2091,"column":87}},"type":"binary-expr","locations":[{"start":{"line":2091,"column":54},"end":{"line":2091,"column":82}},{"start":{"line":2091,"column":86},"end":{"line":2091,"column":87}}],"line":2091},"57":{"loc":{"start":{"line":2123,"column":31},"end":{"line":2123,"column":54}},"type":"binary-expr","locations":[{"start":{"line":2123,"column":31},"end":{"line":2123,"column":49}},{"start":{"line":2123,"column":53},"end":{"line":2123,"column":54}}],"line":2123},"58":{"loc":{"start":{"line":2124,"column":29},"end":{"line":2124,"column":50}},"type":"binary-expr","locations":[{"start":{"line":2124,"column":29},"end":{"line":2124,"column":45}},{"start":{"line":2124,"column":49},"end":{"line":2124,"column":50}}],"line":2124},"59":{"loc":{"start":{"line":2128,"column":12},"end":{"line":2132,"column":13}},"type":"if","locations":[{"start":{"line":2128,"column":12},"end":{"line":2132,"column":13}},{"start":{"line":2130,"column":19},"end":{"line":2132,"column":13}}],"line":2128},"60":{"loc":{"start":{"line":2138,"column":12},"end":{"line":2138,"column":64}},"type":"if","locations":[{"start":{"line":2138,"column":12},"end":{"line":2138,"column":64}},{"start":{},"end":{}}],"line":2138},"61":{"loc":{"start":{"line":2141,"column":12},"end":{"line":2147,"column":13}},"type":"if","locations":[{"start":{"line":2141,"column":12},"end":{"line":2147,"column":13}},{"start":{},"end":{}}],"line":2141},"62":{"loc":{"start":{"line":2149,"column":12},"end":{"line":2152,"column":13}},"type":"if","locations":[{"start":{"line":2149,"column":12},"end":{"line":2152,"column":13}},{"start":{},"end":{}}],"line":2149},"63":{"loc":{"start":{"line":2154,"column":12},"end":{"line":2156,"column":13}},"type":"if","locations":[{"start":{"line":2154,"column":12},"end":{"line":2156,"column":13}},{"start":{},"end":{}}],"line":2154},"64":{"loc":{"start":{"line":2169,"column":12},"end":{"line":2214,"column":13}},"type":"if","locations":[{"start":{"line":2169,"column":12},"end":{"line":2214,"column":13}},{"start":{"line":2184,"column":19},"end":{"line":2214,"column":13}}],"line":2169},"65":{"loc":{"start":{"line":2185,"column":41},"end":{"line":2185,"column":74}},"type":"binary-expr","locations":[{"start":{"line":2185,"column":41},"end":{"line":2185,"column":69}},{"start":{"line":2185,"column":73},"end":{"line":2185,"column":74}}],"line":2185},"66":{"loc":{"start":{"line":2186,"column":42},"end":{"line":2186,"column":76}},"type":"binary-expr","locations":[{"start":{"line":2186,"column":42},"end":{"line":2186,"column":71}},{"start":{"line":2186,"column":75},"end":{"line":2186,"column":76}}],"line":2186},"67":{"loc":{"start":{"line":2191,"column":16},"end":{"line":2195,"column":17}},"type":"if","locations":[{"start":{"line":2191,"column":16},"end":{"line":2195,"column":17}},{"start":{},"end":{}}],"line":2191},"68":{"loc":{"start":{"line":2197,"column":16},"end":{"line":2201,"column":17}},"type":"if","locations":[{"start":{"line":2197,"column":16},"end":{"line":2201,"column":17}},{"start":{},"end":{}}],"line":2197},"69":{"loc":{"start":{"line":2203,"column":16},"end":{"line":2213,"column":17}},"type":"if","locations":[{"start":{"line":2203,"column":16},"end":{"line":2213,"column":17}},{"start":{},"end":{}}],"line":2203},"70":{"loc":{"start":{"line":2216,"column":12},"end":{"line":2218,"column":13}},"type":"if","locations":[{"start":{"line":2216,"column":12},"end":{"line":2218,"column":13}},{"start":{},"end":{}}],"line":2216},"71":{"loc":{"start":{"line":2230,"column":8},"end":{"line":2275,"column":9}},"type":"if","locations":[{"start":{"line":2230,"column":8},"end":{"line":2275,"column":9}},{"start":{"line":2253,"column":15},"end":{"line":2275,"column":9}}],"line":2230},"72":{"loc":{"start":{"line":2279,"column":8},"end":{"line":2283,"column":9}},"type":"if","locations":[{"start":{"line":2279,"column":8},"end":{"line":2283,"column":9}},{"start":{"line":2281,"column":15},"end":{"line":2283,"column":9}}],"line":2279},"73":{"loc":{"start":{"line":2290,"column":12},"end":{"line":2294,"column":13}},"type":"if","locations":[{"start":{"line":2290,"column":12},"end":{"line":2294,"column":13}},{"start":{"line":2292,"column":19},"end":{"line":2294,"column":13}}],"line":2290},"74":{"loc":{"start":{"line":2301,"column":8},"end":{"line":2338,"column":9}},"type":"if","locations":[{"start":{"line":2301,"column":8},"end":{"line":2338,"column":9}},{"start":{"line":2318,"column":15},"end":{"line":2338,"column":9}}],"line":2301},"75":{"loc":{"start":{"line":2410,"column":11},"end":{"line":2410,"column":43}},"type":"cond-expr","locations":[{"start":{"line":2410,"column":29},"end":{"line":2410,"column":36}},{"start":{"line":2410,"column":39},"end":{"line":2410,"column":43}}],"line":2410}},"s":{"0":2,"1":2,"2":0,"3":0,"4":0,"5":0,"6":0,"7":0,"8":0,"9":0,"10":0,"11":0,"12":0,"13":0,"14":0,"15":0,"16":0,"17":0,"18":0,"19":0,"20":0,"21":0,"22":0,"23":0,"24":0,"25":0,"26":0,"27":0,"28":0,"29":0,"30":0,"31":0,"32":0,"33":0,"34":0,"35":0,"36":0,"37":0,"38":0,"39":0,"40":0,"41":0,"42":0,"43":0,"44":0,"45":0,"46":0,"47":0,"48":0,"49":0,"50":0,"51":0,"52":0,"53":0,"54":0,"55":0,"56":0,"57":0,"58":0,"59":0,"60":0,"61":0,"62":0,"63":0,"64":0,"65":0,"66":0,"67":0,"68":0,"69":0,"70":0,"71":0,"72":0,"73":0,"74":0,"75":0,"76":0,"77":0,"78":0,"79":0,"80":0,"81":0,"82":0,"83":0,"84":0,"85":0,"86":0,"87":0,"88":0,"89":0,"90":0,"91":0,"92":0,"93":0,"94":0,"95":0,"96":0,"97":0,"98":0,"99":0,"100":0,"101":0,"102":0,"103":0,"104":0,"105":0,"106":0,"107":0,"108":0,"109":0,"110":0,"111":0,"112":0,"113":0,"114":0,"115":0,"116":0,"117":0,"118":0,"119":0,"120":0,"121":0,"122":0,"123":0,"124":0,"125":0,"126":0,"127":0,"128":0,"129":0,"130":0,"131":0,"132":0,"133":0,"134":0,"135":0,"136":0,"137":0,"138":0,"139":0,"140":0,"141":0,"142":0,"143":0,"144":0,"145":0,"146":0,"147":0,"148":0,"149":0,"150":0,"151":0,"152":0,"153":0,"154":0,"155":0,"156":0,"157":0,"158":0,"159":0,"160":0,"161":0,"162":0,"163":0,"164":0,"165":0,"166":0,"167":0,"168":0,"169":0,"170":0,"171":0,"172":0,"173":0,"174":0,"175":0,"176":0,"177":0,"178":0,"179":0,"180":0,"181":0,"182":0,"183":0,"184":0,"185":0,"186":0,"187":0,"188":0,"189":0,"190":0,"191":0,"192":0,"193":0,"194":0,"195":0,"196":0,"197":0,"198":0,"199":0,"200":0,"201":0,"202":0,"203":0,"204":0,"205":0,"206":0,"207":0,"208":0,"209":0,"210":0,"211":0,"212":0,"213":0,"214":0,"215":0,"216":0,"217":0,"218":0,"219":0,"220":0,"221":0,"222":0,"223":0,"224":0,"225":0,"226":0,"227":0,"228":0,"229":0,"230":0,"231":0,"232":0,"233":0,"234":0,"235":0,"236":0,"237":0,"238":0,"239":0,"240":0,"241":0,"242":0,"243":0,"244":0,"245":0,"246":0,"247":0,"248":0,"249":0,"250":0,"251":0,"252":0,"253":0,"254":0,"255":0,"256":0,"257":0,"258":0,"259":0,"260":0,"261":0,"262":0,"263":0,"264":0,"265":0,"266":0,"267":0,"268":0,"269":0,"270":0,"271":0,"272":0,"273":0,"274":0,"275":0,"276":0,"277":0,"278":0,"279":0,"280":0,"281":0,"282":0,"283":0,"284":0,"285":0,"286":0,"287":0,"288":0,"289":0,"290":0,"291":0,"292":0,"293":0,"294":0,"295":0,"296":0,"297":0,"298":0,"299":0,"300":0,"301":0,"302":0,"303":0,"304":0,"305":0,"306":0,"307":0,"308":0,"309":0,"310":0,"311":0,"312":0,"313":0,"314":0,"315":0,"316":0,"317":0,"318":0,"319":0,"320":0,"321":0,"322":0,"323":0,"324":0,"325":0,"326":0,"327":0,"328":0,"329":0,"330":0,"331":0,"332":0,"333":0,"334":0,"335":0,"336":0,"337":0,"338":0,"339":0,"340":0,"341":0,"342":0,"343":0,"344":0,"345":0,"346":0,"347":0,"348":0,"349":0,"350":0,"351":0,"352":0,"353":0,"354":0,"355":0,"356":0,"357":0,"358":0,"359":0,"360":0,"361":0,"362":0,"363":0,"364":0,"365":0,"366":0,"367":0,"368":0,"369":0,"370":0,"371":0,"372":0,"373":0,"374":0,"375":0,"376":0,"377":0,"378":0,"379":0,"380":0,"381":0,"382":0,"383":0,"384":0,"385":0,"386":0,"387":0,"388":0,"389":0,"390":0,"391":0,"392":0,"393":0,"394":0,"395":0,"396":0,"397":0,"398":0,"399":0,"400":0,"401":0,"402":0,"403":0,"404":0,"405":0,"406":0,"407":0,"408":0,"409":0,"410":0,"411":0,"412":0,"413":0,"414":0,"415":0,"416":0,"417":0,"418":0,"419":0,"420":0,"421":0,"422":0,"423":0,"424":0,"425":0,"426":0,"427":0,"428":0,"429":0,"430":0,"431":0,"432":0,"433":0,"434":0,"435":0,"436":0,"437":0,"438":0,"439":0,"440":0,"441":0,"442":0,"443":0,"444":0,"445":0,"446":0,"447":0,"448":0,"449":0,"450":0,"451":0,"452":0,"453":0,"454":0,"455":0,"456":0,"457":0,"458":0,"459":0,"460":0,"461":0,"462":0,"463":0,"464":0,"465":0,"466":0,"467":0,"468":0,"469":0,"470":0,"471":0,"472":0,"473":0,"474":0,"475":0,"476":0,"477":0,"478":0,"479":0,"480":0,"481":0,"482":0,"483":0,"484":0,"485":0,"486":0,"487":0,"488":0,"489":0,"490":0,"491":0,"492":0,"493":0,"494":0,"495":0,"496":0,"497":0,"498":0,"499":0,"500":0,"501":0,"502":0,"503":0,"504":0,"505":0,"506":0,"507":0,"508":0,"509":0,"510":0,"511":0,"512":0,"513":0,"514":0,"515":0,"516":0,"517":0,"518":0,"519":0,"520":0,"521":0,"522":0,"523":0,"524":0,"525":0,"526":0,"527":0,"528":0,"529":0,"530":0,"531":0,"532":0,"533":0,"534":0,"535":0,"536":0,"537":0,"538":0,"539":0,"540":0,"541":0,"542":0,"543":0,"544":0,"545":0,"546":0,"547":0,"548":0,"549":0,"550":0,"551":0,"552":0,"553":0,"554":0,"555":0,"556":0,"557":0,"558":0,"559":0,"560":0,"561":0,"562":0,"563":0,"564":0,"565":0,"566":0,"567":0,"568":0,"569":0,"570":0,"571":0,"572":0,"573":0,"574":0,"575":0,"576":0,"577":0,"578":0,"579":0,"580":0,"581":0,"582":0,"583":0,"584":0,"585":0,"586":0,"587":0,"588":0,"589":0,"590":0,"591":0,"592":0,"593":0,"594":0,"595":0,"596":0,"597":0,"598":0,"599":0,"600":0,"601":0,"602":0,"603":0,"604":0,"605":0,"606":0,"607":0,"608":0,"609":0,"610":0,"611":0,"612":0,"613":0,"614":0,"615":0,"616":0,"617":0,"618":0,"619":0,"620":0,"621":0,"622":0,"623":0,"624":0,"625":0,"626":0,"627":0,"628":0,"629":0,"630":0,"631":0,"632":0,"633":0,"634":0,"635":0,"636":0,"637":0,"638":0,"639":0,"640":0,"641":0,"642":0,"643":0,"644":0,"645":0,"646":0,"647":0,"648":0,"649":0,"650":0,"651":0,"652":0,"653":0,"654":0,"655":0,"656":0,"657":0,"658":0,"659":0,"660":0,"661":0,"662":0,"663":0,"664":0,"665":0,"666":0,"667":0,"668":0,"669":0,"670":0,"671":0,"672":0,"673":0,"674":0,"675":0,"676":0,"677":0,"678":0,"679":0,"680":0,"681":0,"682":0,"683":0,"684":0,"685":0,"686":0,"687":0,"688":0,"689":0,"690":0,"691":0,"692":0,"693":0,"694":0,"695":0,"696":0,"697":0,"698":0,"699":0,"700":0,"701":0,"702":0,"703":0,"704":0,"705":0,"706":0,"707":0,"708":0,"709":0,"710":0,"711":0,"712":0,"713":0,"714":0,"715":0,"716":0,"717":0,"718":0,"719":0,"720":0,"721":0,"722":0,"723":2},"f":{"0":0,"1":0,"2":0,"3":0,"4":0,"5":0,"6":0,"7":0,"8":0,"9":0,"10":0,"11":0,"12":0,"13":0,"14":0,"15":0,"16":0,"17":0,"18":0,"19":0,"20":0,"21":0,"22":0,"23":0,"24":0,"25":0,"26":0,"27":0,"28":0,"29":0,"30":0,"31":0,"32":0,"33":0,"34":0,"35":0,"36":0,"37":0,"38":0,"39":0,"40":0,"41":0,"42":0,"43":0,"44":0,"45":0,"46":0,"47":0,"48":0,"49":0,"50":0,"51":0,"52":0,"53":0,"54":0,"55":0,"56":0,"57":0,"58":0,"59":0,"60":0,"61":0,"62":0,"63":0,"64":0,"65":0,"66":0,"67":0,"68":0,"69":0,"70":0,"71":0,"72":0,"73":0,"74":0,"75":0,"76":0,"77":0,"78":0,"79":0,"80":0,"81":0,"82":0,"83":0,"84":0,"85":0,"86":0,"87":0,"88":0,"89":0,"90":0,"91":0,"92":0,"93":0,"94":0,"95":0,"96":0,"97":0,"98":0,"99":0,"100":0,"101":0,"102":0,"103":0,"104":0,"105":0,"106":0,"107":0,"108":0,"109":0,"110":0,"111":0,"112":0,"113":0,"114":0,"115":0,"116":0,"117":0,"118":0,"119":0},"b":{"0":[0,0],"1":[0,0],"2":[0,0],"3":[0,0],"4":[0,0],"5":[0,0,0],"6":[0,0,0,0],"7":[0,0,0,0],"8":[0,0,0,0],"9":[0,0],"10":[0,0],"11":[0,0],"12":[0,0,0,0,0],"13":[0,0],"14":[0,0],"15":[0,0],"16":[0,0],"17":[0,0],"18":[0,0],"19":[0,0],"20":[0,0],"21":[0,0],"22":[0,0],"23":[0,0],"24":[0,0],"25":[0,0],"26":[0,0],"27":[0,0],"28":[0,0],"29":[0,0],"30":[0,0],"31":[0,0],"32":[0,0],"33":[0,0],"34":[0,0],"35":[0,0],"36":[0,0],"37":[0,0],"38":[0,0],"39":[0,0],"40":[0,0],"41":[0,0],"42":[0,0],"43":[0,0],"44":[0,0],"45":[0,0],"46":[0,0],"47":[0,0],"48":[0,0],"49":[0,0],"50":[0,0],"51":[0,0],"52":[0,0],"53":[0,0],"54":[0,0],"55":[0,0],"56":[0,0],"57":[0,0],"58":[0,0],"59":[0,0],"60":[0,0],"61":[0,0],"62":[0,0],"63":[0,0],"64":[0,0],"65":[0,0],"66":[0,0],"67":[0,0],"68":[0,0],"69":[0,0],"70":[0,0],"71":[0,0],"72":[0,0],"73":[0,0],"74":[0,0],"75":[0,0]},"_coverageSchema":"1a1c01bbd47fc00a2c39e90264f33305004495a9","hash":"04ea188d7e02c206f8c4eb9867fa44e80177db91"}
}
