TN:
SF:backend/app.js
FN:18,(anonymous_0)
FN:44,(anonymous_1)
FN:48,(anonymous_2)
FN:52,(anonymous_3)
FN:56,(anonymous_4)
FN:60,(anonymous_5)
FN:64,(anonymous_6)
FN:68,(anonymous_7)
FN:72,(anonymous_8)
FN:76,(anonymous_9)
FN:80,(anonymous_10)
FN:84,(anonymous_11)
FN:88,(anonymous_12)
FN:92,(anonymous_13)
FN:96,(anonymous_14)
FN:100,(anonymous_15)
FN:111,(anonymous_16)
FN:118,(anonymous_17)
FN:123,(anonymous_18)
FNF:19
FNH:3
FNDA:2,(anonymous_0)
FNDA:0,(anonymous_1)
FNDA:0,(anonymous_2)
FNDA:0,(anonymous_3)
FNDA:0,(anonymous_4)
FNDA:0,(anonymous_5)
FNDA:0,(anonymous_6)
FNDA:0,(anonymous_7)
FNDA:0,(anonymous_8)
FNDA:0,(anonymous_9)
FNDA:0,(anonymous_10)
FNDA:0,(anonymous_11)
FNDA:0,(anonymous_12)
FNDA:0,(anonymous_13)
FNDA:0,(anonymous_14)
FNDA:0,(anonymous_15)
FNDA:1,(anonymous_16)
FNDA:1,(anonymous_17)
FNDA:0,(anonymous_18)
DA:2,1
DA:3,1
DA:4,1
DA:6,1
DA:7,1
DA:8,1
DA:11,1
DA:12,1
DA:14,1
DA:15,1
DA:18,1
DA:19,2
DA:20,0
DA:22,2
DA:25,1
DA:28,1
DA:44,1
DA:45,0
DA:48,1
DA:49,0
DA:52,1
DA:53,0
DA:56,1
DA:57,0
DA:60,1
DA:61,0
DA:64,1
DA:65,0
DA:68,1
DA:69,0
DA:72,1
DA:73,0
DA:76,1
DA:77,0
DA:80,1
DA:81,0
DA:84,1
DA:85,0
DA:88,1
DA:89,0
DA:92,1
DA:93,0
DA:96,1
DA:97,0
DA:100,1
DA:101,0
DA:105,1
DA:107,1
DA:108,1
DA:111,1
DA:112,1
DA:118,1
DA:119,1
DA:123,1
DA:124,0
DA:125,0
DA:131,0
DA:133,0
DA:134,0
DA:140,0
DA:145,1
LF:61
LH:39
BRDA:19,0,0,0
BRDA:19,0,1,2
BRDA:124,1,0,0
BRDA:124,1,1,0
BRDA:133,2,0,0
BRDA:133,2,1,0
BRDA:134,3,0,0
BRDA:134,3,1,0
BRDA:135,4,0,0
BRDA:135,4,1,0
BRDA:136,5,0,0
BRDA:136,5,1,0
BRDA:141,6,0,0
BRDA:141,6,1,0
BRF:14
BRH:1
end_of_record
TN:
SF:backend/api/admin.routes.js
FN:14,(anonymous_0)
FN:42,(anonymous_1)
FN:61,(anonymous_2)
FN:91,(anonymous_3)
FN:114,(anonymous_4)
FN:152,(anonymous_5)
FN:190,(anonymous_6)
FN:209,(anonymous_7)
FN:229,(anonymous_8)
FN:276,(anonymous_9)
FN:329,(anonymous_10)
FN:376,(anonymous_11)
FN:423,(anonymous_12)
FN:459,(anonymous_13)
FN:490,(anonymous_14)
FN:509,(anonymous_15)
FN:560,(anonymous_16)
FN:593,(anonymous_17)
FN:614,(anonymous_18)
FN:646,(anonymous_19)
FN:679,(anonymous_20)
FNF:21
FNH:0
FNDA:0,(anonymous_0)
FNDA:0,(anonymous_1)
FNDA:0,(anonymous_2)
FNDA:0,(anonymous_3)
FNDA:0,(anonymous_4)
FNDA:0,(anonymous_5)
FNDA:0,(anonymous_6)
FNDA:0,(anonymous_7)
FNDA:0,(anonymous_8)
FNDA:0,(anonymous_9)
FNDA:0,(anonymous_10)
FNDA:0,(anonymous_11)
FNDA:0,(anonymous_12)
FNDA:0,(anonymous_13)
FNDA:0,(anonymous_14)
FNDA:0,(anonymous_15)
FNDA:0,(anonymous_16)
FNDA:0,(anonymous_17)
FNDA:0,(anonymous_18)
FNDA:0,(anonymous_19)
FNDA:0,(anonymous_20)
DA:1,1
DA:2,1
DA:3,1
DA:4,1
DA:5,1
DA:6,1
DA:7,1
DA:8,1
DA:9,1
DA:10,1
DA:11,1
DA:14,1
DA:15,0
DA:16,0
DA:24,0
DA:28,0
DA:29,0
DA:30,0
DA:31,0
DA:33,0
DA:35,0
DA:42,1
DA:43,0
DA:44,0
DA:45,0
DA:49,0
DA:50,0
DA:51,0
DA:52,0
DA:54,0
DA:56,0
DA:61,1
DA:62,0
DA:63,0
DA:64,0
DA:65,0
DA:66,0
DA:70,0
DA:71,0
DA:72,0
DA:73,0
DA:74,0
DA:79,0
DA:80,0
DA:81,0
DA:82,0
DA:84,0
DA:86,0
DA:91,1
DA:92,0
DA:93,0
DA:94,0
DA:95,0
DA:96,0
DA:97,0
DA:102,0
DA:103,0
DA:104,0
DA:105,0
DA:107,0
DA:109,0
DA:114,1
DA:115,0
DA:116,0
DA:117,0
DA:118,0
DA:119,0
DA:123,0
DA:125,0
DA:126,0
DA:127,0
DA:128,0
DA:129,0
DA:131,0
DA:132,0
DA:135,0
DA:140,0
DA:141,0
DA:142,0
DA:143,0
DA:145,0
DA:147,0
DA:152,1
DA:153,0
DA:154,0
DA:155,0
DA:156,0
DA:157,0
DA:161,0
DA:162,0
DA:163,0
DA:167,0
DA:168,0
DA:169,0
DA:170,0
DA:171,0
DA:176,0
DA:177,0
DA:178,0
DA:179,0
DA:181,0
DA:183,0
DA:190,1
DA:191,0
DA:192,0
DA:193,0
DA:197,0
DA:198,0
DA:199,0
DA:200,0
DA:202,0
DA:204,0
DA:209,1
DA:210,0
DA:211,0
DA:212,0
DA:213,0
DA:217,0
DA:218,0
DA:219,0
DA:220,0
DA:222,0
DA:224,0
DA:229,1
DA:230,0
DA:231,0
DA:232,0
DA:233,0
DA:234,0
DA:235,0
DA:239,0
DA:240,0
DA:244,0
DA:245,0
DA:246,0
DA:247,0
DA:250,0
DA:254,0
DA:255,0
DA:258,0
DA:264,0
DA:265,0
DA:266,0
DA:267,0
DA:269,0
DA:271,0
DA:276,1
DA:277,0
DA:278,0
DA:279,0
DA:280,0
DA:281,0
DA:282,0
DA:286,0
DA:287,0
DA:291,0
DA:292,0
DA:293,0
DA:294,0
DA:300,0
DA:304,0
DA:305,0
DA:311,0
DA:317,0
DA:318,0
DA:319,0
DA:320,0
DA:322,0
DA:324,0
DA:329,1
DA:330,0
DA:331,0
DA:332,0
DA:333,0
DA:334,0
DA:335,0
DA:339,0
DA:340,0
DA:344,0
DA:345,0
DA:346,0
DA:350,0
DA:351,0
DA:352,0
DA:353,0
DA:359,0
DA:364,0
DA:365,0
DA:366,0
DA:367,0
DA:369,0
DA:371,0
DA:376,1
DA:377,0
DA:378,0
DA:379,0
DA:380,0
DA:381,0
DA:382,0
DA:386,0
DA:387,0
DA:391,0
DA:392,0
DA:393,0
DA:397,0
DA:398,0
DA:399,0
DA:400,0
DA:406,0
DA:411,0
DA:412,0
DA:413,0
DA:414,0
DA:416,0
DA:418,0
DA:423,1
DA:424,0
DA:425,0
DA:426,0
DA:427,0
DA:428,0
DA:432,0
DA:433,0
DA:434,0
DA:441,0
DA:446,0
DA:447,0
DA:448,0
DA:449,0
DA:451,0
DA:453,0
DA:459,1
DA:460,0
DA:461,0
DA:462,0
DA:463,0
DA:464,0
DA:465,0
DA:467,0
DA:468,0
DA:474,0
DA:478,0
DA:479,0
DA:480,0
DA:481,0
DA:483,0
DA:485,0
DA:490,1
DA:491,0
DA:492,0
DA:493,0
DA:497,0
DA:498,0
DA:499,0
DA:500,0
DA:502,0
DA:504,0
DA:509,1
DA:510,0
DA:511,0
DA:512,0
DA:513,0
DA:515,0
DA:516,0
DA:521,0
DA:522,0
DA:524,0
DA:525,0
DA:531,0
DA:535,0
DA:536,0
DA:542,0
DA:548,0
DA:549,0
DA:550,0
DA:551,0
DA:553,0
DA:555,0
DA:560,1
DA:561,0
DA:562,0
DA:563,0
DA:565,0
DA:566,0
DA:568,0
DA:575,0
DA:580,0
DA:581,0
DA:582,0
DA:583,0
DA:585,0
DA:587,0
DA:593,1
DA:594,0
DA:595,0
DA:596,0
DA:597,0
DA:602,0
DA:603,0
DA:604,0
DA:605,0
DA:607,0
DA:609,0
DA:614,1
DA:615,0
DA:616,0
DA:617,0
DA:619,0
DA:621,0
DA:623,0
DA:630,0
DA:634,0
DA:635,0
DA:636,0
DA:637,0
DA:639,0
DA:641,0
DA:646,1
DA:647,0
DA:648,0
DA:649,0
DA:650,0
DA:652,0
DA:654,0
DA:656,0
DA:663,0
DA:667,0
DA:668,0
DA:669,0
DA:670,0
DA:672,0
DA:674,0
DA:679,1
DA:680,0
DA:681,0
DA:682,0
DA:684,0
DA:686,0
DA:687,0
DA:692,0
DA:694,0
DA:701,0
DA:705,0
DA:706,0
DA:707,0
DA:708,0
DA:710,0
DA:712,0
DA:718,1
LF:349
LH:33
BRDA:65,0,0,0
BRDA:65,0,1,0
BRDA:118,1,0,0
BRDA:118,1,1,0
BRDA:127,2,0,0
BRDA:127,2,1,0
BRDA:156,3,0,0
BRDA:156,3,1,0
BRDA:162,4,0,0
BRDA:162,4,1,0
BRDA:162,5,0,0
BRDA:162,5,1,0
BRDA:234,6,0,0
BRDA:234,6,1,0
BRDA:234,7,0,0
BRDA:234,7,1,0
BRDA:239,8,0,0
BRDA:239,8,1,0
BRDA:246,9,0,0
BRDA:246,9,1,0
BRDA:254,10,0,0
BRDA:254,10,1,0
BRDA:281,11,0,0
BRDA:281,11,1,0
BRDA:281,12,0,0
BRDA:281,12,1,0
BRDA:286,13,0,0
BRDA:286,13,1,0
BRDA:293,14,0,0
BRDA:293,14,1,0
BRDA:304,15,0,0
BRDA:304,15,1,0
BRDA:334,16,0,0
BRDA:334,16,1,0
BRDA:339,17,0,0
BRDA:339,17,1,0
BRDA:345,18,0,0
BRDA:345,18,1,0
BRDA:381,19,0,0
BRDA:381,19,1,0
BRDA:386,20,0,0
BRDA:386,20,1,0
BRDA:392,21,0,0
BRDA:392,21,1,0
BRDA:427,22,0,0
BRDA:427,22,1,0
BRDA:515,23,0,0
BRDA:515,23,1,0
BRDA:515,24,0,0
BRDA:515,24,1,0
BRDA:515,24,2,0
BRDA:515,24,3,0
BRDA:524,25,0,0
BRDA:524,25,1,0
BRDA:524,26,0,0
BRDA:524,26,1,0
BRDA:535,27,0,0
BRDA:535,27,1,0
BRDA:535,28,0,0
BRDA:535,28,1,0
BRDA:686,29,0,0
BRDA:686,29,1,0
BRF:62
BRH:0
end_of_record
TN:
SF:backend/api/api.js
FN:20,(anonymous_0)
FN:23,(anonymous_1)
FNF:2
FNH:0
FNDA:0,(anonymous_0)
FNDA:0,(anonymous_1)
DA:1,1
DA:2,1
DA:3,1
DA:4,1
DA:5,1
DA:6,1
DA:7,1
DA:8,1
DA:9,1
DA:10,1
DA:11,1
DA:12,1
DA:13,1
DA:16,1
DA:17,1
DA:19,1
DA:21,0
DA:24,0
DA:28,1
DA:31,1
DA:32,1
DA:33,1
DA:34,1
DA:35,1
DA:36,1
DA:37,1
DA:38,1
DA:39,1
DA:56,1
LF:29
LH:27
BRF:0
BRH:0
end_of_record
TN:
SF:backend/api/auth.routes.js
FN:17,(anonymous_0)
FN:46,(anonymous_1)
FN:94,(anonymous_2)
FN:104,(anonymous_3)
FN:125,(anonymous_4)
FN:145,(anonymous_5)
FN:287,(anonymous_6)
FN:329,(anonymous_7)
FN:374,(anonymous_8)
FN:394,postEmail
FNF:10
FNH:0
FNDA:0,(anonymous_0)
FNDA:0,(anonymous_1)
FNDA:0,(anonymous_2)
FNDA:0,(anonymous_3)
FNDA:0,(anonymous_4)
FNDA:0,(anonymous_5)
FNDA:0,(anonymous_6)
FNDA:0,(anonymous_7)
FNDA:0,(anonymous_8)
FNDA:0,postEmail
DA:1,1
DA:2,1
DA:3,1
DA:4,1
DA:5,1
DA:6,1
DA:7,1
DA:8,1
DA:9,1
DA:10,1
DA:11,1
DA:12,1
DA:13,1
DA:15,1
DA:17,1
DA:18,0
DA:19,0
DA:20,0
DA:21,0
DA:22,0
DA:23,0
DA:24,0
DA:25,0
DA:29,0
DA:33,0
DA:34,0
DA:35,0
DA:36,0
DA:38,0
DA:40,0
DA:46,1
DA:47,0
DA:48,0
DA:49,0
DA:50,0
DA:52,0
DA:53,0
DA:54,0
DA:60,0
DA:62,0
DA:63,0
DA:64,0
DA:69,0
DA:74,0
DA:76,0
DA:77,0
DA:81,0
DA:82,0
DA:83,0
DA:84,0
DA:86,0
DA:88,0
DA:94,1
DA:95,0
DA:96,0
DA:98,0
DA:100,0
DA:101,0
DA:104,0
DA:105,0
DA:106,0
DA:111,0
DA:113,0
DA:119,0
DA:125,1
DA:126,0
DA:127,0
DA:128,0
DA:132,0
DA:133,0
DA:134,0
DA:135,0
DA:137,0
DA:139,0
DA:145,1
DA:146,0
DA:147,0
DA:148,0
DA:149,0
DA:151,0
DA:153,0
DA:157,0
DA:158,0
DA:160,0
DA:161,0
DA:162,0
DA:165,0
DA:168,0
DA:265,0
DA:268,0
DA:271,0
DA:275,0
DA:276,0
DA:277,0
DA:278,0
DA:280,0
DA:282,0
DA:287,1
DA:288,0
DA:289,0
DA:290,0
DA:291,0
DA:295,0
DA:297,0
DA:298,0
DA:299,0
DA:303,0
DA:304,0
DA:308,0
DA:309,0
DA:313,0
DA:317,0
DA:318,0
DA:319,0
DA:320,0
DA:322,0
DA:324,0
DA:329,1
DA:330,0
DA:331,0
DA:332,0
DA:335,0
DA:336,0
DA:337,0
DA:338,0
DA:342,0
DA:343,0
DA:347,0
DA:348,0
DA:352,0
DA:353,0
DA:354,0
DA:355,0
DA:357,0
DA:361,0
DA:362,0
DA:363,0
DA:364,0
DA:366,0
DA:368,0
DA:374,1
DA:375,0
DA:376,0
DA:380,0
DA:381,0
DA:382,0
DA:383,0
DA:385,0
DA:387,0
DA:395,0
DA:396,0
DA:404,0
DA:405,0
DA:406,0
DA:407,0
DA:409,0
DA:411,0
DA:414,1
LF:158
LH:23
BRDA:53,0,0,0
BRDA:53,0,1,0
BRDA:62,1,0,0
BRDA:62,1,1,0
BRDA:100,2,0,0
BRDA:100,2,1,0
BRDA:105,3,0,0
BRDA:105,3,1,0
BRDA:151,4,0,0
BRDA:151,4,1,0
BRDA:290,5,0,0
BRDA:290,5,1,0
BRDA:290,6,0,0
BRDA:290,6,1,0
BRDA:298,7,0,0
BRDA:298,7,1,0
BRDA:303,8,0,0
BRDA:303,8,1,0
BRDA:308,9,0,0
BRDA:308,9,1,0
BRDA:337,10,0,0
BRDA:337,10,1,0
BRDA:342,11,0,0
BRDA:342,11,1,0
BRDA:347,12,0,0
BRDA:347,12,1,0
BRDA:404,13,0,0
BRDA:404,13,1,0
BRF:28
BRH:0
end_of_record
TN:
SF:backend/api/meals.routes.js
FN:11,(anonymous_0)
FN:39,(anonymous_1)
FN:76,(anonymous_2)
FN:122,(anonymous_3)
FN:161,(anonymous_4)
FNF:5
FNH:0
FNDA:0,(anonymous_0)
FNDA:0,(anonymous_1)
FNDA:0,(anonymous_2)
FNDA:0,(anonymous_3)
FNDA:0,(anonymous_4)
DA:1,1
DA:2,1
DA:3,1
DA:4,1
DA:5,1
DA:6,1
DA:7,1
DA:8,1
DA:11,1
DA:12,0
DA:13,0
DA:15,0
DA:16,0
DA:17,0
DA:19,0
DA:25,0
DA:26,0
DA:27,0
DA:28,0
DA:30,0
DA:32,0
DA:39,1
DA:40,0
DA:41,0
DA:42,0
DA:44,0
DA:45,0
DA:46,0
DA:49,0
DA:50,0
DA:57,0
DA:62,0
DA:63,0
DA:64,0
DA:65,0
DA:67,0
DA:69,0
DA:76,1
DA:77,0
DA:78,0
DA:79,0
DA:80,0
DA:82,0
DA:84,0
DA:85,0
DA:91,0
DA:92,0
DA:93,0
DA:96,0
DA:97,0
DA:104,0
DA:108,0
DA:109,0
DA:110,0
DA:111,0
DA:113,0
DA:115,0
DA:122,1
DA:123,0
DA:124,0
DA:125,0
DA:127,0
DA:129,0
DA:130,0
DA:135,0
DA:136,0
DA:143,0
DA:147,0
DA:148,0
DA:149,0
DA:150,0
DA:152,0
DA:154,0
DA:161,1
DA:162,0
DA:163,0
DA:164,0
DA:165,0
DA:167,0
DA:169,0
DA:170,0
DA:177,0
DA:181,0
DA:182,0
DA:183,0
DA:184,0
DA:186,0
DA:188,0
DA:194,1
LF:89
LH:14
BRDA:84,0,0,0
BRDA:84,0,1,0
BRDA:129,1,0,0
BRDA:129,1,1,0
BRDA:167,2,0,0
BRDA:167,2,1,0
BRF:6
BRH:0
end_of_record
TN:
SF:backend/api/profile.routes.js
FN:13,(anonymous_0)
FN:40,(anonymous_1)
FN:110,(anonymous_2)
FNF:3
FNH:0
FNDA:0,(anonymous_0)
FNDA:0,(anonymous_1)
FNDA:0,(anonymous_2)
DA:1,1
DA:2,1
DA:3,1
DA:4,1
DA:5,1
DA:6,1
DA:7,1
DA:9,1
DA:11,1
DA:13,1
DA:14,0
DA:15,0
DA:16,0
DA:17,0
DA:18,0
DA:21,0
DA:27,0
DA:28,0
DA:29,0
DA:30,0
DA:32,0
DA:34,0
DA:40,1
DA:41,0
DA:42,0
DA:43,0
DA:44,0
DA:45,0
DA:46,0
DA:48,0
DA:56,0
DA:68,0
DA:69,0
DA:72,0
DA:73,0
DA:76,0
DA:77,0
DA:80,0
DA:81,0
DA:82,0
DA:83,0
DA:84,0
DA:85,0
DA:89,0
DA:90,0
DA:92,0
DA:97,0
DA:98,0
DA:99,0
DA:100,0
DA:102,0
DA:104,0
DA:110,1
DA:111,0
DA:112,0
DA:113,0
DA:117,0
DA:118,0
DA:119,0
DA:120,0
DA:122,0
DA:124,0
DA:130,1
LF:63
LH:13
BRDA:68,0,0,0
BRDA:68,0,1,0
BRDA:72,1,0,0
BRDA:72,1,1,0
BRDA:76,2,0,0
BRDA:76,2,1,0
BRDA:80,3,0,0
BRDA:80,3,1,0
BRDA:82,4,0,0
BRDA:82,4,1,0
BRF:10
BRH:0
end_of_record
TN:
SF:backend/api/questionnaire.routes.js
FN:7,(anonymous_0)
FNF:1
FNH:0
FNDA:0,(anonymous_0)
DA:1,1
DA:2,1
DA:3,1
DA:4,1
DA:5,1
DA:6,1
DA:7,1
DA:8,0
DA:9,0
DA:10,0
DA:11,0
DA:12,0
DA:13,0
DA:16,0
DA:17,0
DA:18,0
DA:19,0
DA:20,0
DA:21,0
DA:22,0
DA:26,0
DA:27,0
DA:28,0
DA:29,0
DA:31,0
DA:33,0
DA:39,1
LF:27
LH:8
BRDA:12,0,0,0
BRDA:12,0,1,0
BRF:2
BRH:0
end_of_record
TN:
SF:backend/api/ranglist.routes.js
FN:8,(anonymous_0)
FN:19,(anonymous_1)
FN:30,(anonymous_2)
FN:41,(anonymous_3)
FN:54,(anonymous_4)
FN:73,(anonymous_5)
FN:89,(anonymous_6)
FN:105,(anonymous_7)
FNF:8
FNH:0
FNDA:0,(anonymous_0)
FNDA:0,(anonymous_1)
FNDA:0,(anonymous_2)
FNDA:0,(anonymous_3)
FNDA:0,(anonymous_4)
FNDA:0,(anonymous_5)
FNDA:0,(anonymous_6)
FNDA:0,(anonymous_7)
DA:1,1
DA:2,1
DA:3,1
DA:4,1
DA:5,1
DA:8,1
DA:9,0
DA:10,0
DA:11,0
DA:13,0
DA:14,0
DA:19,1
DA:20,0
DA:21,0
DA:22,0
DA:24,0
DA:25,0
DA:30,1
DA:31,0
DA:32,0
DA:33,0
DA:35,0
DA:36,0
DA:41,1
DA:42,0
DA:43,0
DA:44,0
DA:45,0
DA:46,0
DA:48,0
DA:49,0
DA:54,1
DA:55,0
DA:56,0
DA:57,0
DA:59,0
DA:60,0
DA:61,0
DA:64,0
DA:65,0
DA:67,0
DA:68,0
DA:73,1
DA:74,0
DA:75,0
DA:76,0
DA:78,0
DA:79,0
DA:81,0
DA:83,0
DA:84,0
DA:89,1
DA:90,0
DA:91,0
DA:92,0
DA:94,0
DA:95,0
DA:97,0
DA:99,0
DA:100,0
DA:105,1
DA:106,0
DA:107,0
DA:108,0
DA:110,0
DA:111,0
DA:113,0
DA:115,0
DA:116,0
DA:120,1
LF:70
LH:14
BRDA:44,0,0,0
BRDA:44,0,1,0
BRDA:57,1,0,0
BRDA:57,1,1,0
BRDA:60,2,0,0
BRDA:60,2,1,0
BRDA:76,3,0,0
BRDA:76,3,1,0
BRDA:79,4,0,0
BRDA:79,4,1,0
BRDA:92,5,0,0
BRDA:92,5,1,0
BRDA:95,6,0,0
BRDA:95,6,1,0
BRDA:108,7,0,0
BRDA:108,7,1,0
BRDA:111,8,0,0
BRDA:111,8,1,0
BRF:18
BRH:0
end_of_record
TN:
SF:backend/api/stats.routes.js
FN:10,(anonymous_0)
FNF:1
FNH:0
FNDA:0,(anonymous_0)
DA:1,1
DA:2,1
DA:3,1
DA:4,1
DA:5,1
DA:6,1
DA:7,1
DA:8,1
DA:10,1
DA:11,0
DA:12,0
DA:14,0
DA:15,0
DA:16,0
DA:17,0
DA:18,0
DA:19,0
DA:20,0
DA:21,0
DA:23,0
DA:37,0
DA:39,0
DA:41,0
DA:42,0
DA:44,0
DA:47,0
DA:55,1
LF:27
LH:10
BRF:0
BRH:0
end_of_record
TN:
SF:backend/api/ticket.routes.js
FN:10,(anonymous_0)
FN:30,(anonymous_1)
FN:64,(anonymous_2)
FNF:3
FNH:0
FNDA:0,(anonymous_0)
FNDA:0,(anonymous_1)
FNDA:0,(anonymous_2)
DA:1,1
DA:2,1
DA:3,1
DA:4,1
DA:5,1
DA:6,1
DA:7,1
DA:8,1
DA:10,1
DA:11,0
DA:12,0
DA:13,0
DA:14,0
DA:18,0
DA:19,0
DA:20,0
DA:21,0
DA:23,0
DA:25,0
DA:30,1
DA:31,0
DA:32,0
DA:33,0
DA:34,0
DA:35,0
DA:37,0
DA:46,0
DA:48,0
DA:52,0
DA:53,0
DA:54,0
DA:55,0
DA:57,0
DA:59,0
DA:64,1
DA:65,0
DA:66,0
DA:67,0
DA:69,0
DA:73,0
DA:74,0
DA:75,0
DA:76,0
DA:78,0
DA:80,0
DA:86,1
LF:46
LH:12
BRDA:43,0,0,0
BRDA:43,0,1,0
BRF:2
BRH:0
end_of_record
TN:
SF:backend/api/workout.routes.js
FN:9,(anonymous_0)
FN:28,(anonymous_1)
FN:98,(anonymous_2)
FN:118,(anonymous_3)
FN:137,(anonymous_4)
FN:188,(anonymous_5)
FN:243,(anonymous_6)
FN:265,(anonymous_7)
FN:310,(anonymous_8)
FN:338,(anonymous_9)
FN:376,(anonymous_10)
FN:435,(anonymous_11)
FN:446,(anonymous_12)
FN:479,(anonymous_13)
FN:493,(anonymous_14)
FN:511,(anonymous_15)
FN:531,(anonymous_16)
FN:545,(anonymous_17)
FNF:18
FNH:0
FNDA:0,(anonymous_0)
FNDA:0,(anonymous_1)
FNDA:0,(anonymous_2)
FNDA:0,(anonymous_3)
FNDA:0,(anonymous_4)
FNDA:0,(anonymous_5)
FNDA:0,(anonymous_6)
FNDA:0,(anonymous_7)
FNDA:0,(anonymous_8)
FNDA:0,(anonymous_9)
FNDA:0,(anonymous_10)
FNDA:0,(anonymous_11)
FNDA:0,(anonymous_12)
FNDA:0,(anonymous_13)
FNDA:0,(anonymous_14)
FNDA:0,(anonymous_15)
FNDA:0,(anonymous_16)
FNDA:0,(anonymous_17)
DA:1,1
DA:2,1
DA:3,1
DA:4,1
DA:5,1
DA:6,1
DA:7,1
DA:9,1
DA:10,0
DA:11,0
DA:12,0
DA:16,0
DA:17,0
DA:18,0
DA:19,0
DA:21,0
DA:23,0
DA:28,1
DA:29,0
DA:31,0
DA:32,0
DA:34,0
DA:35,0
DA:36,0
DA:37,0
DA:43,0
DA:44,0
DA:45,0
DA:52,0
DA:53,0
DA:54,0
DA:55,0
DA:65,0
DA:67,0
DA:74,0
DA:79,0
DA:80,0
DA:81,0
DA:82,0
DA:83,0
DA:89,0
DA:94,0
DA:98,1
DA:99,0
DA:100,0
DA:101,0
DA:102,0
DA:106,0
DA:107,0
DA:108,0
DA:109,0
DA:111,0
DA:113,0
DA:118,1
DA:119,0
DA:120,0
DA:121,0
DA:125,0
DA:126,0
DA:127,0
DA:128,0
DA:130,0
DA:132,0
DA:137,1
DA:138,0
DA:139,0
DA:140,0
DA:141,0
DA:142,0
DA:147,0
DA:148,0
DA:150,0
DA:151,0
DA:160,0
DA:163,0
DA:164,0
DA:172,0
DA:176,0
DA:177,0
DA:178,0
DA:179,0
DA:181,0
DA:183,0
DA:188,1
DA:189,0
DA:190,0
DA:191,0
DA:192,0
DA:202,0
DA:203,0
DA:205,0
DA:206,0
DA:215,0
DA:218,0
DA:219,0
DA:227,0
DA:231,0
DA:232,0
DA:233,0
DA:234,0
DA:236,0
DA:238,0
DA:243,1
DA:244,0
DA:245,0
DA:246,0
DA:248,0
DA:252,0
DA:253,0
DA:254,0
DA:255,0
DA:257,0
DA:259,0
DA:265,1
DA:266,0
DA:268,0
DA:269,0
DA:270,0
DA:271,0
DA:272,0
DA:274,0
DA:276,0
DA:278,0
DA:280,0
DA:286,0
DA:291,0
DA:292,0
DA:293,0
DA:294,0
DA:295,0
DA:296,0
DA:302,0
DA:307,0
DA:310,1
DA:311,0
DA:312,0
DA:313,0
DA:315,0
DA:316,0
DA:318,0
DA:321,0
DA:325,0
DA:326,0
DA:327,0
DA:328,0
DA:330,0
DA:332,0
DA:338,1
DA:339,0
DA:340,0
DA:341,0
DA:342,0
DA:344,0
DA:345,0
DA:346,0
DA:349,0
DA:351,0
DA:357,0
DA:362,0
DA:363,0
DA:364,0
DA:365,0
DA:367,0
DA:369,0
DA:376,1
DA:377,0
DA:378,0
DA:380,0
DA:381,0
DA:384,0
DA:385,0
DA:387,0
DA:388,0
DA:389,0
DA:390,0
DA:392,0
DA:393,0
DA:395,0
DA:396,0
DA:399,0
DA:401,0
DA:402,0
DA:412,0
DA:413,0
DA:422,0
DA:426,0
DA:427,0
DA:428,0
DA:429,0
DA:435,1
DA:436,0
DA:437,0
DA:438,0
DA:439,0
DA:441,0
DA:442,0
DA:446,1
DA:447,0
DA:448,0
DA:449,0
DA:450,0
DA:453,0
DA:454,0
DA:457,0
DA:458,0
DA:460,0
DA:462,0
DA:466,0
DA:467,0
DA:471,0
DA:472,0
DA:474,0
DA:475,0
DA:479,1
DA:480,0
DA:481,0
DA:482,0
DA:484,0
DA:486,0
DA:488,0
DA:489,0
DA:493,1
DA:494,0
DA:495,0
DA:496,0
DA:498,0
DA:500,0
DA:502,0
DA:503,0
DA:504,0
DA:506,0
DA:511,1
DA:512,0
DA:513,0
DA:514,0
DA:515,0
DA:517,0
DA:518,0
DA:521,0
DA:523,0
DA:525,0
DA:526,0
DA:531,1
DA:532,0
DA:533,0
DA:534,0
DA:536,0
DA:538,0
DA:540,0
DA:541,0
DA:545,1
DA:546,0
DA:547,0
DA:548,0
DA:550,0
DA:557,0
DA:558,0
DA:559,0
DA:560,0
DA:562,0
DA:564,0
DA:570,1
LF:262
LH:26
BRDA:52,0,0,0
BRDA:52,0,1,0
BRDA:150,1,0,0
BRDA:150,1,1,0
BRDA:150,2,0,0
BRDA:150,2,1,0
BRDA:163,3,0,0
BRDA:163,3,1,0
BRDA:163,4,0,0
BRDA:163,4,1,0
BRDA:205,5,0,0
BRDA:205,5,1,0
BRDA:205,6,0,0
BRDA:205,6,1,0
BRDA:218,7,0,0
BRDA:218,7,1,0
BRDA:218,8,0,0
BRDA:218,8,1,0
BRDA:315,9,0,0
BRDA:315,9,1,0
BRDA:345,10,0,0
BRDA:345,10,1,0
BRDA:392,11,0,0
BRDA:392,11,1,0
BRDA:395,12,0,0
BRDA:395,12,1,0
BRDA:401,13,0,0
BRDA:401,13,1,0
BRDA:412,14,0,0
BRDA:412,14,1,0
BRDA:449,15,0,0
BRDA:449,15,1,0
BRDA:449,16,0,0
BRDA:449,16,1,0
BRDA:453,17,0,0
BRDA:453,17,1,0
BRDA:460,18,0,0
BRDA:460,18,1,0
BRDA:460,19,0,0
BRDA:460,19,1,0
BRDA:460,19,2,0
BRDA:460,19,3,0
BRDA:460,19,4,0
BRDA:460,19,5,0
BRDA:466,20,0,0
BRDA:466,20,1,0
BRDA:466,21,0,0
BRDA:466,21,1,0
BRDA:503,22,0,0
BRDA:503,22,1,0
BRDA:503,23,0,0
BRDA:503,23,1,0
BRDA:517,24,0,0
BRDA:517,24,1,0
BRF:54
BRH:0
end_of_record
TN:
SF:backend/middleware/foods.middleware.js
FN:4,validateNewFood
FNF:1
FNH:0
FNDA:0,validateNewFood
DA:1,1
DA:2,1
DA:5,0
DA:6,0
DA:8,0
DA:33,0
DA:41,0
DA:43,0
DA:44,0
DA:49,0
DA:52,0
DA:53,0
DA:54,0
DA:60,0
DA:61,0
DA:66,0
DA:67,0
DA:68,0
DA:73,0
DA:75,0
DA:76,0
DA:83,0
DA:84,0
DA:89,0
DA:90,0
DA:91,0
DA:97,0
DA:109,0
DA:110,0
DA:112,0
DA:113,0
DA:118,0
DA:121,0
DA:128,0
DA:129,0
DA:130,0
DA:132,0
DA:136,0
DA:137,0
DA:138,0
DA:141,0
DA:143,0
DA:144,0
DA:146,0
DA:147,0
DA:152,0
DA:153,0
DA:158,0
DA:161,0
DA:163,0
DA:166,0
DA:168,0
DA:172,1
LF:53
LH:3
BRDA:43,0,0,0
BRDA:43,0,1,0
BRDA:43,1,0,0
BRDA:43,1,1,0
BRDA:43,1,2,0
BRDA:53,2,0,0
BRDA:53,2,1,0
BRDA:60,3,0,0
BRDA:60,3,1,0
BRDA:60,4,0,0
BRDA:60,4,1,0
BRDA:60,4,2,0
BRDA:66,5,0,0
BRDA:66,5,1,0
BRDA:66,6,0,0
BRDA:66,6,1,0
BRDA:67,7,0,0
BRDA:67,7,1,0
BRDA:67,8,0,0
BRDA:67,8,1,0
BRDA:75,9,0,0
BRDA:75,9,1,0
BRDA:83,10,0,0
BRDA:83,10,1,0
BRDA:83,11,0,0
BRDA:83,11,1,0
BRDA:90,12,0,0
BRDA:90,12,1,0
BRDA:112,13,0,0
BRDA:112,13,1,0
BRDA:112,14,0,0
BRDA:112,14,1,0
BRDA:112,14,2,0
BRDA:112,14,3,0
BRDA:129,15,0,0
BRDA:129,15,1,0
BRDA:129,16,0,0
BRDA:129,16,1,0
BRDA:129,16,2,0
BRDA:136,17,0,0
BRDA:136,17,1,0
BRDA:137,18,0,0
BRDA:137,18,1,0
BRDA:146,19,0,0
BRDA:146,19,1,0
BRDA:152,20,0,0
BRDA:152,20,1,0
BRF:47
BRH:0
end_of_record
TN:
SF:backend/middleware/isAdmin.middleware.js
FN:4,requireAdmin
FNF:1
FNH:1
FNDA:3,requireAdmin
DA:1,2
DA:2,2
DA:5,3
DA:6,3
DA:7,2
DA:8,1
DA:10,1
DA:12,1
DA:16,2
LF:9
LH:9
BRDA:7,0,0,1
BRDA:7,0,1,1
BRF:2
BRH:2
end_of_record
TN:
SF:backend/middleware/kerdoiv.middleware.js
FN:4,requireComplete
FN:17,registrationComplete
FN:30,validateInput
FNF:3
FNH:0
FNDA:0,requireComplete
FNDA:0,registrationComplete
FNDA:0,validateInput
DA:1,1
DA:2,1
DA:5,0
DA:6,0
DA:7,0
DA:8,0
DA:9,0
DA:11,0
DA:13,0
DA:18,0
DA:19,0
DA:20,0
DA:21,0
DA:22,0
DA:24,0
DA:26,0
DA:31,0
DA:32,0
DA:33,0
DA:34,0
DA:38,0
DA:80,0
DA:81,0
DA:82,0
DA:83,0
DA:87,0
DA:88,0
DA:89,0
DA:94,0
DA:95,0
DA:96,0
DA:101,0
DA:102,0
DA:104,0
DA:105,0
DA:111,0
DA:112,0
DA:114,0
DA:115,0
DA:118,0
DA:119,0
DA:123,0
DA:125,0
DA:126,0
DA:130,0
DA:132,0
DA:142,0
DA:144,0
DA:146,0
DA:147,0
DA:149,0
DA:150,0
DA:152,0
DA:155,0
DA:157,0
DA:161,1
LF:56
LH:3
BRDA:8,0,0,0
BRDA:8,0,1,0
BRDA:21,1,0,0
BRDA:21,1,1,0
BRDA:33,2,0,0
BRDA:33,2,1,0
BRDA:82,3,0,0
BRDA:82,3,1,0
BRDA:82,4,0,0
BRDA:82,4,1,0
BRDA:82,4,2,0
BRDA:88,5,0,0
BRDA:88,5,1,0
BRDA:88,6,0,0
BRDA:88,6,1,0
BRDA:95,7,0,0
BRDA:95,7,1,0
BRDA:104,8,0,0
BRDA:104,8,1,0
BRDA:104,9,0,0
BRDA:104,9,1,0
BRDA:114,10,0,0
BRDA:114,10,1,0
BRDA:114,11,0,0
BRDA:114,11,1,0
BRDA:114,11,2,0
BRDA:118,12,0,0
BRDA:118,12,1,0
BRDA:118,13,0,0
BRDA:118,13,1,0
BRDA:125,14,0,0
BRDA:125,14,1,0
BRDA:125,15,0,0
BRDA:125,15,1,0
BRDA:125,15,2,0
BRDA:146,16,0,0
BRDA:146,16,1,0
BRDA:149,17,0,0
BRDA:149,17,1,0
BRF:39
BRH:0
end_of_record
TN:
SF:backend/middleware/login.middleware.js
FN:28,validateLogin
FN:67,redirectIfLoggedIn
FN:73,requireAuthPage
FN:80,requireAuthApi
FN:89,requestPassword
FN:124,newPassword
FNF:6
FNH:3
FNDA:2,validateLogin
FNDA:2,redirectIfLoggedIn
FNDA:2,requireAuthPage
FNDA:0,requireAuthApi
FNDA:0,requestPassword
FNDA:0,newPassword
DA:1,2
DA:2,2
DA:24,2
DA:26,2
DA:29,2
DA:30,2
DA:32,2
DA:33,0
DA:38,2
DA:39,2
DA:40,1
DA:42,2
DA:43,1
DA:45,2
DA:46,1
DA:53,1
DA:54,1
DA:55,0
DA:61,1
DA:63,0
DA:68,2
DA:69,1
DA:71,1
DA:74,2
DA:75,1
DA:77,1
DA:81,0
DA:82,0
DA:86,0
DA:90,0
DA:91,0
DA:92,0
DA:94,0
DA:95,0
DA:99,0
DA:100,0
DA:101,0
DA:105,0
DA:106,0
DA:107,0
DA:112,0
DA:113,0
DA:118,0
DA:120,0
DA:125,0
DA:126,0
DA:128,0
DA:129,0
DA:131,0
DA:132,0
DA:137,0
DA:138,0
DA:139,0
DA:145,0
DA:146,0
DA:151,0
DA:156,0
DA:161,0
DA:162,0
DA:167,0
DA:168,0
DA:173,0
DA:175,0
DA:179,2
LF:64
LH:24
BRDA:32,0,0,0
BRDA:32,0,1,2
BRDA:32,1,0,2
BRDA:32,1,1,2
BRDA:39,2,0,1
BRDA:39,2,1,1
BRDA:42,3,0,1
BRDA:42,3,1,1
BRDA:45,4,0,1
BRDA:45,4,1,1
BRDA:54,5,0,0
BRDA:54,5,1,1
BRDA:68,6,0,1
BRDA:68,6,1,1
BRDA:74,7,0,1
BRDA:74,7,1,1
BRDA:81,8,0,0
BRDA:81,8,1,0
BRDA:94,9,0,0
BRDA:94,9,1,0
BRDA:94,10,0,0
BRDA:94,10,1,0
BRDA:100,11,0,0
BRDA:100,11,1,0
BRDA:106,12,0,0
BRDA:106,12,1,0
BRDA:112,13,0,0
BRDA:112,13,1,0
BRDA:131,14,0,0
BRDA:131,14,1,0
BRDA:138,15,0,0
BRDA:138,15,1,0
BRDA:145,16,0,0
BRDA:145,16,1,0
BRDA:145,17,0,0
BRDA:145,17,1,0
BRDA:145,17,2,0
BRDA:151,18,0,0
BRDA:151,18,1,0
BRDA:152,19,0,0
BRDA:152,19,1,0
BRDA:152,19,2,0
BRDA:161,20,0,0
BRDA:161,20,1,0
BRDA:167,21,0,0
BRDA:167,21,1,0
BRF:46
BRH:14
end_of_record
TN:
SF:backend/middleware/profile.middleware.js
FN:10,validateProfileUpdate
FNF:1
FNH:0
FNDA:0,validateProfileUpdate
DA:1,1
DA:5,1
DA:6,1
DA:7,1
DA:8,1
DA:11,0
DA:12,0
DA:13,0
DA:16,0
DA:17,0
DA:20,0
DA:22,0
DA:23,0
DA:26,0
DA:27,0
DA:28,0
DA:31,0
DA:32,0
DA:33,0
DA:37,0
DA:55,0
DA:56,0
DA:58,0
DA:59,0
DA:60,0
DA:62,0
DA:63,0
DA:64,0
DA:66,0
DA:67,0
DA:68,0
DA:70,0
DA:71,0
DA:72,0
DA:75,0
DA:76,0
DA:84,0
DA:85,0
DA:86,0
DA:87,0
DA:88,0
DA:91,0
DA:92,0
DA:93,0
DA:94,0
DA:97,0
DA:98,0
DA:106,0
DA:107,0
DA:109,0
DA:110,0
DA:115,0
DA:116,0
DA:117,0
DA:119,0
DA:120,0
DA:123,0
DA:124,0
DA:129,0
DA:130,0
DA:134,0
DA:135,0
DA:141,0
DA:142,0
DA:144,0
DA:146,0
DA:150,1
LF:67
LH:6
BRDA:17,0,0,0
BRDA:17,0,1,0
BRDA:20,1,0,0
BRDA:20,1,1,0
BRDA:22,2,0,0
BRDA:22,2,1,0
BRDA:26,3,0,0
BRDA:26,3,1,0
BRDA:27,4,0,0
BRDA:27,4,1,0
BRDA:32,5,0,0
BRDA:32,5,1,0
BRDA:38,6,0,0
BRDA:38,6,1,0
BRDA:39,7,0,0
BRDA:39,7,1,0
BRDA:40,8,0,0
BRDA:40,8,1,0
BRDA:41,9,0,0
BRDA:41,9,1,0
BRDA:42,10,0,0
BRDA:42,10,1,0
BRDA:46,11,0,0
BRDA:46,11,1,0
BRDA:46,11,2,0
BRDA:47,12,0,0
BRDA:47,12,1,0
BRDA:47,12,2,0
BRDA:48,13,0,0
BRDA:48,13,1,0
BRDA:48,13,2,0
BRDA:49,14,0,0
BRDA:49,14,1,0
BRDA:49,14,2,0
BRDA:50,15,0,0
BRDA:50,15,1,0
BRDA:50,15,2,0
BRDA:51,16,0,0
BRDA:51,16,1,0
BRDA:51,16,2,0
BRDA:58,17,0,0
BRDA:58,17,1,0
BRDA:58,18,0,0
BRDA:58,18,1,0
BRDA:58,18,2,0
BRDA:58,18,3,0
BRDA:62,19,0,0
BRDA:62,19,1,0
BRDA:62,20,0,0
BRDA:62,20,1,0
BRDA:66,21,0,0
BRDA:66,21,1,0
BRDA:66,22,0,0
BRDA:66,22,1,0
BRDA:70,23,0,0
BRDA:70,23,1,0
BRDA:70,24,0,0
BRDA:70,24,1,0
BRDA:75,25,0,0
BRDA:75,25,1,0
BRDA:85,26,0,0
BRDA:85,26,1,0
BRDA:85,27,0,0
BRDA:85,27,1,0
BRDA:87,28,0,0
BRDA:87,28,1,0
BRDA:91,29,0,0
BRDA:91,29,1,0
BRDA:91,30,0,0
BRDA:91,30,1,0
BRDA:93,31,0,0
BRDA:93,31,1,0
BRDA:97,32,0,0
BRDA:97,32,1,0
BRDA:106,33,0,0
BRDA:106,33,1,0
BRDA:109,34,0,0
BRDA:109,34,1,0
BRDA:119,35,0,0
BRDA:119,35,1,0
BRDA:119,36,0,0
BRDA:119,36,1,0
BRDA:119,36,2,0
BRDA:123,37,0,0
BRDA:123,37,1,0
BRDA:123,38,0,0
BRDA:123,38,1,0
BRDA:129,39,0,0
BRDA:129,39,1,0
BRDA:129,40,0,0
BRDA:129,40,1,0
BRDA:129,40,2,0
BRDA:129,40,3,0
BRDA:134,41,0,0
BRDA:134,41,1,0
BRDA:134,42,0,0
BRDA:134,42,1,0
BRDA:134,42,2,0
BRDA:134,42,3,0
BRF:99
BRH:0
end_of_record
TN:
SF:backend/middleware/registration.middleware.js
FN:31,validateRegistration
FNF:1
FNH:1
FNDA:3,validateRegistration
DA:1,2
DA:23,2
DA:25,2
DA:27,2
DA:29,2
DA:32,3
DA:33,3
DA:35,3
DA:36,1
DA:41,2
DA:42,2
DA:43,0
DA:45,2
DA:46,0
DA:48,2
DA:49,1
DA:51,2
DA:52,0
DA:54,2
DA:55,1
DA:62,1
DA:63,1
DA:64,1
DA:65,0
DA:67,1
DA:68,1
DA:69,0
DA:71,1
DA:72,0
DA:79,1
DA:81,0
DA:85,2
LF:32
LH:25
BRDA:35,0,0,1
BRDA:35,0,1,2
BRDA:35,1,0,3
BRDA:35,1,1,3
BRDA:35,1,2,3
BRDA:35,1,3,3
BRDA:35,1,4,2
BRDA:42,2,0,0
BRDA:42,2,1,2
BRDA:42,3,0,2
BRDA:42,3,1,2
BRDA:45,4,0,0
BRDA:45,4,1,2
BRDA:48,5,0,1
BRDA:48,5,1,1
BRDA:51,6,0,0
BRDA:51,6,1,2
BRDA:54,7,0,1
BRDA:54,7,1,1
BRDA:64,8,0,0
BRDA:64,8,1,1
BRDA:68,9,0,0
BRDA:68,9,1,1
BRDA:71,10,0,0
BRDA:71,10,1,1
BRF:25
BRH:19
end_of_record
TN:
SF:backend/middleware/ticket.middleware.js
FN:3,validateTicket
FNF:1
FNH:1
FNDA:3,validateTicket
DA:1,2
DA:4,3
DA:5,3
DA:6,3
DA:7,3
DA:8,0
DA:14,3
DA:15,3
DA:18,3
DA:19,15
DA:20,0
DA:26,3
DA:27,3
DA:29,3
DA:30,0
DA:34,3
DA:35,3
DA:36,3
DA:37,0
DA:41,3
DA:42,3
DA:43,0
DA:48,3
DA:49,1
DA:53,2
DA:54,1
DA:58,1
DA:59,0
DA:65,1
DA:67,0
DA:71,2
LF:31
LH:24
BRDA:7,0,0,0
BRDA:7,0,1,3
BRDA:19,1,0,0
BRDA:19,1,1,15
BRDA:29,2,0,0
BRDA:29,2,1,3
BRDA:29,3,0,3
BRDA:29,3,1,3
BRDA:34,4,0,3
BRDA:34,4,1,0
BRDA:36,5,0,0
BRDA:36,5,1,3
BRDA:36,6,0,3
BRDA:36,6,1,3
BRDA:42,7,0,0
BRDA:42,7,1,3
BRDA:48,8,0,1
BRDA:48,8,1,2
BRDA:48,9,0,3
BRDA:48,9,1,3
BRDA:48,9,2,3
BRDA:53,10,0,1
BRDA:53,10,1,1
BRDA:58,11,0,0
BRDA:58,11,1,1
BRF:25
BRH:18
end_of_record
TN:
SF:backend/middleware/workout.middleware.js
FN:3,validateNewPlan
FN:171,validateUpdate
FN:348,validateActive
FN:389,validateAdminPlan
FNF:4
FNH:1
FNDA:4,validateNewPlan
FNDA:0,validateUpdate
FNDA:0,validateActive
FNDA:0,validateAdminPlan
DA:1,2
DA:4,4
DA:5,4
DA:6,4
DA:7,4
DA:8,4
DA:9,4
DA:10,0
DA:14,4
DA:15,4
DA:16,0
DA:20,4
DA:21,8
DA:22,0
DA:27,4
DA:29,1
DA:33,3
DA:34,0
DA:38,3
DA:39,0
DA:42,3
DA:43,0
DA:47,3
DA:48,3
DA:49,4
DA:50,4
DA:51,0
DA:55,4
DA:56,4
DA:57,0
DA:61,4
DA:62,16
DA:63,0
DA:68,4
DA:69,1
DA:73,3
DA:74,3
DA:75,0
DA:79,3
DA:80,0
DA:84,3
DA:85,0
DA:89,3
DA:90,0
DA:94,3
DA:95,0
DA:99,3
DA:100,3
DA:101,3
DA:102,3
DA:103,4
DA:104,4
DA:105,0
DA:109,4
DA:110,4
DA:111,0
DA:115,4
DA:116,12
DA:117,0
DA:122,4
DA:123,0
DA:127,4
DA:128,4
DA:129,0
DA:133,0
DA:134,0
DA:135,0
DA:140,4
DA:141,0
DA:145,4
DA:146,1
DA:150,3
DA:151,3
DA:153,2
DA:154,2
DA:155,0
DA:158,2
DA:159,2
DA:160,0
DA:166,1
DA:168,0
DA:172,0
DA:173,0
DA:174,0
DA:175,0
DA:176,0
DA:177,0
DA:178,0
DA:179,0
DA:180,0
DA:181,0
DA:185,0
DA:186,0
DA:187,0
DA:191,0
DA:192,0
DA:193,0
DA:198,0
DA:200,0
DA:204,0
DA:205,0
DA:209,0
DA:210,0
DA:213,0
DA:214,0
DA:218,0
DA:219,0
DA:220,0
DA:221,0
DA:222,0
DA:226,0
DA:227,0
DA:228,0
DA:232,0
DA:233,0
DA:234,0
DA:239,0
DA:240,0
DA:244,0
DA:245,0
DA:246,0
DA:250,0
DA:251,0
DA:255,0
DA:256,0
DA:260,0
DA:261,0
DA:265,0
DA:266,0
DA:270,0
DA:271,0
DA:272,0
DA:273,0
DA:274,0
DA:275,0
DA:276,0
DA:280,0
DA:281,0
DA:282,0
DA:286,0
DA:287,0
DA:288,0
DA:293,0
DA:294,0
DA:298,0
DA:299,0
DA:300,0
DA:304,0
DA:305,0
DA:306,0
DA:311,0
DA:312,0
DA:316,0
DA:317,0
DA:321,0
DA:322,0
DA:324,0
DA:325,0
DA:326,0
DA:329,0
DA:330,0
DA:331,0
DA:337,0
DA:338,0
DA:339,0
DA:343,0
DA:345,0
DA:349,0
DA:350,0
DA:351,0
DA:354,0
DA:355,0
DA:356,0
DA:362,0
DA:365,0
DA:366,0
DA:372,0
DA:373,0
DA:377,0
DA:378,0
DA:383,0
DA:386,0
DA:390,0
DA:391,0
DA:392,0
DA:394,0
DA:395,0
DA:400,0
DA:411,0
DA:412,0
DA:413,0
DA:415,0
DA:421,0
DA:422,0
DA:423,0
DA:425,0
DA:426,0
DA:431,0
DA:433,0
DA:434,0
DA:439,0
DA:440,0
DA:445,0
DA:446,0
DA:451,0
DA:452,0
DA:457,0
DA:458,0
DA:459,0
DA:464,0
DA:467,0
DA:468,0
DA:473,0
DA:474,0
DA:479,0
DA:480,0
DA:485,0
DA:486,0
DA:491,0
DA:492,0
DA:494,0
DA:495,0
DA:497,0
DA:498,0
DA:503,0
DA:504,0
DA:509,0
DA:511,0
DA:512,0
DA:517,0
DA:519,0
DA:520,0
DA:525,0
DA:526,0
DA:531,0
DA:532,0
DA:534,0
DA:535,0
DA:540,0
DA:543,0
DA:544,0
DA:549,0
DA:550,0
DA:552,0
DA:553,0
DA:555,0
DA:556,0
DA:561,0
DA:562,0
DA:564,0
DA:565,0
DA:570,0
DA:571,0
DA:576,0
DA:577,0
DA:582,0
DA:583,0
DA:588,0
DA:589,0
DA:591,0
DA:593,0
DA:594,0
DA:601,0
DA:602,0
DA:607,0
DA:609,0
DA:611,0
DA:615,2
LF:268
LH:56
BRDA:9,0,0,0
BRDA:9,0,1,4
BRDA:9,1,0,4
BRDA:9,1,1,4
BRDA:9,1,2,4
BRDA:15,2,0,0
BRDA:15,2,1,4
BRDA:21,3,0,0
BRDA:21,3,1,8
BRDA:27,4,0,1
BRDA:27,4,1,3
BRDA:27,5,0,4
BRDA:27,5,1,3
BRDA:27,5,2,3
BRDA:27,5,3,3
BRDA:33,6,0,0
BRDA:33,6,1,3
BRDA:38,7,0,0
BRDA:38,7,1,3
BRDA:42,8,0,0
BRDA:42,8,1,3
BRDA:50,9,0,0
BRDA:50,9,1,4
BRDA:50,10,0,4
BRDA:50,10,1,4
BRDA:50,10,2,4
BRDA:56,11,0,0
BRDA:56,11,1,4
BRDA:62,12,0,0
BRDA:62,12,1,16
BRDA:68,13,0,1
BRDA:68,13,1,3
BRDA:68,14,0,4
BRDA:68,14,1,4
BRDA:68,14,2,4
BRDA:68,14,3,4
BRDA:74,15,0,0
BRDA:74,15,1,3
BRDA:74,16,0,3
BRDA:74,16,1,3
BRDA:79,17,0,0
BRDA:79,17,1,3
BRDA:84,18,0,0
BRDA:84,18,1,3
BRDA:89,19,0,0
BRDA:89,19,1,3
BRDA:89,20,0,3
BRDA:89,20,1,0
BRDA:94,21,0,0
BRDA:94,21,1,3
BRDA:94,22,0,3
BRDA:94,22,1,0
BRDA:104,23,0,0
BRDA:104,23,1,4
BRDA:104,24,0,4
BRDA:104,24,1,4
BRDA:104,24,2,4
BRDA:110,25,0,0
BRDA:110,25,1,4
BRDA:116,26,0,0
BRDA:116,26,1,12
BRDA:122,27,0,0
BRDA:122,27,1,4
BRDA:122,28,0,4
BRDA:122,28,1,4
BRDA:122,28,2,4
BRDA:122,28,3,4
BRDA:127,29,0,4
BRDA:127,29,1,0
BRDA:128,30,0,0
BRDA:128,30,1,4
BRDA:128,31,0,4
BRDA:128,31,1,4
BRDA:133,32,0,0
BRDA:133,32,1,0
BRDA:134,33,0,0
BRDA:134,33,1,0
BRDA:140,34,0,0
BRDA:140,34,1,4
BRDA:145,35,0,1
BRDA:145,35,1,3
BRDA:154,36,0,0
BRDA:154,36,1,2
BRDA:159,37,0,0
BRDA:159,37,1,2
BRDA:180,38,0,0
BRDA:180,38,1,0
BRDA:180,39,0,0
BRDA:180,39,1,0
BRDA:180,39,2,0
BRDA:186,40,0,0
BRDA:186,40,1,0
BRDA:192,41,0,0
BRDA:192,41,1,0
BRDA:198,42,0,0
BRDA:198,42,1,0
BRDA:198,43,0,0
BRDA:198,43,1,0
BRDA:198,43,2,0
BRDA:204,44,0,0
BRDA:204,44,1,0
BRDA:209,45,0,0
BRDA:209,45,1,0
BRDA:213,46,0,0
BRDA:213,46,1,0
BRDA:221,47,0,0
BRDA:221,47,1,0
BRDA:221,48,0,0
BRDA:221,48,1,0
BRDA:221,48,2,0
BRDA:227,49,0,0
BRDA:227,49,1,0
BRDA:233,50,0,0
BRDA:233,50,1,0
BRDA:239,51,0,0
BRDA:239,51,1,0
BRDA:239,52,0,0
BRDA:239,52,1,0
BRDA:239,52,2,0
BRDA:239,52,3,0
BRDA:245,53,0,0
BRDA:245,53,1,0
BRDA:245,54,0,0
BRDA:245,54,1,0
BRDA:250,55,0,0
BRDA:250,55,1,0
BRDA:255,56,0,0
BRDA:255,56,1,0
BRDA:260,57,0,0
BRDA:260,57,1,0
BRDA:260,58,0,0
BRDA:260,58,1,0
BRDA:265,59,0,0
BRDA:265,59,1,0
BRDA:265,60,0,0
BRDA:265,60,1,0
BRDA:275,61,0,0
BRDA:275,61,1,0
BRDA:275,62,0,0
BRDA:275,62,1,0
BRDA:275,62,2,0
BRDA:281,63,0,0
BRDA:281,63,1,0
BRDA:287,64,0,0
BRDA:287,64,1,0
BRDA:293,65,0,0
BRDA:293,65,1,0
BRDA:293,66,0,0
BRDA:293,66,1,0
BRDA:293,66,2,0
BRDA:293,66,3,0
BRDA:298,67,0,0
BRDA:298,67,1,0
BRDA:299,68,0,0
BRDA:299,68,1,0
BRDA:299,69,0,0
BRDA:299,69,1,0
BRDA:304,70,0,0
BRDA:304,70,1,0
BRDA:305,71,0,0
BRDA:305,71,1,0
BRDA:311,72,0,0
BRDA:311,72,1,0
BRDA:316,73,0,0
BRDA:316,73,1,0
BRDA:325,74,0,0
BRDA:325,74,1,0
BRDA:330,75,0,0
BRDA:330,75,1,0
BRDA:338,76,0,0
BRDA:338,76,1,0
BRDA:355,77,0,0
BRDA:355,77,1,0
BRDA:365,78,0,0
BRDA:365,78,1,0
BRDA:372,79,0,0
BRDA:372,79,1,0
BRDA:377,80,0,0
BRDA:377,80,1,0
BRDA:377,81,0,0
BRDA:377,81,1,0
BRDA:377,81,2,0
BRDA:394,82,0,0
BRDA:394,82,1,0
BRDA:394,83,0,0
BRDA:394,83,1,0
BRDA:394,83,2,0
BRDA:401,84,0,0
BRDA:401,84,1,0
BRDA:404,85,0,0
BRDA:404,85,1,0
BRDA:405,86,0,0
BRDA:405,86,1,0
BRDA:406,87,0,0
BRDA:406,87,1,0
BRDA:407,88,0,0
BRDA:407,88,1,0
BRDA:411,89,0,0
BRDA:411,89,1,0
BRDA:425,90,0,0
BRDA:425,90,1,0
BRDA:425,91,0,0
BRDA:425,91,1,0
BRDA:425,91,2,0
BRDA:425,91,3,0
BRDA:433,92,0,0
BRDA:433,92,1,0
BRDA:433,93,0,0
BRDA:433,93,1,0
BRDA:433,93,2,0
BRDA:439,94,0,0
BRDA:439,94,1,0
BRDA:439,95,0,0
BRDA:439,95,1,0
BRDA:445,96,0,0
BRDA:445,96,1,0
BRDA:445,97,0,0
BRDA:445,97,1,0
BRDA:451,98,0,0
BRDA:451,98,1,0
BRDA:451,99,0,0
BRDA:451,99,1,0
BRDA:457,100,0,0
BRDA:457,100,1,0
BRDA:458,101,0,0
BRDA:458,101,1,0
BRDA:458,102,0,0
BRDA:458,102,1,0
BRDA:464,103,0,0
BRDA:464,103,1,0
BRDA:467,104,0,0
BRDA:467,104,1,0
BRDA:473,105,0,0
BRDA:473,105,1,0
BRDA:479,106,0,0
BRDA:479,106,1,0
BRDA:485,107,0,0
BRDA:485,107,1,0
BRDA:497,108,0,0
BRDA:497,108,1,0
BRDA:497,109,0,0
BRDA:497,109,1,0
BRDA:497,109,2,0
BRDA:503,110,0,0
BRDA:503,110,1,0
BRDA:503,111,0,0
BRDA:503,111,1,0
BRDA:503,111,2,0
BRDA:503,111,3,0
BRDA:511,112,0,0
BRDA:511,112,1,0
BRDA:511,113,0,0
BRDA:511,113,1,0
BRDA:511,113,2,0
BRDA:519,114,0,0
BRDA:519,114,1,0
BRDA:525,115,0,0
BRDA:525,115,1,0
BRDA:531,116,0,0
BRDA:531,116,1,0
BRDA:534,117,0,0
BRDA:534,117,1,0
BRDA:543,118,0,0
BRDA:543,118,1,0
BRDA:555,119,0,0
BRDA:555,119,1,0
BRDA:555,120,0,0
BRDA:555,120,1,0
BRDA:555,120,2,0
BRDA:564,121,0,0
BRDA:564,121,1,0
BRDA:564,122,0,0
BRDA:564,122,1,0
BRDA:570,123,0,0
BRDA:570,123,1,0
BRDA:570,124,0,0
BRDA:570,124,1,0
BRDA:576,125,0,0
BRDA:576,125,1,0
BRDA:582,126,0,0
BRDA:582,126,1,0
BRDA:593,127,0,0
BRDA:593,127,1,0
BRDA:601,128,0,0
BRDA:601,128,1,0
BRF:285
BRH:56
end_of_record
TN:
SF:backend/sql/database.js
FN:15,selectall
FN:26,getUsernameById
FN:37,registration_insert
FN:44,username_exist
FN:54,email_exist
FN:65,findUser
FN:71,checkIfActive
FN:77,ifAdmin
FN:83,registComp
FN:94,insertPreferences
FN:101,insertWeight
FN:108,getLatestWeight
FN:115,updateRegistered
FN:122,calculateAge
FN:138,getActivityMultiplier
FN:151,getGoalCalories
FN:164,getProteinRecommended
FN:177,calculateUserMetrics
FN:235,saveUserMetrics
FN:273,getUserBasicData
FN:280,getUserPreferencesData
FN:287,getUserWeightData
FN:294,updateUserBasic
FN:301,updateUserPreferences
FN:308,getUserPassword
FN:315,updateUserPassword
FN:325,getUserGlobalXp
FN:348,getUserMuscleXp
FN:363,getUserDailyStatsLast30Days
FN:385,getUserFullStats
FN:406,getUserExercisePrs
FN:430,getUserWeights
FN:445,getAllExercisesForStats
FN:452,getUserMetrics
FN:470,allExercises
FN:476,exerciseExist
FN:482,createWorkoutPlan
FN:491,createWorkoutDay
FN:500,createDayExercise
FN:508,allUserPlans
FN:514,allDefaultPlans
FN:520,getWorkoutPlanDetails
FN:563,getDefaultWorkoutPlanDetails
FN:611,deletePlan
FN:617,updateWorkoutPlanDays
FN:656,selectUpdatePlan
FN:662,getActive
FN:668,updateActiveNull
FN:726,updateActive
FN:848,calendarUpToDate
FN:934,(anonymous_50)
FN:991,getUserCalendar
FN:1060,getCalendarSets
FN:1066,saveCalendarSets
FN:1094,updateWorkoutCalendarLogStatus
FN:1100,startWorkoutCalendarLogStatus
FN:1106,finishWorkoutCalendarLogStatus
FN:1112,postponeWorkoutCalendarLog
FN:1174,formatDate
FN:1186,save_token
FN:1193,delete_tokens
FN:1200,find_token
FN:1205,update_password
FN:1210,set_used
FN:1217,token_expire_del
FN:1225,findTicketEmail
FN:1230,findPreId
FN:1235,createTicket
FN:1240,limitTicketCreation
FN:1245,allUserTickets
FN:1250,allTickets
FN:1265,todayRegistration
FN:1275,totalUserCount
FN:1280,todayLoginCount
FN:1291,todayTicketCount
FN:1301,todayErrorCount
FN:1311,todayWorkoutCount
FN:1321,validateTicketId
FN:1330,ticketSeen
FN:1335,ticketsSeen
FN:1340,ticketClose
FN:1345,ticketAnswer
FN:1350,ticketAdminReplyCheck
FN:1355,allUserBasicData
FN:1360,userAllData
FN:1415,userAdmin
FN:1420,selectCurrentAdminStatus
FN:1428,userBlock
FN:1433,userDelete
FN:1438,userChangeEmail
FN:1443,userChangeUsername
FN:1448,allFoods
FN:1476,foodApproved
FN:1481,deleteFood
FN:1487,createFood
FN:1542,insertFoodAllergen
FN:1548,createUserFood
FN:1604,deleteUserFood
FN:1610,deleteFoodAllergens
FN:1616,updateUserFood
FN:1670,createShareTicket
FN:1688,getAllUsersPlans
FN:1731,getAllDefaultPlans
FN:1779,formatWorkoutPlans
FN:1853,createAdminWorkoutPlan
FN:1920,updateAdminWorkoutPlan
FN:2022,deleteAdminPlan
FN:2032,log_id
FN:2040,log_email
FN:2048,log_error
FN:2059,finalizeWorkoutStats
FN:2362,getLeaderboard
FN:2386,searchUsers
FN:2401,checkExistingFriendship
FN:2414,sendFriendRequest
FN:2426,getPendingRequests
FN:2445,acceptFriendRequest
FN:2459,rejectFriendRequest
FN:2472,getFriends
FN:2497,removeFriend
FNF:120
FNH:0
FNDA:0,selectall
FNDA:0,getUsernameById
FNDA:0,registration_insert
FNDA:0,username_exist
FNDA:0,email_exist
FNDA:0,findUser
FNDA:0,checkIfActive
FNDA:0,ifAdmin
FNDA:0,registComp
FNDA:0,insertPreferences
FNDA:0,insertWeight
FNDA:0,getLatestWeight
FNDA:0,updateRegistered
FNDA:0,calculateAge
FNDA:0,getActivityMultiplier
FNDA:0,getGoalCalories
FNDA:0,getProteinRecommended
FNDA:0,calculateUserMetrics
FNDA:0,saveUserMetrics
FNDA:0,getUserBasicData
FNDA:0,getUserPreferencesData
FNDA:0,getUserWeightData
FNDA:0,updateUserBasic
FNDA:0,updateUserPreferences
FNDA:0,getUserPassword
FNDA:0,updateUserPassword
FNDA:0,getUserGlobalXp
FNDA:0,getUserMuscleXp
FNDA:0,getUserDailyStatsLast30Days
FNDA:0,getUserFullStats
FNDA:0,getUserExercisePrs
FNDA:0,getUserWeights
FNDA:0,getAllExercisesForStats
FNDA:0,getUserMetrics
FNDA:0,allExercises
FNDA:0,exerciseExist
FNDA:0,createWorkoutPlan
FNDA:0,createWorkoutDay
FNDA:0,createDayExercise
FNDA:0,allUserPlans
FNDA:0,allDefaultPlans
FNDA:0,getWorkoutPlanDetails
FNDA:0,getDefaultWorkoutPlanDetails
FNDA:0,deletePlan
FNDA:0,updateWorkoutPlanDays
FNDA:0,selectUpdatePlan
FNDA:0,getActive
FNDA:0,updateActiveNull
FNDA:0,updateActive
FNDA:0,calendarUpToDate
FNDA:0,(anonymous_50)
FNDA:0,getUserCalendar
FNDA:0,getCalendarSets
FNDA:0,saveCalendarSets
FNDA:0,updateWorkoutCalendarLogStatus
FNDA:0,startWorkoutCalendarLogStatus
FNDA:0,finishWorkoutCalendarLogStatus
FNDA:0,postponeWorkoutCalendarLog
FNDA:0,formatDate
FNDA:0,save_token
FNDA:0,delete_tokens
FNDA:0,find_token
FNDA:0,update_password
FNDA:0,set_used
FNDA:0,token_expire_del
FNDA:0,findTicketEmail
FNDA:0,findPreId
FNDA:0,createTicket
FNDA:0,limitTicketCreation
FNDA:0,allUserTickets
FNDA:0,allTickets
FNDA:0,todayRegistration
FNDA:0,totalUserCount
FNDA:0,todayLoginCount
FNDA:0,todayTicketCount
FNDA:0,todayErrorCount
FNDA:0,todayWorkoutCount
FNDA:0,validateTicketId
FNDA:0,ticketSeen
FNDA:0,ticketsSeen
FNDA:0,ticketClose
FNDA:0,ticketAnswer
FNDA:0,ticketAdminReplyCheck
FNDA:0,allUserBasicData
FNDA:0,userAllData
FNDA:0,userAdmin
FNDA:0,selectCurrentAdminStatus
FNDA:0,userBlock
FNDA:0,userDelete
FNDA:0,userChangeEmail
FNDA:0,userChangeUsername
FNDA:0,allFoods
FNDA:0,foodApproved
FNDA:0,deleteFood
FNDA:0,createFood
FNDA:0,insertFoodAllergen
FNDA:0,createUserFood
FNDA:0,deleteUserFood
FNDA:0,deleteFoodAllergens
FNDA:0,updateUserFood
FNDA:0,createShareTicket
FNDA:0,getAllUsersPlans
FNDA:0,getAllDefaultPlans
FNDA:0,formatWorkoutPlans
FNDA:0,createAdminWorkoutPlan
FNDA:0,updateAdminWorkoutPlan
FNDA:0,deleteAdminPlan
FNDA:0,log_id
FNDA:0,log_email
FNDA:0,log_error
FNDA:0,finalizeWorkoutStats
FNDA:0,getLeaderboard
FNDA:0,searchUsers
FNDA:0,checkExistingFriendship
FNDA:0,sendFriendRequest
FNDA:0,getPendingRequests
FNDA:0,acceptFriendRequest
FNDA:0,rejectFriendRequest
FNDA:0,getFriends
FNDA:0,removeFriend
DA:2,2
DA:4,2
DA:16,0
DA:17,0
DA:18,0
DA:27,0
DA:28,0
DA:29,0
DA:38,0
DA:39,0
DA:40,0
DA:45,0
DA:46,0
DA:47,0
DA:48,0
DA:50,0
DA:55,0
DA:56,0
DA:57,0
DA:58,0
DA:60,0
DA:66,0
DA:67,0
DA:68,0
DA:72,0
DA:73,0
DA:74,0
DA:78,0
DA:79,0
DA:80,0
DA:84,0
DA:85,0
DA:86,0
DA:87,0
DA:89,0
DA:95,0
DA:96,0
DA:97,0
DA:102,0
DA:103,0
DA:104,0
DA:109,0
DA:110,0
DA:111,0
DA:116,0
DA:117,0
DA:118,0
DA:123,0
DA:124,0
DA:126,0
DA:128,0
DA:129,0
DA:131,0
DA:132,0
DA:135,0
DA:139,0
DA:141,0
DA:143,0
DA:145,0
DA:147,0
DA:152,0
DA:154,0
DA:156,0
DA:158,0
DA:160,0
DA:165,0
DA:167,0
DA:169,0
DA:171,0
DA:173,0
DA:178,0
DA:189,0
DA:190,0
DA:192,0
DA:193,0
DA:196,0
DA:198,0
DA:199,0
DA:202,0
DA:203,0
DA:206,0
DA:207,0
DA:208,0
DA:210,0
DA:214,0
DA:215,0
DA:217,0
DA:220,0
DA:221,0
DA:223,0
DA:224,0
DA:226,0
DA:236,0
DA:238,0
DA:255,0
DA:264,0
DA:274,0
DA:275,0
DA:276,0
DA:281,0
DA:282,0
DA:283,0
DA:288,0
DA:289,0
DA:290,0
DA:295,0
DA:296,0
DA:297,0
DA:302,0
DA:303,0
DA:304,0
DA:309,0
DA:310,0
DA:311,0
DA:316,0
DA:317,0
DA:318,0
DA:326,0
DA:335,0
DA:337,0
DA:338,0
DA:345,0
DA:349,0
DA:359,0
DA:360,0
DA:364,0
DA:381,0
DA:382,0
DA:386,0
DA:388,0
DA:390,0
DA:391,0
DA:403,0
DA:407,0
DA:426,0
DA:427,0
DA:431,0
DA:441,0
DA:442,0
DA:446,0
DA:448,0
DA:449,0
DA:453,0
DA:455,0
DA:457,0
DA:458,0
DA:461,0
DA:471,0
DA:472,0
DA:473,0
DA:477,0
DA:478,0
DA:479,0
DA:483,0
DA:487,0
DA:488,0
DA:492,0
DA:496,0
DA:497,0
DA:501,0
DA:505,0
DA:509,0
DA:510,0
DA:511,0
DA:515,0
DA:516,0
DA:517,0
DA:521,0
DA:559,0
DA:560,0
DA:564,0
DA:607,0
DA:608,0
DA:612,0
DA:613,0
DA:614,0
DA:618,0
DA:620,0
DA:625,0
DA:632,0
DA:636,0
DA:639,0
DA:640,0
DA:641,0
DA:646,0
DA:657,0
DA:658,0
DA:659,0
DA:663,0
DA:664,0
DA:665,0
DA:669,0
DA:671,0
DA:672,0
DA:674,0
DA:675,0
DA:677,0
DA:686,0
DA:688,0
DA:689,0
DA:692,0
DA:694,0
DA:701,0
DA:711,0
DA:718,0
DA:720,0
DA:721,0
DA:723,0
DA:727,0
DA:729,0
DA:730,0
DA:733,0
DA:734,0
DA:737,0
DA:746,0
DA:748,0
DA:749,0
DA:752,0
DA:755,0
DA:763,0
DA:772,0
DA:783,0
DA:791,0
DA:792,0
DA:793,0
DA:795,0
DA:797,0
DA:798,0
DA:799,0
DA:800,0
DA:803,0
DA:810,0
DA:813,0
DA:814,0
DA:822,0
DA:823,0
DA:836,0
DA:837,0
DA:840,0
DA:842,0
DA:843,0
DA:845,0
DA:849,0
DA:851,0
DA:852,0
DA:855,0
DA:862,0
DA:864,0
DA:865,0
DA:866,0
DA:870,0
DA:877,0
DA:879,0
DA:880,0
DA:882,0
DA:883,0
DA:884,0
DA:885,0
DA:889,0
DA:890,0
DA:891,0
DA:895,0
DA:906,0
DA:908,0
DA:911,0
DA:912,0
DA:916,0
DA:917,0
DA:920,0
DA:922,0
DA:923,0
DA:932,0
DA:934,0
DA:936,0
DA:940,0
DA:942,0
DA:943,0
DA:944,0
DA:945,0
DA:947,0
DA:954,0
DA:956,0
DA:957,0
DA:965,0
DA:966,0
DA:979,0
DA:980,0
DA:983,0
DA:985,0
DA:986,0
DA:988,0
DA:993,0
DA:1003,0
DA:1006,0
DA:1017,0
DA:1020,0
DA:1022,0
DA:1023,0
DA:1025,0
DA:1026,0
DA:1027,0
DA:1038,0
DA:1042,0
DA:1043,0
DA:1057,0
DA:1061,0
DA:1062,0
DA:1063,0
DA:1067,0
DA:1068,0
DA:1069,0
DA:1072,0
DA:1077,0
DA:1078,0
DA:1084,0
DA:1085,0
DA:1087,0
DA:1088,0
DA:1090,0
DA:1095,0
DA:1096,0
DA:1097,0
DA:1101,0
DA:1102,0
DA:1103,0
DA:1107,0
DA:1108,0
DA:1109,0
DA:1113,0
DA:1114,0
DA:1115,0
DA:1118,0
DA:1123,0
DA:1124,0
DA:1127,0
DA:1130,0
DA:1135,0
DA:1136,0
DA:1139,0
DA:1145,0
DA:1151,0
DA:1157,0
DA:1163,0
DA:1164,0
DA:1166,0
DA:1167,0
DA:1169,0
DA:1175,0
DA:1176,0
DA:1177,0
DA:1179,0
DA:1187,0
DA:1188,0
DA:1189,0
DA:1190,0
DA:1191,0
DA:1194,0
DA:1195,0
DA:1196,0
DA:1197,0
DA:1198,0
DA:1201,0
DA:1202,0
DA:1203,0
DA:1206,0
DA:1207,0
DA:1208,0
DA:1211,0
DA:1212,0
DA:1213,0
DA:1218,0
DA:1219,0
DA:1220,0
DA:1226,0
DA:1227,0
DA:1228,0
DA:1231,0
DA:1232,0
DA:1233,0
DA:1236,0
DA:1237,0
DA:1238,0
DA:1241,0
DA:1242,0
DA:1243,0
DA:1246,0
DA:1247,0
DA:1248,0
DA:1251,0
DA:1252,0
DA:1253,0
DA:1266,0
DA:1272,0
DA:1273,0
DA:1276,0
DA:1277,0
DA:1278,0
DA:1281,0
DA:1288,0
DA:1289,0
DA:1292,0
DA:1298,0
DA:1299,0
DA:1302,0
DA:1308,0
DA:1309,0
DA:1312,0
DA:1318,0
DA:1319,0
DA:1322,0
DA:1323,0
DA:1324,0
DA:1325,0
DA:1327,0
DA:1331,0
DA:1332,0
DA:1333,0
DA:1336,0
DA:1337,0
DA:1338,0
DA:1341,0
DA:1342,0
DA:1343,0
DA:1346,0
DA:1347,0
DA:1348,0
DA:1351,0
DA:1352,0
DA:1353,0
DA:1356,0
DA:1357,0
DA:1358,0
DA:1361,0
DA:1412,0
DA:1413,0
DA:1416,0
DA:1417,0
DA:1418,0
DA:1421,0
DA:1422,0
DA:1423,0
DA:1424,0
DA:1426,0
DA:1429,0
DA:1430,0
DA:1431,0
DA:1434,0
DA:1435,0
DA:1436,0
DA:1439,0
DA:1440,0
DA:1441,0
DA:1444,0
DA:1445,0
DA:1446,0
DA:1449,0
DA:1450,0
DA:1452,0
DA:1460,0
DA:1462,0
DA:1463,0
DA:1464,0
DA:1465,0
DA:1466,0
DA:1474,0
DA:1477,0
DA:1478,0
DA:1479,0
DA:1482,0
DA:1483,0
DA:1484,0
DA:1488,0
DA:1515,0
DA:1540,0
DA:1543,0
DA:1544,0
DA:1545,0
DA:1549,0
DA:1576,0
DA:1601,0
DA:1605,0
DA:1606,0
DA:1607,0
DA:1611,0
DA:1612,0
DA:1613,0
DA:1617,0
DA:1643,0
DA:1667,0
DA:1671,0
DA:1672,0
DA:1673,0
DA:1675,0
DA:1676,0
DA:1678,0
DA:1683,0
DA:1684,0
DA:1685,0
DA:1689,0
DA:1728,0
DA:1729,0
DA:1732,0
DA:1775,0
DA:1776,0
DA:1780,0
DA:1782,0
DA:1783,0
DA:1786,0
DA:1788,0
DA:1789,0
DA:1790,0
DA:1791,0
DA:1796,0
DA:1797,0
DA:1811,0
DA:1815,0
DA:1817,0
DA:1818,0
DA:1819,0
DA:1820,0
DA:1825,0
DA:1826,0
DA:1835,0
DA:1839,0
DA:1840,0
DA:1850,0
DA:1854,0
DA:1856,0
DA:1857,0
DA:1859,0
DA:1865,0
DA:1874,0
DA:1876,0
DA:1877,0
DA:1883,0
DA:1891,0
DA:1893,0
DA:1894,0
DA:1895,0
DA:1901,0
DA:1910,0
DA:1911,0
DA:1914,0
DA:1915,0
DA:1917,0
DA:1921,0
DA:1923,0
DA:1924,0
DA:1926,0
DA:1939,0
DA:1949,0
DA:1950,0
DA:1951,0
DA:1954,0
DA:1960,0
DA:1962,0
DA:1963,0
DA:1968,0
DA:1971,0
DA:1976,0
DA:1978,0
DA:1979,0
DA:1985,0
DA:1993,0
DA:1995,0
DA:1996,0
DA:1997,0
DA:2003,0
DA:2012,0
DA:2013,0
DA:2016,0
DA:2017,0
DA:2019,0
DA:2023,0
DA:2024,0
DA:2025,0
DA:2033,0
DA:2034,0
DA:2035,0
DA:2036,0
DA:2037,0
DA:2041,0
DA:2042,0
DA:2043,0
DA:2044,0
DA:2045,0
DA:2049,0
DA:2050,0
DA:2051,0
DA:2060,0
DA:2061,0
DA:2062,0
DA:2065,0
DA:2074,0
DA:2075,0
DA:2077,0
DA:2078,0
DA:2081,0
DA:2084,0
DA:2090,0
DA:2091,0
DA:2094,0
DA:2097,0
DA:2112,0
DA:2113,0
DA:2114,0
DA:2115,0
DA:2118,0
DA:2119,0
DA:2121,0
DA:2122,0
DA:2123,0
DA:2124,0
DA:2127,0
DA:2128,0
DA:2129,0
DA:2131,0
DA:2134,0
DA:2135,0
DA:2137,0
DA:2138,0
DA:2139,0
DA:2141,0
DA:2142,0
DA:2149,0
DA:2150,0
DA:2151,0
DA:2154,0
DA:2155,0
DA:2159,0
DA:2160,0
DA:2162,0
DA:2167,0
DA:2169,0
DA:2170,0
DA:2183,0
DA:2185,0
DA:2186,0
DA:2188,0
DA:2189,0
DA:2191,0
DA:2192,0
DA:2193,0
DA:2194,0
DA:2197,0
DA:2198,0
DA:2199,0
DA:2200,0
DA:2203,0
DA:2204,0
DA:2205,0
DA:2207,0
DA:2216,0
DA:2217,0
DA:2222,0
DA:2225,0
DA:2230,0
DA:2231,0
DA:2254,0
DA:2278,0
DA:2279,0
DA:2280,0
DA:2282,0
DA:2286,0
DA:2287,0
DA:2288,0
DA:2290,0
DA:2291,0
DA:2293,0
DA:2298,0
DA:2299,0
DA:2301,0
DA:2302,0
DA:2303,0
DA:2317,0
DA:2319,0
DA:2320,0
DA:2337,0
DA:2340,0
DA:2341,0
DA:2343,0
DA:2351,0
DA:2352,0
DA:2353,0
DA:2355,0
DA:2363,0
DA:2381,0
DA:2382,0
DA:2387,0
DA:2396,0
DA:2397,0
DA:2402,0
DA:2403,0
DA:2404,0
DA:2409,0
DA:2410,0
DA:2415,0
DA:2416,0
DA:2417,0
DA:2421,0
DA:2422,0
DA:2427,0
DA:2440,0
DA:2441,0
DA:2446,0
DA:2454,0
DA:2455,0
DA:2460,0
DA:2467,0
DA:2468,0
DA:2473,0
DA:2492,0
DA:2493,0
DA:2498,0
DA:2504,0
DA:2505,0
DA:2509,2
LF:717
LH:3
BRDA:47,0,0,0
BRDA:47,0,1,0
BRDA:57,1,0,0
BRDA:57,1,1,0
BRDA:86,2,0,0
BRDA:86,2,1,0
BRDA:111,3,0,0
BRDA:111,3,1,0
BRDA:131,4,0,0
BRDA:131,4,1,0
BRDA:131,5,0,0
BRDA:131,5,1,0
BRDA:131,5,2,0
BRDA:139,6,0,0
BRDA:139,6,1,0
BRDA:139,6,2,0
BRDA:139,6,3,0
BRDA:152,7,0,0
BRDA:152,7,1,0
BRDA:152,7,2,0
BRDA:152,7,3,0
BRDA:165,8,0,0
BRDA:165,8,1,0
BRDA:165,8,2,0
BRDA:165,8,3,0
BRDA:192,9,0,0
BRDA:192,9,1,0
BRDA:198,10,0,0
BRDA:198,10,1,0
BRDA:202,11,0,0
BRDA:202,11,1,0
BRDA:202,12,0,0
BRDA:202,12,1,0
BRDA:202,12,2,0
BRDA:202,12,3,0
BRDA:202,12,4,0
BRDA:214,13,0,0
BRDA:214,13,1,0
BRDA:337,14,0,0
BRDA:337,14,1,0
BRDA:390,15,0,0
BRDA:390,15,1,0
BRDA:457,16,0,0
BRDA:457,16,1,0
BRDA:639,17,0,0
BRDA:639,17,1,0
BRDA:688,18,0,0
BRDA:688,18,1,0
BRDA:688,19,0,0
BRDA:688,19,1,0
BRDA:748,20,0,0
BRDA:748,20,1,0
BRDA:748,21,0,0
BRDA:748,21,1,0
BRDA:800,22,0,0
BRDA:800,22,1,0
BRDA:813,23,0,0
BRDA:813,23,1,0
BRDA:864,24,0,0
BRDA:864,24,1,0
BRDA:882,25,0,0
BRDA:882,25,1,0
BRDA:889,26,0,0
BRDA:889,26,1,0
BRDA:906,27,0,0
BRDA:906,27,1,0
BRDA:922,28,0,0
BRDA:922,28,1,0
BRDA:945,29,0,0
BRDA:945,29,1,0
BRDA:956,30,0,0
BRDA:956,30,1,0
BRDA:1026,31,0,0
BRDA:1026,31,1,0
BRDA:1042,32,0,0
BRDA:1042,32,1,0
BRDA:1123,33,0,0
BRDA:1123,33,1,0
BRDA:1135,34,0,0
BRDA:1135,34,1,0
BRDA:1324,35,0,0
BRDA:1324,35,1,0
BRDA:1423,36,0,0
BRDA:1423,36,1,0
BRDA:1465,37,0,0
BRDA:1465,37,1,0
BRDA:1519,38,0,0
BRDA:1519,38,1,0
BRDA:1580,39,0,0
BRDA:1580,39,1,0
BRDA:1789,40,0,0
BRDA:1789,40,1,0
BRDA:1796,41,0,0
BRDA:1796,41,1,0
BRDA:1801,42,0,0
BRDA:1801,42,1,0
BRDA:1803,43,0,0
BRDA:1803,43,1,0
BRDA:1804,44,0,0
BRDA:1804,44,1,0
BRDA:1805,45,0,0
BRDA:1805,45,1,0
BRDA:1806,46,0,0
BRDA:1806,46,1,0
BRDA:1818,47,0,0
BRDA:1818,47,1,0
BRDA:1825,48,0,0
BRDA:1825,48,1,0
BRDA:1839,49,0,0
BRDA:1839,49,1,0
BRDA:1893,50,0,0
BRDA:1893,50,1,0
BRDA:1949,51,0,0
BRDA:1949,51,1,0
BRDA:1995,52,0,0
BRDA:1995,52,1,0
BRDA:2074,53,0,0
BRDA:2074,53,1,0
BRDA:2077,54,0,0
BRDA:2077,54,1,0
BRDA:2091,55,0,0
BRDA:2091,55,1,0
BRDA:2091,56,0,0
BRDA:2091,56,1,0
BRDA:2123,57,0,0
BRDA:2123,57,1,0
BRDA:2124,58,0,0
BRDA:2124,58,1,0
BRDA:2128,59,0,0
BRDA:2128,59,1,0
BRDA:2138,60,0,0
BRDA:2138,60,1,0
BRDA:2141,61,0,0
BRDA:2141,61,1,0
BRDA:2149,62,0,0
BRDA:2149,62,1,0
BRDA:2154,63,0,0
BRDA:2154,63,1,0
BRDA:2169,64,0,0
BRDA:2169,64,1,0
BRDA:2185,65,0,0
BRDA:2185,65,1,0
BRDA:2186,66,0,0
BRDA:2186,66,1,0
BRDA:2191,67,0,0
BRDA:2191,67,1,0
BRDA:2197,68,0,0
BRDA:2197,68,1,0
BRDA:2203,69,0,0
BRDA:2203,69,1,0
BRDA:2216,70,0,0
BRDA:2216,70,1,0
BRDA:2230,71,0,0
BRDA:2230,71,1,0
BRDA:2279,72,0,0
BRDA:2279,72,1,0
BRDA:2290,73,0,0
BRDA:2290,73,1,0
BRDA:2301,74,0,0
BRDA:2301,74,1,0
BRDA:2410,75,0,0
BRDA:2410,75,1,0
BRF:162
BRH:0
end_of_record
